2020-10-12 22:42:14,993 - [test_08invest.py-->line:126] - INFO: 用例--借款人登录--执行通过
2020-10-12 22:42:16,613 - [test_08invest.py-->line:126] - INFO: 用例--借款人加标--执行通过
2020-10-12 22:42:18,597 - [test_08invest.py-->line:126] - INFO: 用例--管理员登录--执行通过
2020-10-12 22:42:20,036 - [test_08invest.py-->line:126] - INFO: 用例--审核通过--执行通过
2020-10-12 22:42:21,397 - [test_08invest.py-->line:126] - INFO: 用例--投资人登录--执行通过
2020-10-12 22:42:22,516 - [test_08invest.py-->line:126] - INFO: 用例--投资人充值500000元--执行通过
2020-10-12 22:42:24,635 - [test_08invest.py-->line:126] - INFO: 用例--投资人投资100--执行通过
2020-10-12 22:42:26,199 - [test_08invest.py-->line:126] - INFO: 用例--不输入用户Id--执行通过
2020-10-12 22:42:28,176 - [test_08invest.py-->line:126] - INFO: 用例--不输入标id--执行通过
2020-10-12 22:42:30,510 - [test_08invest.py-->line:118] - ERROR: 用例--不输入投资金额--执行未通过
2020-10-12 22:42:30,511 - [test_08invest.py-->line:119] - ERROR:  :: 余额为空 != 金额为空
Traceback (most recent call last):
  File "X:\软件安装包\pycharm\PyCharm Community Edition 2018.3.5\helpers\pycharm\teamcity\diff_tools.py", line 32, in _patched_equals
    old(self, first, second, msg)
  File "C:\Users\兔子\AppData\Local\Programs\Python\Python37\lib\unittest\case.py", line 839, in assertEqual
    assertion_func(first, second, msg=msg)
  File "C:\Users\兔子\AppData\Local\Programs\Python\Python37\lib\unittest\case.py", line 1220, in assertMultiLineEqual
    self.fail(self._formatMessage(msg, standardMsg))
  File "C:\Users\兔子\AppData\Local\Programs\Python\Python37\lib\unittest\case.py", line 680, in fail
    raise self.failureException(msg)
AssertionError: '余额为空' != '金额为空'
- 余额为空
? ^
+ 金额为空
? ^


During handling of the above exception, another exception occurred:

Traceback (most recent call last):
  File "F:\python37test\20200917APITEST\testcases\test_08invest.py", line 98, in test_invest
    self.assertEqual(res['msg'],expected['msg'])
  File "X:\软件安装包\pycharm\PyCharm Community Edition 2018.3.5\helpers\pycharm\teamcity\diff_tools.py", line 38, in _patched_equals
    raise error
teamcity.diff_tools.EqualsAssertionError:  :: 余额为空 != 金额为空
2020-10-12 22:42:30,532 - [test_08invest.py-->line:120] - DEBUG: 预期结果:{'code': 1, 'msg': '金额为空'}
2020-10-12 22:42:30,534 - [test_08invest.py-->line:121] - DEBUG: 实际结果:{'code': 1, 'msg': '余额为空', 'data': None, 'copyright': 'Copyright 柠檬班 © 2017-2020 湖南省零檬信息技术有限公司 All Rights Reserved'}
2020-10-12 22:42:36,187 - [test_08invest.py-->line:126] - INFO: 用例--投资金额为0--执行通过
2020-10-12 22:42:38,290 - [test_08invest.py-->line:126] - INFO: 用例--投资金额负数--执行通过
2020-10-12 22:42:40,247 - [test_08invest.py-->line:126] - INFO: 用例--投资金额非100整除--执行通过
2020-10-12 22:42:42,354 - [test_08invest.py-->line:126] - INFO: 用例--投资金额大于可投金额--执行通过
2020-10-12 22:44:30,030 - [test_08invest.py-->line:126] - INFO: 用例--借款人登录--执行通过
2020-10-12 22:44:32,098 - [test_08invest.py-->line:126] - INFO: 用例--借款人加标--执行通过
2020-10-12 22:44:33,963 - [test_08invest.py-->line:126] - INFO: 用例--管理员登录--执行通过
2020-10-12 22:44:35,904 - [test_08invest.py-->line:126] - INFO: 用例--审核通过--执行通过
2020-10-12 22:44:37,908 - [test_08invest.py-->line:126] - INFO: 用例--投资人登录--执行通过
2020-10-12 22:44:39,549 - [test_08invest.py-->line:126] - INFO: 用例--投资人充值500000元--执行通过
2020-10-12 22:44:42,068 - [test_08invest.py-->line:126] - INFO: 用例--投资人投资100--执行通过
2020-10-12 22:44:43,781 - [test_08invest.py-->line:126] - INFO: 用例--不输入用户Id--执行通过
2020-10-12 22:44:45,403 - [test_08invest.py-->line:126] - INFO: 用例--不输入标id--执行通过
2020-10-12 22:44:47,046 - [test_08invest.py-->line:118] - ERROR: 用例--不输入投资金额--执行未通过
2020-10-12 22:44:47,047 - [test_08invest.py-->line:119] - ERROR:  :: 余额为空 != 金额为空
Traceback (most recent call last):
  File "X:\软件安装包\pycharm\PyCharm Community Edition 2018.3.5\helpers\pycharm\teamcity\diff_tools.py", line 32, in _patched_equals
    old(self, first, second, msg)
  File "C:\Users\兔子\AppData\Local\Programs\Python\Python37\lib\unittest\case.py", line 839, in assertEqual
    assertion_func(first, second, msg=msg)
  File "C:\Users\兔子\AppData\Local\Programs\Python\Python37\lib\unittest\case.py", line 1220, in assertMultiLineEqual
    self.fail(self._formatMessage(msg, standardMsg))
  File "C:\Users\兔子\AppData\Local\Programs\Python\Python37\lib\unittest\case.py", line 680, in fail
    raise self.failureException(msg)
AssertionError: '余额为空' != '金额为空'
- 余额为空
? ^
+ 金额为空
? ^


During handling of the above exception, another exception occurred:

Traceback (most recent call last):
  File "F:\python37test\20200917APITEST\testcases\test_08invest.py", line 98, in test_invest
    self.assertEqual(res['msg'],expected['msg'])
  File "X:\软件安装包\pycharm\PyCharm Community Edition 2018.3.5\helpers\pycharm\teamcity\diff_tools.py", line 38, in _patched_equals
    raise error
teamcity.diff_tools.EqualsAssertionError:  :: 余额为空 != 金额为空
2020-10-12 22:44:47,068 - [test_08invest.py-->line:120] - DEBUG: 预期结果:{'code': 1, 'msg': '金额为空'}
2020-10-12 22:44:47,069 - [test_08invest.py-->line:121] - DEBUG: 实际结果:{'code': 1, 'msg': '余额为空', 'data': None, 'copyright': 'Copyright 柠檬班 © 2017-2020 湖南省零檬信息技术有限公司 All Rights Reserved'}
2020-10-12 22:44:50,383 - [test_08invest.py-->line:126] - INFO: 用例--投资金额为0--执行通过
2020-10-12 22:44:51,818 - [test_08invest.py-->line:126] - INFO: 用例--投资金额负数--执行通过
2020-10-12 22:44:52,893 - [test_08invest.py-->line:126] - INFO: 用例--投资金额非100整除--执行通过
2020-10-12 22:44:54,178 - [test_08invest.py-->line:126] - INFO: 用例--投资金额大于可投金额--执行通过
2020-10-12 22:44:55,922 - [test_08invest.py-->line:126] - INFO: 用例--满标--执行通过
2020-10-12 23:24:00,575 - [test_10loans.py-->line:45] - ERROR: __测试案例每页索引输入0__测试不通过_
2020-10-12 23:24:00,577 - [test_10loans.py-->line:46] - ERROR:  :: 0 != 2
Traceback (most recent call last):
  File "X:\软件安装包\pycharm\PyCharm Community Edition 2018.3.5\helpers\pycharm\teamcity\diff_tools.py", line 32, in _patched_equals
    old(self, first, second, msg)
  File "C:\Users\兔子\AppData\Local\Programs\Python\Python37\lib\unittest\case.py", line 839, in assertEqual
    assertion_func(first, second, msg=msg)
  File "C:\Users\兔子\AppData\Local\Programs\Python\Python37\lib\unittest\case.py", line 832, in _baseAssertEqual
    raise self.failureException(msg)
AssertionError: 0 != 2

During handling of the above exception, another exception occurred:

Traceback (most recent call last):
  File "F:\python37test\20200917APITEST\testcases\test_10loans.py", line 42, in test_loans
    self.assertEqual(res['code'], expected['code'])
  File "X:\软件安装包\pycharm\PyCharm Community Edition 2018.3.5\helpers\pycharm\teamcity\diff_tools.py", line 38, in _patched_equals
    raise error
teamcity.diff_tools.EqualsAssertionError:  :: 0 != 2
2020-10-12 23:24:01,110 - [test_10loans.py-->line:48] - DEBUG: 实际结果：
2020-10-12 23:24:01,111 - [test_10loans.py-->line:49] - DEBUG: 预期结果：
2020-10-12 23:24:01,872 - [test_10loans.py-->line:45] - ERROR: __测试案例每页索引输入负数__测试不通过_
2020-10-12 23:24:01,873 - [test_10loans.py-->line:46] - ERROR:  :: 0 != 2
Traceback (most recent call last):
  File "X:\软件安装包\pycharm\PyCharm Community Edition 2018.3.5\helpers\pycharm\teamcity\diff_tools.py", line 32, in _patched_equals
    old(self, first, second, msg)
  File "C:\Users\兔子\AppData\Local\Programs\Python\Python37\lib\unittest\case.py", line 839, in assertEqual
    assertion_func(first, second, msg=msg)
  File "C:\Users\兔子\AppData\Local\Programs\Python\Python37\lib\unittest\case.py", line 832, in _baseAssertEqual
    raise self.failureException(msg)
AssertionError: 0 != 2

During handling of the above exception, another exception occurred:

Traceback (most recent call last):
  File "F:\python37test\20200917APITEST\testcases\test_10loans.py", line 42, in test_loans
    self.assertEqual(res['code'], expected['code'])
  File "X:\软件安装包\pycharm\PyCharm Community Edition 2018.3.5\helpers\pycharm\teamcity\diff_tools.py", line 38, in _patched_equals
    raise error
teamcity.diff_tools.EqualsAssertionError:  :: 0 != 2
2020-10-12 23:24:02,424 - [test_10loans.py-->line:48] - DEBUG: 实际结果：
2020-10-12 23:24:02,424 - [test_10loans.py-->line:49] - DEBUG: 预期结果：
2020-10-12 23:24:02,749 - [test_10loans.py-->line:45] - ERROR: __测试案例每页大小输入负数__测试不通过_
2020-10-12 23:24:02,750 - [test_10loans.py-->line:46] - ERROR:  :: 0 != 2
Traceback (most recent call last):
  File "X:\软件安装包\pycharm\PyCharm Community Edition 2018.3.5\helpers\pycharm\teamcity\diff_tools.py", line 32, in _patched_equals
    old(self, first, second, msg)
  File "C:\Users\兔子\AppData\Local\Programs\Python\Python37\lib\unittest\case.py", line 839, in assertEqual
    assertion_func(first, second, msg=msg)
  File "C:\Users\兔子\AppData\Local\Programs\Python\Python37\lib\unittest\case.py", line 832, in _baseAssertEqual
    raise self.failureException(msg)
AssertionError: 0 != 2

During handling of the above exception, another exception occurred:

Traceback (most recent call last):
  File "F:\python37test\20200917APITEST\testcases\test_10loans.py", line 42, in test_loans
    self.assertEqual(res['code'], expected['code'])
  File "X:\软件安装包\pycharm\PyCharm Community Edition 2018.3.5\helpers\pycharm\teamcity\diff_tools.py", line 38, in _patched_equals
    raise error
teamcity.diff_tools.EqualsAssertionError:  :: 0 != 2
2020-10-12 23:24:04,078 - [test_10loans.py-->line:48] - DEBUG: 实际结果：
2020-10-12 23:24:04,079 - [test_10loans.py-->line:49] - DEBUG: 预期结果：
2020-10-12 23:31:37,514 - [test_10loans.py-->line:45] - ERROR: __测试案例每页索引输入0__测试不通过_
2020-10-12 23:31:37,515 - [test_10loans.py-->line:46] - ERROR:  :: 0 != 2
Traceback (most recent call last):
  File "X:\软件安装包\pycharm\PyCharm Community Edition 2018.3.5\helpers\pycharm\teamcity\diff_tools.py", line 32, in _patched_equals
    old(self, first, second, msg)
  File "C:\Users\兔子\AppData\Local\Programs\Python\Python37\lib\unittest\case.py", line 839, in assertEqual
    assertion_func(first, second, msg=msg)
  File "C:\Users\兔子\AppData\Local\Programs\Python\Python37\lib\unittest\case.py", line 832, in _baseAssertEqual
    raise self.failureException(msg)
AssertionError: 0 != 2

During handling of the above exception, another exception occurred:

Traceback (most recent call last):
  File "F:\python37test\20200917APITEST\testcases\test_10loans.py", line 42, in test_loans
    self.assertEqual(res['code'], expected['code'])
  File "X:\软件安装包\pycharm\PyCharm Community Edition 2018.3.5\helpers\pycharm\teamcity\diff_tools.py", line 38, in _patched_equals
    raise error
teamcity.diff_tools.EqualsAssertionError:  :: 0 != 2
2020-10-12 23:31:38,254 - [test_10loans.py-->line:48] - DEBUG: 实际结果：
2020-10-12 23:31:38,254 - [test_10loans.py-->line:49] - DEBUG: 预期结果：
2020-10-12 23:31:39,234 - [test_10loans.py-->line:45] - ERROR: __测试案例每页索引输入负数__测试不通过_
2020-10-12 23:31:39,235 - [test_10loans.py-->line:46] - ERROR:  :: 0 != 2
Traceback (most recent call last):
  File "X:\软件安装包\pycharm\PyCharm Community Edition 2018.3.5\helpers\pycharm\teamcity\diff_tools.py", line 32, in _patched_equals
    old(self, first, second, msg)
  File "C:\Users\兔子\AppData\Local\Programs\Python\Python37\lib\unittest\case.py", line 839, in assertEqual
    assertion_func(first, second, msg=msg)
  File "C:\Users\兔子\AppData\Local\Programs\Python\Python37\lib\unittest\case.py", line 832, in _baseAssertEqual
    raise self.failureException(msg)
AssertionError: 0 != 2

During handling of the above exception, another exception occurred:

Traceback (most recent call last):
  File "F:\python37test\20200917APITEST\testcases\test_10loans.py", line 42, in test_loans
    self.assertEqual(res['code'], expected['code'])
  File "X:\软件安装包\pycharm\PyCharm Community Edition 2018.3.5\helpers\pycharm\teamcity\diff_tools.py", line 38, in _patched_equals
    raise error
teamcity.diff_tools.EqualsAssertionError:  :: 0 != 2
2020-10-12 23:31:40,147 - [test_10loans.py-->line:48] - DEBUG: 实际结果：
2020-10-12 23:31:40,148 - [test_10loans.py-->line:49] - DEBUG: 预期结果：
2020-10-12 23:31:40,512 - [test_10loans.py-->line:45] - ERROR: __测试案例每页索引输入小数__测试不通过_
2020-10-12 23:31:40,513 - [test_10loans.py-->line:46] - ERROR:  :: 1005 != 2
Traceback (most recent call last):
  File "X:\软件安装包\pycharm\PyCharm Community Edition 2018.3.5\helpers\pycharm\teamcity\diff_tools.py", line 32, in _patched_equals
    old(self, first, second, msg)
  File "C:\Users\兔子\AppData\Local\Programs\Python\Python37\lib\unittest\case.py", line 839, in assertEqual
    assertion_func(first, second, msg=msg)
  File "C:\Users\兔子\AppData\Local\Programs\Python\Python37\lib\unittest\case.py", line 832, in _baseAssertEqual
    raise self.failureException(msg)
AssertionError: 1005 != 2

During handling of the above exception, another exception occurred:

Traceback (most recent call last):
  File "F:\python37test\20200917APITEST\testcases\test_10loans.py", line 42, in test_loans
    self.assertEqual(res['code'], expected['code'])
  File "X:\软件安装包\pycharm\PyCharm Community Edition 2018.3.5\helpers\pycharm\teamcity\diff_tools.py", line 38, in _patched_equals
    raise error
teamcity.diff_tools.EqualsAssertionError:  :: 1005 != 2
2020-10-12 23:31:41,402 - [test_10loans.py-->line:48] - DEBUG: 实际结果：
2020-10-12 23:31:41,403 - [test_10loans.py-->line:49] - DEBUG: 预期结果：
2020-10-12 23:33:10,174 - [test_10loans.py-->line:45] - ERROR: __测试案例每页大小输入0__测试不通过_
2020-10-12 23:33:10,175 - [test_10loans.py-->line:46] - ERROR:  :: 0 != 2
Traceback (most recent call last):
  File "X:\软件安装包\pycharm\PyCharm Community Edition 2018.3.5\helpers\pycharm\teamcity\diff_tools.py", line 32, in _patched_equals
    old(self, first, second, msg)
  File "C:\Users\兔子\AppData\Local\Programs\Python\Python37\lib\unittest\case.py", line 839, in assertEqual
    assertion_func(first, second, msg=msg)
  File "C:\Users\兔子\AppData\Local\Programs\Python\Python37\lib\unittest\case.py", line 832, in _baseAssertEqual
    raise self.failureException(msg)
AssertionError: 0 != 2

During handling of the above exception, another exception occurred:

Traceback (most recent call last):
  File "F:\python37test\20200917APITEST\testcases\test_10loans.py", line 42, in test_loans
    self.assertEqual(res['code'], expected['code'])
  File "X:\软件安装包\pycharm\PyCharm Community Edition 2018.3.5\helpers\pycharm\teamcity\diff_tools.py", line 38, in _patched_equals
    raise error
teamcity.diff_tools.EqualsAssertionError:  :: 0 != 2
2020-10-12 23:33:10,983 - [test_10loans.py-->line:48] - DEBUG: 实际结果：
2020-10-12 23:33:10,984 - [test_10loans.py-->line:49] - DEBUG: 预期结果：
2020-10-12 23:33:12,254 - [test_10loans.py-->line:45] - ERROR: __测试案例每页大小输入负数__测试不通过_
2020-10-12 23:33:12,255 - [test_10loans.py-->line:46] - ERROR:  :: 0 != 2
Traceback (most recent call last):
  File "X:\软件安装包\pycharm\PyCharm Community Edition 2018.3.5\helpers\pycharm\teamcity\diff_tools.py", line 32, in _patched_equals
    old(self, first, second, msg)
  File "C:\Users\兔子\AppData\Local\Programs\Python\Python37\lib\unittest\case.py", line 839, in assertEqual
    assertion_func(first, second, msg=msg)
  File "C:\Users\兔子\AppData\Local\Programs\Python\Python37\lib\unittest\case.py", line 832, in _baseAssertEqual
    raise self.failureException(msg)
AssertionError: 0 != 2

During handling of the above exception, another exception occurred:

Traceback (most recent call last):
  File "F:\python37test\20200917APITEST\testcases\test_10loans.py", line 42, in test_loans
    self.assertEqual(res['code'], expected['code'])
  File "X:\软件安装包\pycharm\PyCharm Community Edition 2018.3.5\helpers\pycharm\teamcity\diff_tools.py", line 38, in _patched_equals
    raise error
teamcity.diff_tools.EqualsAssertionError:  :: 0 != 2
2020-10-12 23:33:12,783 - [test_10loans.py-->line:48] - DEBUG: 实际结果：
2020-10-12 23:33:12,784 - [test_10loans.py-->line:49] - DEBUG: 预期结果：
2020-10-12 23:33:13,044 - [test_10loans.py-->line:45] - ERROR: __测试案例每页大小输入小数__测试不通过_
2020-10-12 23:33:13,045 - [test_10loans.py-->line:46] - ERROR:  :: 1005 != 2
Traceback (most recent call last):
  File "X:\软件安装包\pycharm\PyCharm Community Edition 2018.3.5\helpers\pycharm\teamcity\diff_tools.py", line 32, in _patched_equals
    old(self, first, second, msg)
  File "C:\Users\兔子\AppData\Local\Programs\Python\Python37\lib\unittest\case.py", line 839, in assertEqual
    assertion_func(first, second, msg=msg)
  File "C:\Users\兔子\AppData\Local\Programs\Python\Python37\lib\unittest\case.py", line 832, in _baseAssertEqual
    raise self.failureException(msg)
AssertionError: 1005 != 2

During handling of the above exception, another exception occurred:

Traceback (most recent call last):
  File "F:\python37test\20200917APITEST\testcases\test_10loans.py", line 42, in test_loans
    self.assertEqual(res['code'], expected['code'])
  File "X:\软件安装包\pycharm\PyCharm Community Edition 2018.3.5\helpers\pycharm\teamcity\diff_tools.py", line 38, in _patched_equals
    raise error
teamcity.diff_tools.EqualsAssertionError:  :: 1005 != 2
2020-10-12 23:33:13,684 - [test_10loans.py-->line:48] - DEBUG: 实际结果：
2020-10-12 23:33:13,684 - [test_10loans.py-->line:49] - DEBUG: 预期结果：
2020-10-12 23:39:04,308 - [test_10loans.py-->line:45] - ERROR: __测试案例每页索引输入0__测试不通过_
2020-10-12 23:39:04,309 - [test_10loans.py-->line:46] - ERROR:  :: 0 != 2
Traceback (most recent call last):
  File "X:\软件安装包\pycharm\PyCharm Community Edition 2018.3.5\helpers\pycharm\teamcity\diff_tools.py", line 32, in _patched_equals
    old(self, first, second, msg)
  File "C:\Users\兔子\AppData\Local\Programs\Python\Python37\lib\unittest\case.py", line 839, in assertEqual
    assertion_func(first, second, msg=msg)
  File "C:\Users\兔子\AppData\Local\Programs\Python\Python37\lib\unittest\case.py", line 832, in _baseAssertEqual
    raise self.failureException(msg)
AssertionError: 0 != 2

During handling of the above exception, another exception occurred:

Traceback (most recent call last):
  File "F:\python37test\20200917APITEST\testcases\test_10loans.py", line 42, in test_loans
    self.assertEqual(res['code'], expected['code'])
  File "X:\软件安装包\pycharm\PyCharm Community Edition 2018.3.5\helpers\pycharm\teamcity\diff_tools.py", line 38, in _patched_equals
    raise error
teamcity.diff_tools.EqualsAssertionError:  :: 0 != 2
2020-10-12 23:39:05,171 - [test_10loans.py-->line:48] - DEBUG: 实际结果：
2020-10-12 23:39:05,172 - [test_10loans.py-->line:49] - DEBUG: 预期结果：
2020-10-12 23:39:06,073 - [test_10loans.py-->line:45] - ERROR: __测试案例每页索引输入负数__测试不通过_
2020-10-12 23:39:06,075 - [test_10loans.py-->line:46] - ERROR:  :: 0 != 2
Traceback (most recent call last):
  File "X:\软件安装包\pycharm\PyCharm Community Edition 2018.3.5\helpers\pycharm\teamcity\diff_tools.py", line 32, in _patched_equals
    old(self, first, second, msg)
  File "C:\Users\兔子\AppData\Local\Programs\Python\Python37\lib\unittest\case.py", line 839, in assertEqual
    assertion_func(first, second, msg=msg)
  File "C:\Users\兔子\AppData\Local\Programs\Python\Python37\lib\unittest\case.py", line 832, in _baseAssertEqual
    raise self.failureException(msg)
AssertionError: 0 != 2

During handling of the above exception, another exception occurred:

Traceback (most recent call last):
  File "F:\python37test\20200917APITEST\testcases\test_10loans.py", line 42, in test_loans
    self.assertEqual(res['code'], expected['code'])
  File "X:\软件安装包\pycharm\PyCharm Community Edition 2018.3.5\helpers\pycharm\teamcity\diff_tools.py", line 38, in _patched_equals
    raise error
teamcity.diff_tools.EqualsAssertionError:  :: 0 != 2
2020-10-12 23:39:06,810 - [test_10loans.py-->line:48] - DEBUG: 实际结果：
2020-10-12 23:39:06,811 - [test_10loans.py-->line:49] - DEBUG: 预期结果：
2020-10-12 23:40:45,452 - [test_10loans.py-->line:45] - ERROR: __测试案例每页大小输入负数__测试不通过_
2020-10-12 23:40:45,453 - [test_10loans.py-->line:46] - ERROR:  :: 0 != 2
Traceback (most recent call last):
  File "X:\软件安装包\pycharm\PyCharm Community Edition 2018.3.5\helpers\pycharm\teamcity\diff_tools.py", line 32, in _patched_equals
    old(self, first, second, msg)
  File "C:\Users\兔子\AppData\Local\Programs\Python\Python37\lib\unittest\case.py", line 839, in assertEqual
    assertion_func(first, second, msg=msg)
  File "C:\Users\兔子\AppData\Local\Programs\Python\Python37\lib\unittest\case.py", line 832, in _baseAssertEqual
    raise self.failureException(msg)
AssertionError: 0 != 2

During handling of the above exception, another exception occurred:

Traceback (most recent call last):
  File "F:\python37test\20200917APITEST\testcases\test_10loans.py", line 42, in test_loans
    self.assertEqual(res['code'], expected['code'])
  File "X:\软件安装包\pycharm\PyCharm Community Edition 2018.3.5\helpers\pycharm\teamcity\diff_tools.py", line 38, in _patched_equals
    raise error
teamcity.diff_tools.EqualsAssertionError:  :: 0 != 2
2020-10-12 23:40:46,628 - [test_10loans.py-->line:48] - DEBUG: 实际结果：
2020-10-12 23:40:46,629 - [test_10loans.py-->line:49] - DEBUG: 预期结果：
2020-10-12 23:45:13,603 - [test_10loans.py-->line:45] - ERROR: __测试案例每页索引输入0__测试不通过_
2020-10-12 23:45:13,604 - [test_10loans.py-->line:46] - ERROR:  :: 0 != 2
Traceback (most recent call last):
  File "X:\软件安装包\pycharm\PyCharm Community Edition 2018.3.5\helpers\pycharm\teamcity\diff_tools.py", line 32, in _patched_equals
    old(self, first, second, msg)
  File "C:\Users\兔子\AppData\Local\Programs\Python\Python37\lib\unittest\case.py", line 839, in assertEqual
    assertion_func(first, second, msg=msg)
  File "C:\Users\兔子\AppData\Local\Programs\Python\Python37\lib\unittest\case.py", line 832, in _baseAssertEqual
    raise self.failureException(msg)
AssertionError: 0 != 2

During handling of the above exception, another exception occurred:

Traceback (most recent call last):
  File "F:\python37test\20200917APITEST\testcases\test_10loans.py", line 42, in test_loans
    self.assertEqual(res['code'], expected['code'])
  File "X:\软件安装包\pycharm\PyCharm Community Edition 2018.3.5\helpers\pycharm\teamcity\diff_tools.py", line 38, in _patched_equals
    raise error
teamcity.diff_tools.EqualsAssertionError:  :: 0 != 2
2020-10-12 23:45:14,406 - [test_10loans.py-->line:48] - DEBUG: 实际结果：
2020-10-12 23:45:14,407 - [test_10loans.py-->line:49] - DEBUG: 预期结果：
2020-10-12 23:45:15,550 - [test_10loans.py-->line:45] - ERROR: __测试案例每页索引输入负数__测试不通过_
2020-10-12 23:45:15,551 - [test_10loans.py-->line:46] - ERROR:  :: 0 != 2
Traceback (most recent call last):
  File "X:\软件安装包\pycharm\PyCharm Community Edition 2018.3.5\helpers\pycharm\teamcity\diff_tools.py", line 32, in _patched_equals
    old(self, first, second, msg)
  File "C:\Users\兔子\AppData\Local\Programs\Python\Python37\lib\unittest\case.py", line 839, in assertEqual
    assertion_func(first, second, msg=msg)
  File "C:\Users\兔子\AppData\Local\Programs\Python\Python37\lib\unittest\case.py", line 832, in _baseAssertEqual
    raise self.failureException(msg)
AssertionError: 0 != 2

During handling of the above exception, another exception occurred:

Traceback (most recent call last):
  File "F:\python37test\20200917APITEST\testcases\test_10loans.py", line 42, in test_loans
    self.assertEqual(res['code'], expected['code'])
  File "X:\软件安装包\pycharm\PyCharm Community Edition 2018.3.5\helpers\pycharm\teamcity\diff_tools.py", line 38, in _patched_equals
    raise error
teamcity.diff_tools.EqualsAssertionError:  :: 0 != 2
2020-10-12 23:45:16,243 - [test_10loans.py-->line:48] - DEBUG: 实际结果：
2020-10-12 23:45:16,244 - [test_10loans.py-->line:49] - DEBUG: 预期结果：
2020-10-12 23:45:16,615 - [test_10loans.py-->line:45] - ERROR: __测试案例每页大小输入负数__测试不通过_
2020-10-12 23:45:16,616 - [test_10loans.py-->line:46] - ERROR:  :: 0 != 2
Traceback (most recent call last):
  File "X:\软件安装包\pycharm\PyCharm Community Edition 2018.3.5\helpers\pycharm\teamcity\diff_tools.py", line 32, in _patched_equals
    old(self, first, second, msg)
  File "C:\Users\兔子\AppData\Local\Programs\Python\Python37\lib\unittest\case.py", line 839, in assertEqual
    assertion_func(first, second, msg=msg)
  File "C:\Users\兔子\AppData\Local\Programs\Python\Python37\lib\unittest\case.py", line 832, in _baseAssertEqual
    raise self.failureException(msg)
AssertionError: 0 != 2

During handling of the above exception, another exception occurred:

Traceback (most recent call last):
  File "F:\python37test\20200917APITEST\testcases\test_10loans.py", line 42, in test_loans
    self.assertEqual(res['code'], expected['code'])
  File "X:\软件安装包\pycharm\PyCharm Community Edition 2018.3.5\helpers\pycharm\teamcity\diff_tools.py", line 38, in _patched_equals
    raise error
teamcity.diff_tools.EqualsAssertionError:  :: 0 != 2
2020-10-12 23:45:17,730 - [test_10loans.py-->line:48] - DEBUG: 实际结果：
2020-10-12 23:45:17,730 - [test_10loans.py-->line:49] - DEBUG: 预期结果：
2020-10-12 23:48:19,794 - [test_10loans.py-->line:45] - ERROR: __测试案例每页索引输入0__测试不通过_
2020-10-12 23:48:19,795 - [test_10loans.py-->line:46] - ERROR:  :: 0 != 2
Traceback (most recent call last):
  File "X:\软件安装包\pycharm\PyCharm Community Edition 2018.3.5\helpers\pycharm\teamcity\diff_tools.py", line 32, in _patched_equals
    old(self, first, second, msg)
  File "C:\Users\兔子\AppData\Local\Programs\Python\Python37\lib\unittest\case.py", line 839, in assertEqual
    assertion_func(first, second, msg=msg)
  File "C:\Users\兔子\AppData\Local\Programs\Python\Python37\lib\unittest\case.py", line 832, in _baseAssertEqual
    raise self.failureException(msg)
AssertionError: 0 != 2

During handling of the above exception, another exception occurred:

Traceback (most recent call last):
  File "F:\python37test\20200917APITEST\testcases\test_10loans.py", line 42, in test_loans
    self.assertEqual(res['code'], expected['code'])
  File "X:\软件安装包\pycharm\PyCharm Community Edition 2018.3.5\helpers\pycharm\teamcity\diff_tools.py", line 38, in _patched_equals
    raise error
teamcity.diff_tools.EqualsAssertionError:  :: 0 != 2
2020-10-12 23:48:20,593 - [test_10loans.py-->line:48] - DEBUG: 实际结果：
2020-10-12 23:48:20,594 - [test_10loans.py-->line:49] - DEBUG: 预期结果：
2020-10-12 23:48:21,802 - [test_10loans.py-->line:45] - ERROR: __测试案例每页索引输入负数__测试不通过_
2020-10-12 23:48:21,803 - [test_10loans.py-->line:46] - ERROR:  :: 0 != 2
Traceback (most recent call last):
  File "X:\软件安装包\pycharm\PyCharm Community Edition 2018.3.5\helpers\pycharm\teamcity\diff_tools.py", line 32, in _patched_equals
    old(self, first, second, msg)
  File "C:\Users\兔子\AppData\Local\Programs\Python\Python37\lib\unittest\case.py", line 839, in assertEqual
    assertion_func(first, second, msg=msg)
  File "C:\Users\兔子\AppData\Local\Programs\Python\Python37\lib\unittest\case.py", line 832, in _baseAssertEqual
    raise self.failureException(msg)
AssertionError: 0 != 2

During handling of the above exception, another exception occurred:

Traceback (most recent call last):
  File "F:\python37test\20200917APITEST\testcases\test_10loans.py", line 42, in test_loans
    self.assertEqual(res['code'], expected['code'])
  File "X:\软件安装包\pycharm\PyCharm Community Edition 2018.3.5\helpers\pycharm\teamcity\diff_tools.py", line 38, in _patched_equals
    raise error
teamcity.diff_tools.EqualsAssertionError:  :: 0 != 2
2020-10-12 23:48:22,702 - [test_10loans.py-->line:48] - DEBUG: 实际结果：
2020-10-12 23:48:22,704 - [test_10loans.py-->line:49] - DEBUG: 预期结果：
2020-10-12 23:48:23,152 - [test_10loans.py-->line:45] - ERROR: __测试案例每页大小输入负数__测试不通过_
2020-10-12 23:48:23,153 - [test_10loans.py-->line:46] - ERROR:  :: 0 != 2
Traceback (most recent call last):
  File "X:\软件安装包\pycharm\PyCharm Community Edition 2018.3.5\helpers\pycharm\teamcity\diff_tools.py", line 32, in _patched_equals
    old(self, first, second, msg)
  File "C:\Users\兔子\AppData\Local\Programs\Python\Python37\lib\unittest\case.py", line 839, in assertEqual
    assertion_func(first, second, msg=msg)
  File "C:\Users\兔子\AppData\Local\Programs\Python\Python37\lib\unittest\case.py", line 832, in _baseAssertEqual
    raise self.failureException(msg)
AssertionError: 0 != 2

During handling of the above exception, another exception occurred:

Traceback (most recent call last):
  File "F:\python37test\20200917APITEST\testcases\test_10loans.py", line 42, in test_loans
    self.assertEqual(res['code'], expected['code'])
  File "X:\软件安装包\pycharm\PyCharm Community Edition 2018.3.5\helpers\pycharm\teamcity\diff_tools.py", line 38, in _patched_equals
    raise error
teamcity.diff_tools.EqualsAssertionError:  :: 0 != 2
2020-10-12 23:48:24,213 - [test_10loans.py-->line:48] - DEBUG: 实际结果：
2020-10-12 23:48:24,214 - [test_10loans.py-->line:49] - DEBUG: 预期结果：
2020-10-12 23:58:13,043 - [test_10loans.py-->line:47] - ERROR: __测试案例每页索引输入0__测试不通过_
2020-10-12 23:58:13,044 - [test_10loans.py-->line:48] - ERROR:  :: 0 != 2
Traceback (most recent call last):
  File "X:\软件安装包\pycharm\PyCharm Community Edition 2018.3.5\helpers\pycharm\teamcity\diff_tools.py", line 32, in _patched_equals
    old(self, first, second, msg)
  File "C:\Users\兔子\AppData\Local\Programs\Python\Python37\lib\unittest\case.py", line 839, in assertEqual
    assertion_func(first, second, msg=msg)
  File "C:\Users\兔子\AppData\Local\Programs\Python\Python37\lib\unittest\case.py", line 832, in _baseAssertEqual
    raise self.failureException(msg)
AssertionError: 0 != 2

During handling of the above exception, another exception occurred:

Traceback (most recent call last):
  File "F:\python37test\20200917APITEST\testcases\test_10loans.py", line 42, in test_loans
    self.assertEqual(res['code'], expected['code'])
  File "X:\软件安装包\pycharm\PyCharm Community Edition 2018.3.5\helpers\pycharm\teamcity\diff_tools.py", line 38, in _patched_equals
    raise error
teamcity.diff_tools.EqualsAssertionError:  :: 0 != 2
2020-10-12 23:58:14,399 - [test_10loans.py-->line:50] - DEBUG: 实际结果：
2020-10-12 23:58:14,400 - [test_10loans.py-->line:51] - DEBUG: 预期结果：
2020-10-12 23:58:15,085 - [test_10loans.py-->line:47] - ERROR: __测试案例每页索引输入负数__测试不通过_
2020-10-12 23:58:15,086 - [test_10loans.py-->line:48] - ERROR:  :: 0 != 2
Traceback (most recent call last):
  File "X:\软件安装包\pycharm\PyCharm Community Edition 2018.3.5\helpers\pycharm\teamcity\diff_tools.py", line 32, in _patched_equals
    old(self, first, second, msg)
  File "C:\Users\兔子\AppData\Local\Programs\Python\Python37\lib\unittest\case.py", line 839, in assertEqual
    assertion_func(first, second, msg=msg)
  File "C:\Users\兔子\AppData\Local\Programs\Python\Python37\lib\unittest\case.py", line 832, in _baseAssertEqual
    raise self.failureException(msg)
AssertionError: 0 != 2

During handling of the above exception, another exception occurred:

Traceback (most recent call last):
  File "F:\python37test\20200917APITEST\testcases\test_10loans.py", line 42, in test_loans
    self.assertEqual(res['code'], expected['code'])
  File "X:\软件安装包\pycharm\PyCharm Community Edition 2018.3.5\helpers\pycharm\teamcity\diff_tools.py", line 38, in _patched_equals
    raise error
teamcity.diff_tools.EqualsAssertionError:  :: 0 != 2
2020-10-12 23:58:17,181 - [test_10loans.py-->line:50] - DEBUG: 实际结果：
2020-10-12 23:58:17,182 - [test_10loans.py-->line:51] - DEBUG: 预期结果：
2020-10-12 23:58:17,773 - [test_10loans.py-->line:47] - ERROR: __测试案例每页大小输入负数__测试不通过_
2020-10-12 23:58:17,774 - [test_10loans.py-->line:48] - ERROR:  :: 0 != 2
Traceback (most recent call last):
  File "X:\软件安装包\pycharm\PyCharm Community Edition 2018.3.5\helpers\pycharm\teamcity\diff_tools.py", line 32, in _patched_equals
    old(self, first, second, msg)
  File "C:\Users\兔子\AppData\Local\Programs\Python\Python37\lib\unittest\case.py", line 839, in assertEqual
    assertion_func(first, second, msg=msg)
  File "C:\Users\兔子\AppData\Local\Programs\Python\Python37\lib\unittest\case.py", line 832, in _baseAssertEqual
    raise self.failureException(msg)
AssertionError: 0 != 2

During handling of the above exception, another exception occurred:

Traceback (most recent call last):
  File "F:\python37test\20200917APITEST\testcases\test_10loans.py", line 42, in test_loans
    self.assertEqual(res['code'], expected['code'])
  File "X:\软件安装包\pycharm\PyCharm Community Edition 2018.3.5\helpers\pycharm\teamcity\diff_tools.py", line 38, in _patched_equals
    raise error
teamcity.diff_tools.EqualsAssertionError:  :: 0 != 2
2020-10-12 23:58:19,200 - [test_10loans.py-->line:50] - DEBUG: 实际结果：
2020-10-12 23:58:19,200 - [test_10loans.py-->line:51] - DEBUG: 预期结果：
2020-10-12 23:59:36,086 - [test_10loans.py-->line:47] - ERROR: __测试案例参数为空__测试不通过_
2020-10-12 23:59:36,087 - [test_10loans.py-->line:48] - ERROR:  :: 4 != 3
Traceback (most recent call last):
  File "X:\软件安装包\pycharm\PyCharm Community Edition 2018.3.5\helpers\pycharm\teamcity\diff_tools.py", line 32, in _patched_equals
    old(self, first, second, msg)
  File "C:\Users\兔子\AppData\Local\Programs\Python\Python37\lib\unittest\case.py", line 839, in assertEqual
    assertion_func(first, second, msg=msg)
  File "C:\Users\兔子\AppData\Local\Programs\Python\Python37\lib\unittest\case.py", line 832, in _baseAssertEqual
    raise self.failureException(msg)
AssertionError: 4 != 3

During handling of the above exception, another exception occurred:

Traceback (most recent call last):
  File "F:\python37test\20200917APITEST\testcases\test_10loans.py", line 45, in test_loans
    self.assertEqual(len(res),len(expected))
  File "X:\软件安装包\pycharm\PyCharm Community Edition 2018.3.5\helpers\pycharm\teamcity\diff_tools.py", line 38, in _patched_equals
    raise error
teamcity.diff_tools.EqualsAssertionError:  :: 4 != 3
2020-10-12 23:59:37,617 - [test_10loans.py-->line:50] - DEBUG: 实际结果：
2020-10-12 23:59:37,617 - [test_10loans.py-->line:51] - DEBUG: 预期结果：
2020-10-12 23:59:39,272 - [test_10loans.py-->line:47] - ERROR: __测试案例输入所有参数__测试不通过_
2020-10-12 23:59:39,273 - [test_10loans.py-->line:48] - ERROR:  :: 4 != 3
Traceback (most recent call last):
  File "X:\软件安装包\pycharm\PyCharm Community Edition 2018.3.5\helpers\pycharm\teamcity\diff_tools.py", line 32, in _patched_equals
    old(self, first, second, msg)
  File "C:\Users\兔子\AppData\Local\Programs\Python\Python37\lib\unittest\case.py", line 839, in assertEqual
    assertion_func(first, second, msg=msg)
  File "C:\Users\兔子\AppData\Local\Programs\Python\Python37\lib\unittest\case.py", line 832, in _baseAssertEqual
    raise self.failureException(msg)
AssertionError: 4 != 3

During handling of the above exception, another exception occurred:

Traceback (most recent call last):
  File "F:\python37test\20200917APITEST\testcases\test_10loans.py", line 45, in test_loans
    self.assertEqual(len(res),len(expected))
  File "X:\软件安装包\pycharm\PyCharm Community Edition 2018.3.5\helpers\pycharm\teamcity\diff_tools.py", line 38, in _patched_equals
    raise error
teamcity.diff_tools.EqualsAssertionError:  :: 4 != 3
2020-10-12 23:59:40,637 - [test_10loans.py-->line:50] - DEBUG: 实际结果：
2020-10-12 23:59:40,638 - [test_10loans.py-->line:51] - DEBUG: 预期结果：
2020-10-12 23:59:41,430 - [test_10loans.py-->line:47] - ERROR: __测试案例输入每页索引__测试不通过_
2020-10-12 23:59:41,431 - [test_10loans.py-->line:48] - ERROR:  :: 4 != 3
Traceback (most recent call last):
  File "X:\软件安装包\pycharm\PyCharm Community Edition 2018.3.5\helpers\pycharm\teamcity\diff_tools.py", line 32, in _patched_equals
    old(self, first, second, msg)
  File "C:\Users\兔子\AppData\Local\Programs\Python\Python37\lib\unittest\case.py", line 839, in assertEqual
    assertion_func(first, second, msg=msg)
  File "C:\Users\兔子\AppData\Local\Programs\Python\Python37\lib\unittest\case.py", line 832, in _baseAssertEqual
    raise self.failureException(msg)
AssertionError: 4 != 3

During handling of the above exception, another exception occurred:

Traceback (most recent call last):
  File "F:\python37test\20200917APITEST\testcases\test_10loans.py", line 45, in test_loans
    self.assertEqual(len(res),len(expected))
  File "X:\软件安装包\pycharm\PyCharm Community Edition 2018.3.5\helpers\pycharm\teamcity\diff_tools.py", line 38, in _patched_equals
    raise error
teamcity.diff_tools.EqualsAssertionError:  :: 4 != 3
2020-10-12 23:59:42,772 - [test_10loans.py-->line:50] - DEBUG: 实际结果：
2020-10-12 23:59:42,785 - [test_10loans.py-->line:51] - DEBUG: 预期结果：
2020-10-12 23:59:43,720 - [test_10loans.py-->line:47] - ERROR: __测试案例输入每页大小__测试不通过_
2020-10-12 23:59:43,721 - [test_10loans.py-->line:48] - ERROR:  :: 4 != 3
Traceback (most recent call last):
  File "X:\软件安装包\pycharm\PyCharm Community Edition 2018.3.5\helpers\pycharm\teamcity\diff_tools.py", line 32, in _patched_equals
    old(self, first, second, msg)
  File "C:\Users\兔子\AppData\Local\Programs\Python\Python37\lib\unittest\case.py", line 839, in assertEqual
    assertion_func(first, second, msg=msg)
  File "C:\Users\兔子\AppData\Local\Programs\Python\Python37\lib\unittest\case.py", line 832, in _baseAssertEqual
    raise self.failureException(msg)
AssertionError: 4 != 3

During handling of the above exception, another exception occurred:

Traceback (most recent call last):
  File "F:\python37test\20200917APITEST\testcases\test_10loans.py", line 45, in test_loans
    self.assertEqual(len(res),len(expected))
  File "X:\软件安装包\pycharm\PyCharm Community Edition 2018.3.5\helpers\pycharm\teamcity\diff_tools.py", line 38, in _patched_equals
    raise error
teamcity.diff_tools.EqualsAssertionError:  :: 4 != 3
2020-10-12 23:59:45,133 - [test_10loans.py-->line:50] - DEBUG: 实际结果：
2020-10-12 23:59:45,133 - [test_10loans.py-->line:51] - DEBUG: 预期结果：
2020-10-12 23:59:45,718 - [test_10loans.py-->line:47] - ERROR: __测试案例每页索引输入0__测试不通过_
2020-10-12 23:59:45,719 - [test_10loans.py-->line:48] - ERROR:  :: 0 != 2
Traceback (most recent call last):
  File "X:\软件安装包\pycharm\PyCharm Community Edition 2018.3.5\helpers\pycharm\teamcity\diff_tools.py", line 32, in _patched_equals
    old(self, first, second, msg)
  File "C:\Users\兔子\AppData\Local\Programs\Python\Python37\lib\unittest\case.py", line 839, in assertEqual
    assertion_func(first, second, msg=msg)
  File "C:\Users\兔子\AppData\Local\Programs\Python\Python37\lib\unittest\case.py", line 832, in _baseAssertEqual
    raise self.failureException(msg)
AssertionError: 0 != 2

During handling of the above exception, another exception occurred:

Traceback (most recent call last):
  File "F:\python37test\20200917APITEST\testcases\test_10loans.py", line 42, in test_loans
    self.assertEqual(res['code'], expected['code'])
  File "X:\软件安装包\pycharm\PyCharm Community Edition 2018.3.5\helpers\pycharm\teamcity\diff_tools.py", line 38, in _patched_equals
    raise error
teamcity.diff_tools.EqualsAssertionError:  :: 0 != 2
2020-10-12 23:59:46,977 - [test_10loans.py-->line:50] - DEBUG: 实际结果：
2020-10-12 23:59:46,979 - [test_10loans.py-->line:51] - DEBUG: 预期结果：
2020-10-12 23:59:47,822 - [test_10loans.py-->line:47] - ERROR: __测试案例每页索引输入负数__测试不通过_
2020-10-12 23:59:47,823 - [test_10loans.py-->line:48] - ERROR:  :: 0 != 2
Traceback (most recent call last):
  File "X:\软件安装包\pycharm\PyCharm Community Edition 2018.3.5\helpers\pycharm\teamcity\diff_tools.py", line 32, in _patched_equals
    old(self, first, second, msg)
  File "C:\Users\兔子\AppData\Local\Programs\Python\Python37\lib\unittest\case.py", line 839, in assertEqual
    assertion_func(first, second, msg=msg)
  File "C:\Users\兔子\AppData\Local\Programs\Python\Python37\lib\unittest\case.py", line 832, in _baseAssertEqual
    raise self.failureException(msg)
AssertionError: 0 != 2

During handling of the above exception, another exception occurred:

Traceback (most recent call last):
  File "F:\python37test\20200917APITEST\testcases\test_10loans.py", line 42, in test_loans
    self.assertEqual(res['code'], expected['code'])
  File "X:\软件安装包\pycharm\PyCharm Community Edition 2018.3.5\helpers\pycharm\teamcity\diff_tools.py", line 38, in _patched_equals
    raise error
teamcity.diff_tools.EqualsAssertionError:  :: 0 != 2
2020-10-12 23:59:49,376 - [test_10loans.py-->line:50] - DEBUG: 实际结果：
2020-10-12 23:59:49,377 - [test_10loans.py-->line:51] - DEBUG: 预期结果：
2020-10-12 23:59:50,036 - [test_10loans.py-->line:47] - ERROR: __测试案例每页大小输入负数__测试不通过_
2020-10-12 23:59:50,037 - [test_10loans.py-->line:48] - ERROR:  :: 0 != 2
Traceback (most recent call last):
  File "X:\软件安装包\pycharm\PyCharm Community Edition 2018.3.5\helpers\pycharm\teamcity\diff_tools.py", line 32, in _patched_equals
    old(self, first, second, msg)
  File "C:\Users\兔子\AppData\Local\Programs\Python\Python37\lib\unittest\case.py", line 839, in assertEqual
    assertion_func(first, second, msg=msg)
  File "C:\Users\兔子\AppData\Local\Programs\Python\Python37\lib\unittest\case.py", line 832, in _baseAssertEqual
    raise self.failureException(msg)
AssertionError: 0 != 2

During handling of the above exception, another exception occurred:

Traceback (most recent call last):
  File "F:\python37test\20200917APITEST\testcases\test_10loans.py", line 42, in test_loans
    self.assertEqual(res['code'], expected['code'])
  File "X:\软件安装包\pycharm\PyCharm Community Edition 2018.3.5\helpers\pycharm\teamcity\diff_tools.py", line 38, in _patched_equals
    raise error
teamcity.diff_tools.EqualsAssertionError:  :: 0 != 2
2020-10-12 23:59:51,293 - [test_10loans.py-->line:50] - DEBUG: 实际结果：
2020-10-12 23:59:51,294 - [test_10loans.py-->line:51] - DEBUG: 预期结果：
2020-10-13 00:07:30,367 - [test_10loans.py-->line:47] - ERROR: __测试案例每页索引输入0__测试不通过_
2020-10-13 00:07:30,369 - [test_10loans.py-->line:48] - ERROR:  :: 0 != 2
Traceback (most recent call last):
  File "X:\软件安装包\pycharm\PyCharm Community Edition 2018.3.5\helpers\pycharm\teamcity\diff_tools.py", line 32, in _patched_equals
    old(self, first, second, msg)
  File "C:\Users\兔子\AppData\Local\Programs\Python\Python37\lib\unittest\case.py", line 839, in assertEqual
    assertion_func(first, second, msg=msg)
  File "C:\Users\兔子\AppData\Local\Programs\Python\Python37\lib\unittest\case.py", line 832, in _baseAssertEqual
    raise self.failureException(msg)
AssertionError: 0 != 2

During handling of the above exception, another exception occurred:

Traceback (most recent call last):
  File "F:\python37test\20200917APITEST\testcases\test_10loans.py", line 42, in test_loans
    self.assertEqual(res['code'], expected['code'])
  File "X:\软件安装包\pycharm\PyCharm Community Edition 2018.3.5\helpers\pycharm\teamcity\diff_tools.py", line 38, in _patched_equals
    raise error
teamcity.diff_tools.EqualsAssertionError:  :: 0 != 2
2020-10-13 00:07:31,380 - [test_10loans.py-->line:50] - DEBUG: 实际结果：
2020-10-13 00:07:31,381 - [test_10loans.py-->line:51] - DEBUG: 预期结果：
2020-10-13 00:07:31,840 - [test_10loans.py-->line:47] - ERROR: __测试案例每页索引输入负数__测试不通过_
2020-10-13 00:07:31,841 - [test_10loans.py-->line:48] - ERROR:  :: 0 != 2
Traceback (most recent call last):
  File "X:\软件安装包\pycharm\PyCharm Community Edition 2018.3.5\helpers\pycharm\teamcity\diff_tools.py", line 32, in _patched_equals
    old(self, first, second, msg)
  File "C:\Users\兔子\AppData\Local\Programs\Python\Python37\lib\unittest\case.py", line 839, in assertEqual
    assertion_func(first, second, msg=msg)
  File "C:\Users\兔子\AppData\Local\Programs\Python\Python37\lib\unittest\case.py", line 832, in _baseAssertEqual
    raise self.failureException(msg)
AssertionError: 0 != 2

During handling of the above exception, another exception occurred:

Traceback (most recent call last):
  File "F:\python37test\20200917APITEST\testcases\test_10loans.py", line 42, in test_loans
    self.assertEqual(res['code'], expected['code'])
  File "X:\软件安装包\pycharm\PyCharm Community Edition 2018.3.5\helpers\pycharm\teamcity\diff_tools.py", line 38, in _patched_equals
    raise error
teamcity.diff_tools.EqualsAssertionError:  :: 0 != 2
2020-10-13 00:07:32,928 - [test_10loans.py-->line:50] - DEBUG: 实际结果：
2020-10-13 00:07:32,929 - [test_10loans.py-->line:51] - DEBUG: 预期结果：
2020-10-13 00:07:33,333 - [test_10loans.py-->line:47] - ERROR: __测试案例每页索引输入小数__测试不通过_
2020-10-13 00:07:33,347 - [test_10loans.py-->line:48] - ERROR:  :: Failed to convert value of type 'java.lang.String' to required type 'java.lang.Integer'; nested exception is java.lang.NumberFormatException: For input string: "1.1" != Failed to convert value of type 'java.lang.String' to required type 'java.lang.Integer'; nested exception is java.lang.NumberFormatException: For input string: '1.1'
Traceback (most recent call last):
  File "X:\软件安装包\pycharm\PyCharm Community Edition 2018.3.5\helpers\pycharm\teamcity\diff_tools.py", line 32, in _patched_equals
    old(self, first, second, msg)
  File "C:\Users\兔子\AppData\Local\Programs\Python\Python37\lib\unittest\case.py", line 839, in assertEqual
    assertion_func(first, second, msg=msg)
  File "C:\Users\兔子\AppData\Local\Programs\Python\Python37\lib\unittest\case.py", line 1220, in assertMultiLineEqual
    self.fail(self._formatMessage(msg, standardMsg))
  File "C:\Users\兔子\AppData\Local\Programs\Python\Python37\lib\unittest\case.py", line 680, in fail
    raise self.failureException(msg)
AssertionError: 'Failed to convert value of type \'java.l[125 chars]1.1"' != "Failed to convert value of type 'java.la[121 chars]1.1'"
Diff is 673 characters long. Set self.maxDiff to None to see it.

During handling of the above exception, another exception occurred:

Traceback (most recent call last):
  File "F:\python37test\20200917APITEST\testcases\test_10loans.py", line 43, in test_loans
    self.assertEqual(res['msg'], expected['msg'])
  File "X:\软件安装包\pycharm\PyCharm Community Edition 2018.3.5\helpers\pycharm\teamcity\diff_tools.py", line 38, in _patched_equals
    raise error
teamcity.diff_tools.EqualsAssertionError:  :: Failed to convert value of type 'java.lang.String' to required type 'java.lang.Integer'; nested exception is java.lang.NumberFormatException: For input string: "1.1" != Failed to convert value of type 'java.lang.String' to required type 'java.lang.Integer'; nested exception is java.lang.NumberFormatException: For input string: '1.1'
2020-10-13 00:07:34,290 - [test_10loans.py-->line:50] - DEBUG: 实际结果：
2020-10-13 00:07:34,290 - [test_10loans.py-->line:51] - DEBUG: 预期结果：
2020-10-13 00:08:55,656 - [test_10loans.py-->line:47] - ERROR: __测试案例每页索引输入0__测试不通过_
2020-10-13 00:08:55,658 - [test_10loans.py-->line:48] - ERROR:  :: 0 != 2
Traceback (most recent call last):
  File "X:\软件安装包\pycharm\PyCharm Community Edition 2018.3.5\helpers\pycharm\teamcity\diff_tools.py", line 32, in _patched_equals
    old(self, first, second, msg)
  File "C:\Users\兔子\AppData\Local\Programs\Python\Python37\lib\unittest\case.py", line 839, in assertEqual
    assertion_func(first, second, msg=msg)
  File "C:\Users\兔子\AppData\Local\Programs\Python\Python37\lib\unittest\case.py", line 832, in _baseAssertEqual
    raise self.failureException(msg)
AssertionError: 0 != 2

During handling of the above exception, another exception occurred:

Traceback (most recent call last):
  File "F:\python37test\20200917APITEST\testcases\test_10loans.py", line 42, in test_loans
    self.assertEqual(res['code'], expected['code'])
  File "X:\软件安装包\pycharm\PyCharm Community Edition 2018.3.5\helpers\pycharm\teamcity\diff_tools.py", line 38, in _patched_equals
    raise error
teamcity.diff_tools.EqualsAssertionError:  :: 0 != 2
2020-10-13 00:08:57,052 - [test_10loans.py-->line:50] - DEBUG: 实际结果：
2020-10-13 00:08:57,053 - [test_10loans.py-->line:51] - DEBUG: 预期结果：
2020-10-13 00:08:58,307 - [test_10loans.py-->line:47] - ERROR: __测试案例每页索引输入负数__测试不通过_
2020-10-13 00:08:58,308 - [test_10loans.py-->line:48] - ERROR:  :: 0 != 2
Traceback (most recent call last):
  File "X:\软件安装包\pycharm\PyCharm Community Edition 2018.3.5\helpers\pycharm\teamcity\diff_tools.py", line 32, in _patched_equals
    old(self, first, second, msg)
  File "C:\Users\兔子\AppData\Local\Programs\Python\Python37\lib\unittest\case.py", line 839, in assertEqual
    assertion_func(first, second, msg=msg)
  File "C:\Users\兔子\AppData\Local\Programs\Python\Python37\lib\unittest\case.py", line 832, in _baseAssertEqual
    raise self.failureException(msg)
AssertionError: 0 != 2

During handling of the above exception, another exception occurred:

Traceback (most recent call last):
  File "F:\python37test\20200917APITEST\testcases\test_10loans.py", line 42, in test_loans
    self.assertEqual(res['code'], expected['code'])
  File "X:\软件安装包\pycharm\PyCharm Community Edition 2018.3.5\helpers\pycharm\teamcity\diff_tools.py", line 38, in _patched_equals
    raise error
teamcity.diff_tools.EqualsAssertionError:  :: 0 != 2
2020-10-13 00:08:59,474 - [test_10loans.py-->line:50] - DEBUG: 实际结果：
2020-10-13 00:08:59,475 - [test_10loans.py-->line:51] - DEBUG: 预期结果：
2020-10-13 00:08:59,821 - [test_10loans.py-->line:47] - ERROR: __测试案例每页索引输入小数__测试不通过_
2020-10-13 00:08:59,822 - [test_10loans.py-->line:48] - ERROR:  :: Failed to convert value of type 'java.lang.String' to required type 'java.lang.Integer'; nested exception is java.lang.NumberFormatException: For input string: "1.1" != Failed to convert value of type 'java.lang.String' to required type 'java.lang.Integer'; nested exception is java.lang.NumberFormatException: For input string: '1.1'
Traceback (most recent call last):
  File "X:\软件安装包\pycharm\PyCharm Community Edition 2018.3.5\helpers\pycharm\teamcity\diff_tools.py", line 32, in _patched_equals
    old(self, first, second, msg)
  File "C:\Users\兔子\AppData\Local\Programs\Python\Python37\lib\unittest\case.py", line 839, in assertEqual
    assertion_func(first, second, msg=msg)
  File "C:\Users\兔子\AppData\Local\Programs\Python\Python37\lib\unittest\case.py", line 1220, in assertMultiLineEqual
    self.fail(self._formatMessage(msg, standardMsg))
  File "C:\Users\兔子\AppData\Local\Programs\Python\Python37\lib\unittest\case.py", line 680, in fail
    raise self.failureException(msg)
AssertionError: 'Failed to convert value of type \'java.l[125 chars]1.1"' != "Failed to convert value of type 'java.la[121 chars]1.1'"
Diff is 673 characters long. Set self.maxDiff to None to see it.

During handling of the above exception, another exception occurred:

Traceback (most recent call last):
  File "F:\python37test\20200917APITEST\testcases\test_10loans.py", line 43, in test_loans
    self.assertEqual(res['msg'], expected['msg'])
  File "X:\软件安装包\pycharm\PyCharm Community Edition 2018.3.5\helpers\pycharm\teamcity\diff_tools.py", line 38, in _patched_equals
    raise error
teamcity.diff_tools.EqualsAssertionError:  :: Failed to convert value of type 'java.lang.String' to required type 'java.lang.Integer'; nested exception is java.lang.NumberFormatException: For input string: "1.1" != Failed to convert value of type 'java.lang.String' to required type 'java.lang.Integer'; nested exception is java.lang.NumberFormatException: For input string: '1.1'
2020-10-13 00:09:01,066 - [test_10loans.py-->line:50] - DEBUG: 实际结果：
2020-10-13 00:09:01,067 - [test_10loans.py-->line:51] - DEBUG: 预期结果：
2020-10-13 00:15:04,973 - [test_10loans.py-->line:47] - ERROR: __测试案例每页索引输入0__测试不通过_
2020-10-13 00:15:04,974 - [test_10loans.py-->line:48] - ERROR:  :: 0 != 2
Traceback (most recent call last):
  File "X:\软件安装包\pycharm\PyCharm Community Edition 2018.3.5\helpers\pycharm\teamcity\diff_tools.py", line 32, in _patched_equals
    old(self, first, second, msg)
  File "C:\Users\兔子\AppData\Local\Programs\Python\Python37\lib\unittest\case.py", line 839, in assertEqual
    assertion_func(first, second, msg=msg)
  File "C:\Users\兔子\AppData\Local\Programs\Python\Python37\lib\unittest\case.py", line 832, in _baseAssertEqual
    raise self.failureException(msg)
AssertionError: 0 != 2

During handling of the above exception, another exception occurred:

Traceback (most recent call last):
  File "F:\python37test\20200917APITEST\testcases\test_10loans.py", line 42, in test_loans
    self.assertEqual(res['code'], expected['code'])
  File "X:\软件安装包\pycharm\PyCharm Community Edition 2018.3.5\helpers\pycharm\teamcity\diff_tools.py", line 38, in _patched_equals
    raise error
teamcity.diff_tools.EqualsAssertionError:  :: 0 != 2
2020-10-13 00:15:06,265 - [test_10loans.py-->line:50] - DEBUG: 实际结果：
2020-10-13 00:15:06,266 - [test_10loans.py-->line:51] - DEBUG: 预期结果：
2020-10-13 00:15:07,788 - [test_10loans.py-->line:47] - ERROR: __测试案例每页索引输入负数__测试不通过_
2020-10-13 00:15:07,789 - [test_10loans.py-->line:48] - ERROR:  :: 0 != 2
Traceback (most recent call last):
  File "X:\软件安装包\pycharm\PyCharm Community Edition 2018.3.5\helpers\pycharm\teamcity\diff_tools.py", line 32, in _patched_equals
    old(self, first, second, msg)
  File "C:\Users\兔子\AppData\Local\Programs\Python\Python37\lib\unittest\case.py", line 839, in assertEqual
    assertion_func(first, second, msg=msg)
  File "C:\Users\兔子\AppData\Local\Programs\Python\Python37\lib\unittest\case.py", line 832, in _baseAssertEqual
    raise self.failureException(msg)
AssertionError: 0 != 2

During handling of the above exception, another exception occurred:

Traceback (most recent call last):
  File "F:\python37test\20200917APITEST\testcases\test_10loans.py", line 42, in test_loans
    self.assertEqual(res['code'], expected['code'])
  File "X:\软件安装包\pycharm\PyCharm Community Edition 2018.3.5\helpers\pycharm\teamcity\diff_tools.py", line 38, in _patched_equals
    raise error
teamcity.diff_tools.EqualsAssertionError:  :: 0 != 2
2020-10-13 00:15:08,988 - [test_10loans.py-->line:50] - DEBUG: 实际结果：
2020-10-13 00:15:09,003 - [test_10loans.py-->line:51] - DEBUG: 预期结果：
2020-10-13 00:15:09,636 - [test_10loans.py-->line:47] - ERROR: __测试案例每页大小输入小数__测试不通过_
2020-10-13 00:15:09,637 - [test_10loans.py-->line:48] - ERROR:  :: Failed to convert value of type 'java.lang.String' to required type 'java.lang.Integer'; nested exception is java.lang.NumberFormatException: For input string: "1.0" != Failed to convert value of type 'java.lang.String' to required type 'java.lang.Integer'; nested exception is java.lang.NumberFormatException: For input string: '1.0'
Traceback (most recent call last):
  File "X:\软件安装包\pycharm\PyCharm Community Edition 2018.3.5\helpers\pycharm\teamcity\diff_tools.py", line 32, in _patched_equals
    old(self, first, second, msg)
  File "C:\Users\兔子\AppData\Local\Programs\Python\Python37\lib\unittest\case.py", line 839, in assertEqual
    assertion_func(first, second, msg=msg)
  File "C:\Users\兔子\AppData\Local\Programs\Python\Python37\lib\unittest\case.py", line 1220, in assertMultiLineEqual
    self.fail(self._formatMessage(msg, standardMsg))
  File "C:\Users\兔子\AppData\Local\Programs\Python\Python37\lib\unittest\case.py", line 680, in fail
    raise self.failureException(msg)
AssertionError: 'Failed to convert value of type \'java.l[125 chars]1.0"' != "Failed to convert value of type 'java.la[121 chars]1.0'"
Diff is 673 characters long. Set self.maxDiff to None to see it.

During handling of the above exception, another exception occurred:

Traceback (most recent call last):
  File "F:\python37test\20200917APITEST\testcases\test_10loans.py", line 43, in test_loans
    self.assertEqual(res['msg'], expected['msg'])
  File "X:\软件安装包\pycharm\PyCharm Community Edition 2018.3.5\helpers\pycharm\teamcity\diff_tools.py", line 38, in _patched_equals
    raise error
teamcity.diff_tools.EqualsAssertionError:  :: Failed to convert value of type 'java.lang.String' to required type 'java.lang.Integer'; nested exception is java.lang.NumberFormatException: For input string: "1.0" != Failed to convert value of type 'java.lang.String' to required type 'java.lang.Integer'; nested exception is java.lang.NumberFormatException: For input string: '1.0'
2020-10-13 00:15:10,987 - [test_10loans.py-->line:50] - DEBUG: 实际结果：
2020-10-13 00:15:10,988 - [test_10loans.py-->line:51] - DEBUG: 预期结果：
2020-10-13 00:20:18,367 - [test_10loans.py-->line:47] - ERROR: __测试案例每页索引输入0__测试不通过_
2020-10-13 00:20:18,368 - [test_10loans.py-->line:48] - ERROR:  :: 0 != 2
Traceback (most recent call last):
  File "X:\软件安装包\pycharm\PyCharm Community Edition 2018.3.5\helpers\pycharm\teamcity\diff_tools.py", line 32, in _patched_equals
    old(self, first, second, msg)
  File "C:\Users\兔子\AppData\Local\Programs\Python\Python37\lib\unittest\case.py", line 839, in assertEqual
    assertion_func(first, second, msg=msg)
  File "C:\Users\兔子\AppData\Local\Programs\Python\Python37\lib\unittest\case.py", line 832, in _baseAssertEqual
    raise self.failureException(msg)
AssertionError: 0 != 2

During handling of the above exception, another exception occurred:

Traceback (most recent call last):
  File "F:\python37test\20200917APITEST\testcases\test_10loans.py", line 42, in test_loans
    self.assertEqual(res['code'], expected['code'])
  File "X:\软件安装包\pycharm\PyCharm Community Edition 2018.3.5\helpers\pycharm\teamcity\diff_tools.py", line 38, in _patched_equals
    raise error
teamcity.diff_tools.EqualsAssertionError:  :: 0 != 2
2020-10-13 00:20:19,867 - [test_10loans.py-->line:50] - DEBUG: 实际结果：
2020-10-13 00:20:19,869 - [test_10loans.py-->line:51] - DEBUG: 预期结果：
2020-10-13 00:20:21,337 - [test_10loans.py-->line:47] - ERROR: __测试案例每页索引输入负数__测试不通过_
2020-10-13 00:20:21,338 - [test_10loans.py-->line:48] - ERROR:  :: 0 != 2
Traceback (most recent call last):
  File "X:\软件安装包\pycharm\PyCharm Community Edition 2018.3.5\helpers\pycharm\teamcity\diff_tools.py", line 32, in _patched_equals
    old(self, first, second, msg)
  File "C:\Users\兔子\AppData\Local\Programs\Python\Python37\lib\unittest\case.py", line 839, in assertEqual
    assertion_func(first, second, msg=msg)
  File "C:\Users\兔子\AppData\Local\Programs\Python\Python37\lib\unittest\case.py", line 832, in _baseAssertEqual
    raise self.failureException(msg)
AssertionError: 0 != 2

During handling of the above exception, another exception occurred:

Traceback (most recent call last):
  File "F:\python37test\20200917APITEST\testcases\test_10loans.py", line 42, in test_loans
    self.assertEqual(res['code'], expected['code'])
  File "X:\软件安装包\pycharm\PyCharm Community Edition 2018.3.5\helpers\pycharm\teamcity\diff_tools.py", line 38, in _patched_equals
    raise error
teamcity.diff_tools.EqualsAssertionError:  :: 0 != 2
2020-10-13 00:20:22,486 - [test_10loans.py-->line:50] - DEBUG: 实际结果：
2020-10-13 00:20:22,487 - [test_10loans.py-->line:51] - DEBUG: 预期结果：
2020-10-13 00:20:22,938 - [test_10loans.py-->line:47] - ERROR: __测试案例每页索引输入小数__测试不通过_
2020-10-13 00:20:22,939 - [test_10loans.py-->line:48] - ERROR:  :: Failed to convert value of type 'java.lang.String' to required type 'java.lang.Integer'; nested exception is java.lang.NumberFormatException: For input string: "1.1" != Failed to convert value of type "java.lang.String" to required type "java.lang.Integer"; nested exception is java.lang.NumberFormatException: For input string: "1.1"
Traceback (most recent call last):
  File "X:\软件安装包\pycharm\PyCharm Community Edition 2018.3.5\helpers\pycharm\teamcity\diff_tools.py", line 32, in _patched_equals
    old(self, first, second, msg)
  File "C:\Users\兔子\AppData\Local\Programs\Python\Python37\lib\unittest\case.py", line 839, in assertEqual
    assertion_func(first, second, msg=msg)
  File "C:\Users\兔子\AppData\Local\Programs\Python\Python37\lib\unittest\case.py", line 1220, in assertMultiLineEqual
    self.fail(self._formatMessage(msg, standardMsg))
  File "C:\Users\兔子\AppData\Local\Programs\Python\Python37\lib\unittest\case.py", line 680, in fail
    raise self.failureException(msg)
AssertionError: 'Fail[23 chars]type \'java.lang.String\' to required type \'j[92 chars]1.1"' != 'Fail[23 chars]type "java.lang.String" to required type "java[88 chars]1.1"'
- Failed to convert value of type 'java.lang.String' to required type 'java.lang.Integer'; nested exception is java.lang.NumberFormatException: For input string: "1.1"
?                                 ^                ^                  ^                 ^
+ Failed to convert value of type "java.lang.String" to required type "java.lang.Integer"; nested exception is java.lang.NumberFormatException: For input string: "1.1"
?                                 ^                ^                  ^                 ^


During handling of the above exception, another exception occurred:

Traceback (most recent call last):
  File "F:\python37test\20200917APITEST\testcases\test_10loans.py", line 43, in test_loans
    self.assertEqual(res['msg'], expected['msg'])
  File "X:\软件安装包\pycharm\PyCharm Community Edition 2018.3.5\helpers\pycharm\teamcity\diff_tools.py", line 38, in _patched_equals
    raise error
teamcity.diff_tools.EqualsAssertionError:  :: Failed to convert value of type 'java.lang.String' to required type 'java.lang.Integer'; nested exception is java.lang.NumberFormatException: For input string: "1.1" != Failed to convert value of type "java.lang.String" to required type "java.lang.Integer"; nested exception is java.lang.NumberFormatException: For input string: "1.1"
2020-10-13 00:20:23,989 - [test_10loans.py-->line:50] - DEBUG: 实际结果：
2020-10-13 00:20:23,989 - [test_10loans.py-->line:51] - DEBUG: 预期结果：
2020-10-13 00:20:24,715 - [test_10loans.py-->line:47] - ERROR: __测试案例每页大小输入小数__测试不通过_
2020-10-13 00:20:24,717 - [test_10loans.py-->line:48] - ERROR:  :: Failed to convert value of type 'java.lang.String' to required type 'java.lang.Integer'; nested exception is java.lang.NumberFormatException: For input string: "1.0" != Failed to convert value of type 'java.lang.String' to required type 'java.lang.Integer'; nested exception is java.lang.NumberFormatException: For input string: '1.0'
Traceback (most recent call last):
  File "X:\软件安装包\pycharm\PyCharm Community Edition 2018.3.5\helpers\pycharm\teamcity\diff_tools.py", line 32, in _patched_equals
    old(self, first, second, msg)
  File "C:\Users\兔子\AppData\Local\Programs\Python\Python37\lib\unittest\case.py", line 839, in assertEqual
    assertion_func(first, second, msg=msg)
  File "C:\Users\兔子\AppData\Local\Programs\Python\Python37\lib\unittest\case.py", line 1220, in assertMultiLineEqual
    self.fail(self._formatMessage(msg, standardMsg))
  File "C:\Users\兔子\AppData\Local\Programs\Python\Python37\lib\unittest\case.py", line 680, in fail
    raise self.failureException(msg)
AssertionError: 'Failed to convert value of type \'java.l[125 chars]1.0"' != "Failed to convert value of type 'java.la[121 chars]1.0'"
Diff is 673 characters long. Set self.maxDiff to None to see it.

During handling of the above exception, another exception occurred:

Traceback (most recent call last):
  File "F:\python37test\20200917APITEST\testcases\test_10loans.py", line 43, in test_loans
    self.assertEqual(res['msg'], expected['msg'])
  File "X:\软件安装包\pycharm\PyCharm Community Edition 2018.3.5\helpers\pycharm\teamcity\diff_tools.py", line 38, in _patched_equals
    raise error
teamcity.diff_tools.EqualsAssertionError:  :: Failed to convert value of type 'java.lang.String' to required type 'java.lang.Integer'; nested exception is java.lang.NumberFormatException: For input string: "1.0" != Failed to convert value of type 'java.lang.String' to required type 'java.lang.Integer'; nested exception is java.lang.NumberFormatException: For input string: '1.0'
2020-10-13 00:20:25,736 - [test_10loans.py-->line:50] - DEBUG: 实际结果：
2020-10-13 00:20:25,738 - [test_10loans.py-->line:51] - DEBUG: 预期结果：
2020-10-13 00:23:22,023 - [test_10loans.py-->line:47] - ERROR: __测试案例每页索引输入0__测试不通过_
2020-10-13 00:23:22,024 - [test_10loans.py-->line:48] - ERROR:  :: 0 != 2
Traceback (most recent call last):
  File "X:\软件安装包\pycharm\PyCharm Community Edition 2018.3.5\helpers\pycharm\teamcity\diff_tools.py", line 32, in _patched_equals
    old(self, first, second, msg)
  File "C:\Users\兔子\AppData\Local\Programs\Python\Python37\lib\unittest\case.py", line 839, in assertEqual
    assertion_func(first, second, msg=msg)
  File "C:\Users\兔子\AppData\Local\Programs\Python\Python37\lib\unittest\case.py", line 832, in _baseAssertEqual
    raise self.failureException(msg)
AssertionError: 0 != 2

During handling of the above exception, another exception occurred:

Traceback (most recent call last):
  File "F:\python37test\20200917APITEST\testcases\test_10loans.py", line 42, in test_loans
    self.assertEqual(res['code'], expected['code'])
  File "X:\软件安装包\pycharm\PyCharm Community Edition 2018.3.5\helpers\pycharm\teamcity\diff_tools.py", line 38, in _patched_equals
    raise error
teamcity.diff_tools.EqualsAssertionError:  :: 0 != 2
2020-10-13 00:23:23,365 - [test_10loans.py-->line:50] - DEBUG: 实际结果：
2020-10-13 00:23:23,366 - [test_10loans.py-->line:51] - DEBUG: 预期结果：
2020-10-13 00:23:25,022 - [test_10loans.py-->line:47] - ERROR: __测试案例每页索引输入负数__测试不通过_
2020-10-13 00:23:25,023 - [test_10loans.py-->line:48] - ERROR:  :: 0 != 2
Traceback (most recent call last):
  File "X:\软件安装包\pycharm\PyCharm Community Edition 2018.3.5\helpers\pycharm\teamcity\diff_tools.py", line 32, in _patched_equals
    old(self, first, second, msg)
  File "C:\Users\兔子\AppData\Local\Programs\Python\Python37\lib\unittest\case.py", line 839, in assertEqual
    assertion_func(first, second, msg=msg)
  File "C:\Users\兔子\AppData\Local\Programs\Python\Python37\lib\unittest\case.py", line 832, in _baseAssertEqual
    raise self.failureException(msg)
AssertionError: 0 != 2

During handling of the above exception, another exception occurred:

Traceback (most recent call last):
  File "F:\python37test\20200917APITEST\testcases\test_10loans.py", line 42, in test_loans
    self.assertEqual(res['code'], expected['code'])
  File "X:\软件安装包\pycharm\PyCharm Community Edition 2018.3.5\helpers\pycharm\teamcity\diff_tools.py", line 38, in _patched_equals
    raise error
teamcity.diff_tools.EqualsAssertionError:  :: 0 != 2
2020-10-13 00:23:26,265 - [test_10loans.py-->line:50] - DEBUG: 实际结果：
2020-10-13 00:23:26,266 - [test_10loans.py-->line:51] - DEBUG: 预期结果：
2020-10-13 00:23:26,773 - [test_10loans.py-->line:47] - ERROR: __测试案例每页索引输入小数__测试不通过_
2020-10-13 00:23:26,774 - [test_10loans.py-->line:48] - ERROR:  :: Failed to convert value of type 'java.lang.String' to required type 'java.lang.Integer'; nested exception is java.lang.NumberFormatException: For input string: "1.1" != Failed to convert value of type \"java.lang.String\" to required type \"java.lang.Integer\"; nested exception is java.lang.NumberFormatException: For input string: "1.1"
Traceback (most recent call last):
  File "X:\软件安装包\pycharm\PyCharm Community Edition 2018.3.5\helpers\pycharm\teamcity\diff_tools.py", line 32, in _patched_equals
    old(self, first, second, msg)
  File "C:\Users\兔子\AppData\Local\Programs\Python\Python37\lib\unittest\case.py", line 839, in assertEqual
    assertion_func(first, second, msg=msg)
  File "C:\Users\兔子\AppData\Local\Programs\Python\Python37\lib\unittest\case.py", line 1220, in assertMultiLineEqual
    self.fail(self._formatMessage(msg, standardMsg))
  File "C:\Users\兔子\AppData\Local\Programs\Python\Python37\lib\unittest\case.py", line 680, in fail
    raise self.failureException(msg)
AssertionError: 'Fail[24 chars]ype \'java.lang.String\' to required type \'ja[91 chars]1.1"' != 'Fail[24 chars]ype \\"java.lang.String\\" to required type \\[95 chars]1.1"'
- Failed to convert value of type 'java.lang.String' to required type 'java.lang.Integer'; nested exception is java.lang.NumberFormatException: For input string: "1.1"
?                                 ^                ^                  ^                 ^
+ Failed to convert value of type \"java.lang.String\" to required type \"java.lang.Integer\"; nested exception is java.lang.NumberFormatException: For input string: "1.1"
?                                 ^^                ^^                  ^^                 ^^


During handling of the above exception, another exception occurred:

Traceback (most recent call last):
  File "F:\python37test\20200917APITEST\testcases\test_10loans.py", line 43, in test_loans
    self.assertEqual(res['msg'], expected['msg'])
  File "X:\软件安装包\pycharm\PyCharm Community Edition 2018.3.5\helpers\pycharm\teamcity\diff_tools.py", line 38, in _patched_equals
    raise error
teamcity.diff_tools.EqualsAssertionError:  :: Failed to convert value of type 'java.lang.String' to required type 'java.lang.Integer'; nested exception is java.lang.NumberFormatException: For input string: "1.1" != Failed to convert value of type \"java.lang.String\" to required type \"java.lang.Integer\"; nested exception is java.lang.NumberFormatException: For input string: "1.1"
2020-10-13 00:23:27,993 - [test_10loans.py-->line:50] - DEBUG: 实际结果：
2020-10-13 00:23:27,998 - [test_10loans.py-->line:51] - DEBUG: 预期结果：
2020-10-13 00:23:28,634 - [test_10loans.py-->line:47] - ERROR: __测试案例每页大小输入小数__测试不通过_
2020-10-13 00:23:28,634 - [test_10loans.py-->line:48] - ERROR:  :: Failed to convert value of type 'java.lang.String' to required type 'java.lang.Integer'; nested exception is java.lang.NumberFormatException: For input string: "1.0" != Failed to convert value of type "java.lang.String" to required type "java.lang.Integer"; nested exception is java.lang.NumberFormatException: For input string: "1.0"
Traceback (most recent call last):
  File "X:\软件安装包\pycharm\PyCharm Community Edition 2018.3.5\helpers\pycharm\teamcity\diff_tools.py", line 32, in _patched_equals
    old(self, first, second, msg)
  File "C:\Users\兔子\AppData\Local\Programs\Python\Python37\lib\unittest\case.py", line 839, in assertEqual
    assertion_func(first, second, msg=msg)
  File "C:\Users\兔子\AppData\Local\Programs\Python\Python37\lib\unittest\case.py", line 1220, in assertMultiLineEqual
    self.fail(self._formatMessage(msg, standardMsg))
  File "C:\Users\兔子\AppData\Local\Programs\Python\Python37\lib\unittest\case.py", line 680, in fail
    raise self.failureException(msg)
AssertionError: 'Fail[23 chars]type \'java.lang.String\' to required type \'j[92 chars]1.0"' != 'Fail[23 chars]type "java.lang.String" to required type "java[88 chars]1.0"'
- Failed to convert value of type 'java.lang.String' to required type 'java.lang.Integer'; nested exception is java.lang.NumberFormatException: For input string: "1.0"
?                                 ^                ^                  ^                 ^
+ Failed to convert value of type "java.lang.String" to required type "java.lang.Integer"; nested exception is java.lang.NumberFormatException: For input string: "1.0"
?                                 ^                ^                  ^                 ^


During handling of the above exception, another exception occurred:

Traceback (most recent call last):
  File "F:\python37test\20200917APITEST\testcases\test_10loans.py", line 43, in test_loans
    self.assertEqual(res['msg'], expected['msg'])
  File "X:\软件安装包\pycharm\PyCharm Community Edition 2018.3.5\helpers\pycharm\teamcity\diff_tools.py", line 38, in _patched_equals
    raise error
teamcity.diff_tools.EqualsAssertionError:  :: Failed to convert value of type 'java.lang.String' to required type 'java.lang.Integer'; nested exception is java.lang.NumberFormatException: For input string: "1.0" != Failed to convert value of type "java.lang.String" to required type "java.lang.Integer"; nested exception is java.lang.NumberFormatException: For input string: "1.0"
2020-10-13 00:23:29,706 - [test_10loans.py-->line:50] - DEBUG: 实际结果：
2020-10-13 00:23:29,707 - [test_10loans.py-->line:51] - DEBUG: 预期结果：
2020-10-18 01:40:33,365 - [test_11main.py-->line:63] - DEBUG: 预期结果：
2020-10-18 01:40:33,367 - [test_11main.py-->line:64] - DEBUG: 实际结果：
2020-10-18 01:40:33,368 - [test_11main.py-->line:65] - ERROR: 测试用例--普通用户注册--测试不通过
2020-10-18 01:40:33,368 - [test_11main.py-->line:66] - ERROR:  :: 0 != 2
Traceback (most recent call last):
  File "X:\软件安装包\pycharm\PyCharm Community Edition 2018.3.5\helpers\pycharm\teamcity\diff_tools.py", line 32, in _patched_equals
    old(self, first, second, msg)
  File "C:\Users\兔子\AppData\Local\Programs\Python\Python37\lib\unittest\case.py", line 839, in assertEqual
    assertion_func(first, second, msg=msg)
  File "C:\Users\兔子\AppData\Local\Programs\Python\Python37\lib\unittest\case.py", line 832, in _baseAssertEqual
    raise self.failureException(msg)
AssertionError: 0 != 2

During handling of the above exception, another exception occurred:

Traceback (most recent call last):
  File "F:\python37test\20200917APITEST\testcases\test_11main.py", line 59, in test_main
    self.assertEqual(expected['code'],res['code'])
  File "X:\软件安装包\pycharm\PyCharm Community Edition 2018.3.5\helpers\pycharm\teamcity\diff_tools.py", line 38, in _patched_equals
    raise error
teamcity.diff_tools.EqualsAssertionError:  :: 0 != 2
2020-10-18 01:40:35,011 - [test_11main.py-->line:63] - DEBUG: 预期结果：
2020-10-18 01:40:35,012 - [test_11main.py-->line:64] - DEBUG: 实际结果：
2020-10-18 01:40:35,013 - [test_11main.py-->line:65] - ERROR: 测试用例--投资人注册--测试不通过
2020-10-18 01:40:35,014 - [test_11main.py-->line:66] - ERROR:  :: 0 != 2
Traceback (most recent call last):
  File "X:\软件安装包\pycharm\PyCharm Community Edition 2018.3.5\helpers\pycharm\teamcity\diff_tools.py", line 32, in _patched_equals
    old(self, first, second, msg)
  File "C:\Users\兔子\AppData\Local\Programs\Python\Python37\lib\unittest\case.py", line 839, in assertEqual
    assertion_func(first, second, msg=msg)
  File "C:\Users\兔子\AppData\Local\Programs\Python\Python37\lib\unittest\case.py", line 832, in _baseAssertEqual
    raise self.failureException(msg)
AssertionError: 0 != 2

During handling of the above exception, another exception occurred:

Traceback (most recent call last):
  File "F:\python37test\20200917APITEST\testcases\test_11main.py", line 59, in test_main
    self.assertEqual(expected['code'],res['code'])
  File "X:\软件安装包\pycharm\PyCharm Community Edition 2018.3.5\helpers\pycharm\teamcity\diff_tools.py", line 38, in _patched_equals
    raise error
teamcity.diff_tools.EqualsAssertionError:  :: 0 != 2
2020-10-18 01:43:45,294 - [test_11main.py-->line:65] - DEBUG: 预期结果：
2020-10-18 01:43:45,295 - [test_11main.py-->line:66] - DEBUG: 实际结果：
2020-10-18 01:43:45,296 - [test_11main.py-->line:67] - ERROR: 测试用例--普通用户注册--测试不通过
2020-10-18 01:43:45,297 - [test_11main.py-->line:68] - ERROR:  :: 0 != 2
Traceback (most recent call last):
  File "X:\软件安装包\pycharm\PyCharm Community Edition 2018.3.5\helpers\pycharm\teamcity\diff_tools.py", line 32, in _patched_equals
    old(self, first, second, msg)
  File "C:\Users\兔子\AppData\Local\Programs\Python\Python37\lib\unittest\case.py", line 839, in assertEqual
    assertion_func(first, second, msg=msg)
  File "C:\Users\兔子\AppData\Local\Programs\Python\Python37\lib\unittest\case.py", line 832, in _baseAssertEqual
    raise self.failureException(msg)
AssertionError: 0 != 2

During handling of the above exception, another exception occurred:

Traceback (most recent call last):
  File "F:\python37test\20200917APITEST\testcases\test_11main.py", line 61, in test_main
    self.assertEqual(expected['code'],res['code'])
  File "X:\软件安装包\pycharm\PyCharm Community Edition 2018.3.5\helpers\pycharm\teamcity\diff_tools.py", line 38, in _patched_equals
    raise error
teamcity.diff_tools.EqualsAssertionError:  :: 0 != 2
2020-10-18 01:43:47,233 - [test_11main.py-->line:65] - DEBUG: 预期结果：
2020-10-18 01:43:47,234 - [test_11main.py-->line:66] - DEBUG: 实际结果：
2020-10-18 01:43:47,235 - [test_11main.py-->line:67] - ERROR: 测试用例--投资人注册--测试不通过
2020-10-18 01:43:47,235 - [test_11main.py-->line:68] - ERROR:  :: 0 != 2
Traceback (most recent call last):
  File "X:\软件安装包\pycharm\PyCharm Community Edition 2018.3.5\helpers\pycharm\teamcity\diff_tools.py", line 32, in _patched_equals
    old(self, first, second, msg)
  File "C:\Users\兔子\AppData\Local\Programs\Python\Python37\lib\unittest\case.py", line 839, in assertEqual
    assertion_func(first, second, msg=msg)
  File "C:\Users\兔子\AppData\Local\Programs\Python\Python37\lib\unittest\case.py", line 832, in _baseAssertEqual
    raise self.failureException(msg)
AssertionError: 0 != 2

During handling of the above exception, another exception occurred:

Traceback (most recent call last):
  File "F:\python37test\20200917APITEST\testcases\test_11main.py", line 61, in test_main
    self.assertEqual(expected['code'],res['code'])
  File "X:\软件安装包\pycharm\PyCharm Community Edition 2018.3.5\helpers\pycharm\teamcity\diff_tools.py", line 38, in _patched_equals
    raise error
teamcity.diff_tools.EqualsAssertionError:  :: 0 != 2
2020-10-18 01:47:28,049 - [test_11main.py-->line:68] - DEBUG: 预期结果：
2020-10-18 01:47:28,050 - [test_11main.py-->line:69] - DEBUG: 实际结果：
2020-10-18 01:47:28,051 - [test_11main.py-->line:70] - ERROR: 测试用例--普通用户注册--测试不通过
2020-10-18 01:47:28,051 - [test_11main.py-->line:71] - ERROR:  :: 0 != 2
Traceback (most recent call last):
  File "X:\软件安装包\pycharm\PyCharm Community Edition 2018.3.5\helpers\pycharm\teamcity\diff_tools.py", line 32, in _patched_equals
    old(self, first, second, msg)
  File "C:\Users\兔子\AppData\Local\Programs\Python\Python37\lib\unittest\case.py", line 839, in assertEqual
    assertion_func(first, second, msg=msg)
  File "C:\Users\兔子\AppData\Local\Programs\Python\Python37\lib\unittest\case.py", line 832, in _baseAssertEqual
    raise self.failureException(msg)
AssertionError: 0 != 2

During handling of the above exception, another exception occurred:

Traceback (most recent call last):
  File "F:\python37test\20200917APITEST\testcases\test_11main.py", line 64, in test_main
    self.assertEqual(expected['code'],res['code'])
  File "X:\软件安装包\pycharm\PyCharm Community Edition 2018.3.5\helpers\pycharm\teamcity\diff_tools.py", line 38, in _patched_equals
    raise error
teamcity.diff_tools.EqualsAssertionError:  :: 0 != 2
2020-10-18 01:48:51,873 - [test_11main.py-->line:69] - DEBUG: 预期结果：
2020-10-18 01:48:51,875 - [test_11main.py-->line:70] - DEBUG: 实际结果：
2020-10-18 01:48:51,876 - [test_11main.py-->line:71] - ERROR: 测试用例--普通用户注册--测试不通过
2020-10-18 01:48:51,877 - [test_11main.py-->line:72] - ERROR:  :: 0 != 2
Traceback (most recent call last):
  File "X:\软件安装包\pycharm\PyCharm Community Edition 2018.3.5\helpers\pycharm\teamcity\diff_tools.py", line 32, in _patched_equals
    old(self, first, second, msg)
  File "C:\Users\兔子\AppData\Local\Programs\Python\Python37\lib\unittest\case.py", line 839, in assertEqual
    assertion_func(first, second, msg=msg)
  File "C:\Users\兔子\AppData\Local\Programs\Python\Python37\lib\unittest\case.py", line 832, in _baseAssertEqual
    raise self.failureException(msg)
AssertionError: 0 != 2

During handling of the above exception, another exception occurred:

Traceback (most recent call last):
  File "F:\python37test\20200917APITEST\testcases\test_11main.py", line 65, in test_main
    self.assertEqual(expected['code'],res['code'])
  File "X:\软件安装包\pycharm\PyCharm Community Edition 2018.3.5\helpers\pycharm\teamcity\diff_tools.py", line 38, in _patched_equals
    raise error
teamcity.diff_tools.EqualsAssertionError:  :: 0 != 2
2020-10-18 01:54:55,638 - [test_11main.py-->line:77] - ERROR: 测试用例--普通用户注册--测试通过
2020-10-18 02:16:37,250 - [test_11main.py-->line:78] - ERROR: 测试用例--普通用户注册--测试通过
2020-10-18 02:17:47,664 - [test_11main.py-->line:78] - ERROR: 测试用例--普通用户注册--测试通过
2020-10-18 02:19:01,445 - [test_11main.py-->line:78] - ERROR: 测试用例--普通用户注册--测试通过
2020-10-18 02:20:08,659 - [test_11main.py-->line:79] - ERROR: 测试用例--普通用户注册--测试通过
2020-10-18 02:20:09,474 - [test_11main.py-->line:79] - ERROR: 测试用例--普通用户登录--测试通过
2020-10-18 02:25:41,650 - [test_11main.py-->line:79] - ERROR: 测试用例--普通用户注册--测试通过
2020-10-18 02:25:42,440 - [test_11main.py-->line:79] - ERROR: 测试用例--普通用户登录--测试通过
2020-10-18 02:28:39,834 - [test_11main.py-->line:79] - ERROR: 测试用例--普通用户注册--测试通过
2020-10-18 02:28:40,910 - [test_11main.py-->line:79] - ERROR: 测试用例--普通用户登录--测试通过
2020-10-18 02:28:42,089 - [test_11main.py-->line:79] - ERROR: 测试用例--管理员注册--测试通过
2020-10-18 02:28:42,964 - [test_11main.py-->line:79] - ERROR: 测试用例--管理员加标--测试通过
2020-10-18 02:31:09,649 - [test_11main.py-->line:83] - ERROR: 测试用例--普通用户注册--测试通过
2020-10-18 02:31:10,505 - [test_11main.py-->line:83] - ERROR: 测试用例--普通用户登录--测试通过
2020-10-18 02:31:11,587 - [test_11main.py-->line:83] - ERROR: 测试用例--管理员注册--测试通过
2020-10-18 02:31:12,435 - [test_11main.py-->line:83] - ERROR: 测试用例--管理员登录--测试通过
2020-10-18 02:31:13,318 - [test_11main.py-->line:83] - ERROR: 测试用例--管理员加标--测试通过
2020-10-18 02:31:13,394 - [test_11main.py-->line:75] - DEBUG: 预期结果：
2020-10-18 02:31:13,395 - [test_11main.py-->line:76] - DEBUG: 实际结果：
2020-10-18 02:31:13,396 - [test_11main.py-->line:77] - ERROR: 测试用例--管理员审核通过--测试不通过
2020-10-18 02:31:13,397 - [test_11main.py-->line:78] - ERROR:  :: 0 != 2
Traceback (most recent call last):
  File "X:\软件安装包\pycharm\PyCharm Community Edition 2018.3.5\helpers\pycharm\teamcity\diff_tools.py", line 32, in _patched_equals
    old(self, first, second, msg)
  File "C:\Users\兔子\AppData\Local\Programs\Python\Python37\lib\unittest\case.py", line 839, in assertEqual
    assertion_func(first, second, msg=msg)
  File "C:\Users\兔子\AppData\Local\Programs\Python\Python37\lib\unittest\case.py", line 832, in _baseAssertEqual
    raise self.failureException(msg)
AssertionError: 0 != 2

During handling of the above exception, another exception occurred:

Traceback (most recent call last):
  File "F:\python37test\20200917APITEST\testcases\test_11main.py", line 71, in test_main
    self.assertEqual(expected['code'],res['code'])
  File "X:\软件安装包\pycharm\PyCharm Community Edition 2018.3.5\helpers\pycharm\teamcity\diff_tools.py", line 38, in _patched_equals
    raise error
teamcity.diff_tools.EqualsAssertionError:  :: 0 != 2
2020-10-18 02:35:21,147 - [test_11main.py-->line:83] - ERROR: 测试用例--普通用户注册--测试通过
2020-10-18 02:35:21,837 - [test_11main.py-->line:83] - ERROR: 测试用例--普通用户登录--测试通过
2020-10-18 02:35:22,580 - [test_11main.py-->line:83] - ERROR: 测试用例--普通用户加标--测试通过
2020-10-18 02:35:23,563 - [test_11main.py-->line:83] - ERROR: 测试用例--管理员注册--测试通过
2020-10-18 02:35:24,359 - [test_11main.py-->line:83] - ERROR: 测试用例--管理员登录--测试通过
2020-10-18 02:35:25,015 - [test_11main.py-->line:83] - ERROR: 测试用例--管理员审核通过--测试通过
2020-10-18 02:37:15,449 - [test_11main.py-->line:83] - ERROR: 测试用例--普通用户注册--测试通过
2020-10-18 02:37:16,299 - [test_11main.py-->line:83] - ERROR: 测试用例--普通用户登录--测试通过
2020-10-18 02:37:16,902 - [test_11main.py-->line:83] - ERROR: 测试用例--普通用户加标--测试通过
2020-10-18 02:37:17,965 - [test_11main.py-->line:83] - ERROR: 测试用例--管理员注册--测试通过
2020-10-18 02:37:18,980 - [test_11main.py-->line:83] - ERROR: 测试用例--管理员登录--测试通过
2020-10-18 02:37:19,719 - [test_11main.py-->line:83] - ERROR: 测试用例--管理员审核通过--测试通过
2020-10-18 02:37:21,139 - [test_11main.py-->line:83] - ERROR: 测试用例--投资人注册--测试通过
2020-10-18 02:37:22,157 - [test_11main.py-->line:83] - ERROR: 测试用例--投资人登录--测试通过
2020-10-18 02:37:22,230 - [test_11main.py-->line:75] - DEBUG: 预期结果：
2020-10-18 02:37:22,231 - [test_11main.py-->line:76] - DEBUG: 实际结果：
2020-10-18 02:37:22,231 - [test_11main.py-->line:77] - ERROR: 测试用例--获取投资人信息--测试不通过
2020-10-18 02:37:22,232 - [test_11main.py-->line:78] - ERROR:  :: 0 != 1004
Traceback (most recent call last):
  File "X:\软件安装包\pycharm\PyCharm Community Edition 2018.3.5\helpers\pycharm\teamcity\diff_tools.py", line 32, in _patched_equals
    old(self, first, second, msg)
  File "C:\Users\兔子\AppData\Local\Programs\Python\Python37\lib\unittest\case.py", line 839, in assertEqual
    assertion_func(first, second, msg=msg)
  File "C:\Users\兔子\AppData\Local\Programs\Python\Python37\lib\unittest\case.py", line 832, in _baseAssertEqual
    raise self.failureException(msg)
AssertionError: 0 != 1004

During handling of the above exception, another exception occurred:

Traceback (most recent call last):
  File "F:\python37test\20200917APITEST\testcases\test_11main.py", line 71, in test_main
    self.assertEqual(expected['code'],res['code'])
  File "X:\软件安装包\pycharm\PyCharm Community Edition 2018.3.5\helpers\pycharm\teamcity\diff_tools.py", line 38, in _patched_equals
    raise error
teamcity.diff_tools.EqualsAssertionError:  :: 0 != 1004
2020-10-18 02:37:24,058 - [test_11main.py-->line:75] - DEBUG: 预期结果：
2020-10-18 02:37:24,059 - [test_11main.py-->line:76] - DEBUG: 实际结果：
2020-10-18 02:37:24,059 - [test_11main.py-->line:77] - ERROR: 测试用例--更改昵称--测试不通过
2020-10-18 02:37:24,060 - [test_11main.py-->line:78] - ERROR:  :: 0 != 2
Traceback (most recent call last):
  File "X:\软件安装包\pycharm\PyCharm Community Edition 2018.3.5\helpers\pycharm\teamcity\diff_tools.py", line 32, in _patched_equals
    old(self, first, second, msg)
  File "C:\Users\兔子\AppData\Local\Programs\Python\Python37\lib\unittest\case.py", line 839, in assertEqual
    assertion_func(first, second, msg=msg)
  File "C:\Users\兔子\AppData\Local\Programs\Python\Python37\lib\unittest\case.py", line 832, in _baseAssertEqual
    raise self.failureException(msg)
AssertionError: 0 != 2

During handling of the above exception, another exception occurred:

Traceback (most recent call last):
  File "F:\python37test\20200917APITEST\testcases\test_11main.py", line 71, in test_main
    self.assertEqual(expected['code'],res['code'])
  File "X:\软件安装包\pycharm\PyCharm Community Edition 2018.3.5\helpers\pycharm\teamcity\diff_tools.py", line 38, in _patched_equals
    raise error
teamcity.diff_tools.EqualsAssertionError:  :: 0 != 2
2020-10-18 02:37:25,995 - [test_11main.py-->line:83] - ERROR: 测试用例--充值--测试通过
2020-10-18 02:46:42,338 - [test_11main.py-->line:88] - ERROR: 测试用例--普通用户注册--测试通过
2020-10-18 02:46:43,113 - [test_11main.py-->line:88] - ERROR: 测试用例--普通用户登录--测试通过
2020-10-18 02:46:43,915 - [test_11main.py-->line:88] - ERROR: 测试用例--普通用户加标--测试通过
2020-10-18 02:46:44,859 - [test_11main.py-->line:88] - ERROR: 测试用例--管理员注册--测试通过
2020-10-18 02:46:45,666 - [test_11main.py-->line:88] - ERROR: 测试用例--管理员登录--测试通过
2020-10-18 02:46:46,368 - [test_11main.py-->line:88] - ERROR: 测试用例--管理员审核通过--测试通过
2020-10-18 02:46:47,247 - [test_11main.py-->line:88] - ERROR: 测试用例--投资人注册--测试通过
2020-10-18 02:46:47,963 - [test_11main.py-->line:88] - ERROR: 测试用例--投资人登录--测试通过
2020-10-18 02:46:48,025 - [test_11main.py-->line:80] - DEBUG: 预期结果：
2020-10-18 02:46:48,026 - [test_11main.py-->line:81] - DEBUG: 实际结果：
2020-10-18 02:46:48,027 - [test_11main.py-->line:82] - ERROR: 测试用例--获取投资人信息--测试不通过
2020-10-18 02:46:48,027 - [test_11main.py-->line:83] - ERROR:  :: 0 != 1004
Traceback (most recent call last):
  File "X:\软件安装包\pycharm\PyCharm Community Edition 2018.3.5\helpers\pycharm\teamcity\diff_tools.py", line 32, in _patched_equals
    old(self, first, second, msg)
  File "C:\Users\兔子\AppData\Local\Programs\Python\Python37\lib\unittest\case.py", line 839, in assertEqual
    assertion_func(first, second, msg=msg)
  File "C:\Users\兔子\AppData\Local\Programs\Python\Python37\lib\unittest\case.py", line 832, in _baseAssertEqual
    raise self.failureException(msg)
AssertionError: 0 != 1004

During handling of the above exception, another exception occurred:

Traceback (most recent call last):
  File "F:\python37test\20200917APITEST\testcases\test_11main.py", line 76, in test_main
    self.assertEqual(expected['code'],res['code'])
  File "X:\软件安装包\pycharm\PyCharm Community Edition 2018.3.5\helpers\pycharm\teamcity\diff_tools.py", line 38, in _patched_equals
    raise error
teamcity.diff_tools.EqualsAssertionError:  :: 0 != 1004
2020-10-18 02:46:49,870 - [test_11main.py-->line:88] - ERROR: 测试用例--更改昵称--测试通过
2020-10-18 02:46:50,535 - [test_11main.py-->line:88] - ERROR: 测试用例--充值--测试通过
2020-10-18 02:47:49,207 - [test_11main.py-->line:88] - ERROR: 测试用例--普通用户注册--测试通过
2020-10-18 02:47:49,963 - [test_11main.py-->line:88] - ERROR: 测试用例--普通用户登录--测试通过
2020-10-18 02:47:50,580 - [test_11main.py-->line:88] - ERROR: 测试用例--普通用户加标--测试通过
2020-10-18 02:47:51,561 - [test_11main.py-->line:88] - ERROR: 测试用例--管理员注册--测试通过
2020-10-18 02:47:52,452 - [test_11main.py-->line:88] - ERROR: 测试用例--管理员登录--测试通过
2020-10-18 02:47:53,083 - [test_11main.py-->line:88] - ERROR: 测试用例--管理员审核通过--测试通过
2020-10-18 02:47:54,167 - [test_11main.py-->line:88] - ERROR: 测试用例--投资人注册--测试通过
2020-10-18 02:47:54,978 - [test_11main.py-->line:88] - ERROR: 测试用例--投资人登录--测试通过
2020-10-18 02:47:55,646 - [test_11main.py-->line:88] - ERROR: 测试用例--获取投资人信息--测试通过
2020-10-18 02:47:56,273 - [test_11main.py-->line:88] - ERROR: 测试用例--更改昵称--测试通过
2020-10-18 02:47:56,981 - [test_11main.py-->line:88] - ERROR: 测试用例--充值--测试通过
2020-10-18 02:49:01,164 - [test_11main.py-->line:88] - ERROR: 测试用例--普通用户注册--测试通过
2020-10-18 02:49:01,946 - [test_11main.py-->line:88] - ERROR: 测试用例--普通用户登录--测试通过
2020-10-18 02:49:02,652 - [test_11main.py-->line:88] - ERROR: 测试用例--普通用户加标--测试通过
2020-10-18 02:49:03,619 - [test_11main.py-->line:88] - ERROR: 测试用例--管理员注册--测试通过
2020-10-18 02:49:04,470 - [test_11main.py-->line:88] - ERROR: 测试用例--管理员登录--测试通过
2020-10-18 02:49:05,095 - [test_11main.py-->line:88] - ERROR: 测试用例--管理员审核通过--测试通过
2020-10-18 02:49:06,067 - [test_11main.py-->line:88] - ERROR: 测试用例--投资人注册--测试通过
2020-10-18 02:49:07,018 - [test_11main.py-->line:88] - ERROR: 测试用例--投资人登录--测试通过
2020-10-18 02:49:07,690 - [test_11main.py-->line:88] - ERROR: 测试用例--获取投资人信息--测试通过
2020-10-18 02:49:08,480 - [test_11main.py-->line:88] - ERROR: 测试用例--更改昵称--测试通过
2020-10-18 02:49:09,426 - [test_11main.py-->line:88] - ERROR: 测试用例--充值--测试通过
2020-10-18 02:49:10,774 - [test_11main.py-->line:88] - ERROR: 测试用例--提现--测试通过
2020-10-18 02:49:11,612 - [test_11main.py-->line:88] - ERROR: 测试用例--获取项目列表--测试通过
2020-10-18 02:51:30,512 - [test_11main.py-->line:88] - ERROR: 测试用例--普通用户注册--测试通过
2020-10-18 02:51:31,650 - [test_11main.py-->line:88] - ERROR: 测试用例--普通用户登录--测试通过
2020-10-18 02:51:32,668 - [test_11main.py-->line:88] - ERROR: 测试用例--普通用户加标--测试通过
2020-10-18 02:51:34,079 - [test_11main.py-->line:88] - ERROR: 测试用例--管理员注册--测试通过
2020-10-18 02:51:35,274 - [test_11main.py-->line:88] - ERROR: 测试用例--管理员登录--测试通过
2020-10-18 02:51:36,241 - [test_11main.py-->line:88] - ERROR: 测试用例--管理员审核通过--测试通过
2020-10-18 02:51:37,539 - [test_11main.py-->line:88] - ERROR: 测试用例--投资人注册--测试通过
2020-10-18 02:51:38,709 - [test_11main.py-->line:88] - ERROR: 测试用例--投资人登录--测试通过
2020-10-18 02:51:39,905 - [test_11main.py-->line:88] - ERROR: 测试用例--获取投资人信息--测试通过
2020-10-18 02:51:40,878 - [test_11main.py-->line:88] - ERROR: 测试用例--更改昵称--测试通过
2020-10-18 02:51:41,887 - [test_11main.py-->line:88] - ERROR: 测试用例--充值--测试通过
2020-10-18 02:51:42,969 - [test_11main.py-->line:88] - ERROR: 测试用例--投资人投资100--测试通过
2020-10-18 02:51:44,002 - [test_11main.py-->line:88] - ERROR: 测试用例--提现--测试通过
2020-10-18 02:51:45,045 - [test_11main.py-->line:88] - ERROR: 测试用例--获取项目列表--测试通过
2020-10-18 12:07:07,311 - [run_test.py-->line:20] - INFO: -------测试开始执行--------
2020-10-18 12:07:23,748 - [test_01register.py-->line:73] - INFO: 用例--正常注册-无注册名，用户类型--执行通过
2020-10-18 12:07:25,381 - [test_01register.py-->line:73] - INFO: 用例--普通会员正常注册--执行通过
2020-10-18 12:07:26,775 - [test_01register.py-->line:73] - INFO: 用例--管理员正常注册--执行通过
2020-10-18 12:07:27,894 - [test_01register.py-->line:73] - INFO: 用例--重复注册--执行通过
2020-10-18 12:07:28,706 - [test_01register.py-->line:73] - INFO: 用例--手机号10位--执行通过
2020-10-18 12:07:29,842 - [test_01register.py-->line:73] - INFO: 用例--手机号12位--执行通过
2020-10-18 12:07:30,635 - [test_01register.py-->line:73] - INFO: 用例--输入不存在的号段--执行通过
2020-10-18 12:07:31,527 - [test_01register.py-->line:73] - INFO: 用例--手机号为空--执行通过
2020-10-18 12:07:32,346 - [test_01register.py-->line:73] - INFO: 用例--密码为空--执行通过
2020-10-18 12:07:33,440 - [test_01register.py-->line:73] - INFO: 用例--所有参数为空--执行通过
2020-10-18 12:07:34,571 - [test_01register.py-->line:73] - INFO: 用例--密码7位--执行通过
2020-10-18 12:07:35,473 - [test_01register.py-->line:73] - INFO: 用例--密码17位--执行通过
2020-10-18 12:07:36,621 - [test_01register.py-->line:66] - ERROR: 用例--类型输入小数--执行未通过
2020-10-18 12:07:36,621 - [test_01register.py-->line:67] - ERROR: 2 != 1004
Traceback (most recent call last):
  File "F:\python37test\20200917APITEST\testcases\test_01register.py", line 50, in test_register
    self.assertEqual(res['code'],expected['code'])
  File "C:\Users\兔子\AppData\Local\Programs\Python\Python37\lib\unittest\case.py", line 839, in assertEqual
    assertion_func(first, second, msg=msg)
  File "C:\Users\兔子\AppData\Local\Programs\Python\Python37\lib\unittest\case.py", line 832, in _baseAssertEqual
    raise self.failureException(msg)
AssertionError: 2 != 1004
2020-10-18 12:07:36,632 - [test_01register.py-->line:68] - DEBUG: 预期结果:{'code': 1004, 'msg': 'JSON parse error: Cannot deserialize value of type `java.lang.Integer` from String "0.1": not a valid Integer value; nested exception is com.fasterxml.jackson.databind.exc.InvalidFormatException: Cannot deserialize value of type `java.lang.Integer` from String "0.1": not a valid Integer value\n at [Source: (PushbackInputStream); line: 1, column: 68] (through reference chain: com.lemon.pojo.Member["type"])'}
2020-10-18 12:07:36,633 - [test_01register.py-->line:69] - DEBUG: 实际结果:{'code': 2, 'msg': '账号已存在', 'data': None, 'copyright': 'Copyright 柠檬班 © 2017-2020 湖南省零檬信息技术有限公司 All Rights Reserved'}
2020-10-18 12:07:37,703 - [test_01register.py-->line:73] - INFO: 用例--类型输入负数--执行通过
2020-10-18 12:07:38,905 - [test_01register.py-->line:73] - INFO: 用例--类型输入非0、非1--执行通过
2020-10-18 12:07:40,136 - [test_01register.py-->line:66] - ERROR: 用例--类型输入字符类型--执行未通过
2020-10-18 12:07:40,136 - [test_01register.py-->line:67] - ERROR: 0 != 1004
Traceback (most recent call last):
  File "F:\python37test\20200917APITEST\testcases\test_01register.py", line 50, in test_register
    self.assertEqual(res['code'],expected['code'])
  File "C:\Users\兔子\AppData\Local\Programs\Python\Python37\lib\unittest\case.py", line 839, in assertEqual
    assertion_func(first, second, msg=msg)
  File "C:\Users\兔子\AppData\Local\Programs\Python\Python37\lib\unittest\case.py", line 832, in _baseAssertEqual
    raise self.failureException(msg)
AssertionError: 0 != 1004
2020-10-18 12:07:40,138 - [test_01register.py-->line:68] - DEBUG: 预期结果:{'code': 1004, 'msg': 'JSON parse error: Cannot deserialize value of type `java.lang.Integer` from String "2a": not a valid Integer value; nested exception is com.fasterxml.jackson.databind.exc.InvalidFormatException: Cannot deserialize value of type `java.lang.Integer` from String "2a": not a valid Integer value\n at [Source: (PushbackInputStream); line: 1, column: 68] (through reference chain: com.lemon.pojo.Member["type"])'}
2020-10-18 12:07:40,138 - [test_01register.py-->line:69] - DEBUG: 实际结果:{'code': 0, 'msg': 'OK', 'data': {'id': 184493, 'reg_name': '小柠檬', 'mobile_phone': '15587980576'}, 'copyright': 'Copyright 柠檬班 © 2017-2020 湖南省零檬信息技术有限公司 All Rights Reserved'}
2020-10-18 12:07:41,087 - [test_01register.py-->line:73] - INFO: 用例--注册名11位--执行通过
2020-10-18 12:07:42,160 - [test_02login.py-->line:51] - INFO: 用例--正常登录--执行通过
2020-10-18 12:07:43,113 - [test_02login.py-->line:51] - INFO: 用例--输入错误的手机号--执行通过
2020-10-18 12:07:44,362 - [test_02login.py-->line:51] - INFO: 用例--输入错误的密码--执行通过
2020-10-18 12:07:45,269 - [test_02login.py-->line:44] - ERROR: 用例--不输入手机号--执行未通过
2020-10-18 12:07:45,269 - [test_02login.py-->line:45] - ERROR: 2 != 1
Traceback (most recent call last):
  File "F:\python37test\20200917APITEST\testcases\test_02login.py", line 41, in test_login
    self.assertEqual(expected['code'],res['code'])
  File "C:\Users\兔子\AppData\Local\Programs\Python\Python37\lib\unittest\case.py", line 839, in assertEqual
    assertion_func(first, second, msg=msg)
  File "C:\Users\兔子\AppData\Local\Programs\Python\Python37\lib\unittest\case.py", line 832, in _baseAssertEqual
    raise self.failureException(msg)
AssertionError: 2 != 1
2020-10-18 12:07:45,272 - [test_02login.py-->line:46] - DEBUG: 预期结果:{'code': 2, 'msg': '手机号码为空'}
2020-10-18 12:07:45,276 - [test_02login.py-->line:47] - DEBUG: 实际结果:{'code': 1, 'msg': '手机号码为空', 'data': None, 'copyright': 'Copyright 柠檬班 © 2017-2020 湖南省零檬信息技术有限公司 All Rights Reserved'}
2020-10-18 12:07:46,168 - [test_02login.py-->line:44] - ERROR: 用例--不输入密码--执行未通过
2020-10-18 12:07:46,168 - [test_02login.py-->line:45] - ERROR: 2 != 1
Traceback (most recent call last):
  File "F:\python37test\20200917APITEST\testcases\test_02login.py", line 41, in test_login
    self.assertEqual(expected['code'],res['code'])
  File "C:\Users\兔子\AppData\Local\Programs\Python\Python37\lib\unittest\case.py", line 839, in assertEqual
    assertion_func(first, second, msg=msg)
  File "C:\Users\兔子\AppData\Local\Programs\Python\Python37\lib\unittest\case.py", line 832, in _baseAssertEqual
    raise self.failureException(msg)
AssertionError: 2 != 1
2020-10-18 12:07:46,170 - [test_02login.py-->line:46] - DEBUG: 预期结果:{'code': 2, 'msg': '密码为空'}
2020-10-18 12:07:46,171 - [test_02login.py-->line:47] - DEBUG: 实际结果:{'code': 1, 'msg': '密码为空', 'data': None, 'copyright': 'Copyright 柠檬班 © 2017-2020 湖南省零檬信息技术有限公司 All Rights Reserved'}
2020-10-18 12:07:47,107 - [test_02login.py-->line:44] - ERROR: 用例--不输入参数--执行未通过
2020-10-18 12:07:47,108 - [test_02login.py-->line:45] - ERROR: 2 != 1
Traceback (most recent call last):
  File "F:\python37test\20200917APITEST\testcases\test_02login.py", line 41, in test_login
    self.assertEqual(expected['code'],res['code'])
  File "C:\Users\兔子\AppData\Local\Programs\Python\Python37\lib\unittest\case.py", line 839, in assertEqual
    assertion_func(first, second, msg=msg)
  File "C:\Users\兔子\AppData\Local\Programs\Python\Python37\lib\unittest\case.py", line 832, in _baseAssertEqual
    raise self.failureException(msg)
AssertionError: 2 != 1
2020-10-18 12:07:47,111 - [test_02login.py-->line:46] - DEBUG: 预期结果:{'code': 2, 'msg': '手机号码为空'}
2020-10-18 12:07:47,111 - [test_02login.py-->line:47] - DEBUG: 实际结果:{'code': 1, 'msg': '手机号码为空', 'data': None, 'copyright': 'Copyright 柠檬班 © 2017-2020 湖南省零檬信息技术有限公司 All Rights Reserved'}
2020-10-18 12:07:48,103 - [test_02login.py-->line:51] - INFO: 用例--输入未注册的手机号--执行通过
2020-10-18 12:07:50,066 - [test_03recharge.py-->line:111] - INFO: 用例--反_输入错误的会员id--执行通过
2020-10-18 12:07:50,885 - [test_03recharge.py-->line:111] - INFO: 用例--会员Id小数--执行通过
2020-10-18 12:07:51,770 - [test_03recharge.py-->line:104] - ERROR: 用例--反_充值金额0元--执行未通过
2020-10-18 12:07:51,770 - [test_03recharge.py-->line:105] - ERROR: 0 != 2
Traceback (most recent call last):
  File "F:\python37test\20200917APITEST\testcases\test_03recharge.py", line 96, in test_recharge
    self.assertEqual(res['code'],expected['code'])
  File "C:\Users\兔子\AppData\Local\Programs\Python\Python37\lib\unittest\case.py", line 839, in assertEqual
    assertion_func(first, second, msg=msg)
  File "C:\Users\兔子\AppData\Local\Programs\Python\Python37\lib\unittest\case.py", line 832, in _baseAssertEqual
    raise self.failureException(msg)
AssertionError: 0 != 2
2020-10-18 12:07:51,772 - [test_03recharge.py-->line:106] - DEBUG: 预期结果:{'code': 2, 'msg': '金额必须大于0并且小于或者等于500000'}
2020-10-18 12:07:51,773 - [test_03recharge.py-->line:107] - DEBUG: 实际结果:{'code': 0, 'msg': 'OK', 'data': {'id': 18400, 'leave_amount': 5009136.13, 'mobile_phone': '13799746591', 'reg_name': 'Z', 'reg_time': '2020-09-13 22:21:49.0', 'type': 0}, 'copyright': 'Copyright 柠檬班 © 2017-2020 湖南省零檬信息技术有限公司 All Rights Reserved'}
2020-10-18 12:07:52,688 - [test_03recharge.py-->line:104] - ERROR: 用例--反_充值金额负数--执行未通过
2020-10-18 12:07:52,689 - [test_03recharge.py-->line:105] - ERROR: '余额必须大于0并且小于或者等于500000' != '金额必须大于0并且小于或者等于500000'
- 余额必须大于0并且小于或者等于500000
? ^
+ 金额必须大于0并且小于或者等于500000
? ^
Traceback (most recent call last):
  File "F:\python37test\20200917APITEST\testcases\test_03recharge.py", line 97, in test_recharge
    self.assertEqual(res['msg'],expected['msg'])
  File "C:\Users\兔子\AppData\Local\Programs\Python\Python37\lib\unittest\case.py", line 839, in assertEqual
    assertion_func(first, second, msg=msg)
  File "C:\Users\兔子\AppData\Local\Programs\Python\Python37\lib\unittest\case.py", line 1220, in assertMultiLineEqual
    self.fail(self._formatMessage(msg, standardMsg))
  File "C:\Users\兔子\AppData\Local\Programs\Python\Python37\lib\unittest\case.py", line 680, in fail
    raise self.failureException(msg)
AssertionError: '余额必须大于0并且小于或者等于500000' != '金额必须大于0并且小于或者等于500000'
- 余额必须大于0并且小于或者等于500000
? ^
+ 金额必须大于0并且小于或者等于500000
? ^

2020-10-18 12:07:52,691 - [test_03recharge.py-->line:106] - DEBUG: 预期结果:{'code': 2, 'msg': '金额必须大于0并且小于或者等于500000'}
2020-10-18 12:07:52,691 - [test_03recharge.py-->line:107] - DEBUG: 实际结果:{'code': 2, 'msg': '余额必须大于0并且小于或者等于500000', 'data': None, 'copyright': 'Copyright 柠檬班 © 2017-2020 湖南省零檬信息技术有限公司 All Rights Reserved'}
2020-10-18 12:07:53,946 - [test_03recharge.py-->line:104] - ERROR: 用例--反_充值金额大于50万--执行未通过
2020-10-18 12:07:53,947 - [test_03recharge.py-->line:105] - ERROR: '余额必须大于0并且小于或者等于500000' != '金额必须大于0并且小于或者等于500000'
- 余额必须大于0并且小于或者等于500000
? ^
+ 金额必须大于0并且小于或者等于500000
? ^
Traceback (most recent call last):
  File "F:\python37test\20200917APITEST\testcases\test_03recharge.py", line 97, in test_recharge
    self.assertEqual(res['msg'],expected['msg'])
  File "C:\Users\兔子\AppData\Local\Programs\Python\Python37\lib\unittest\case.py", line 839, in assertEqual
    assertion_func(first, second, msg=msg)
  File "C:\Users\兔子\AppData\Local\Programs\Python\Python37\lib\unittest\case.py", line 1220, in assertMultiLineEqual
    self.fail(self._formatMessage(msg, standardMsg))
  File "C:\Users\兔子\AppData\Local\Programs\Python\Python37\lib\unittest\case.py", line 680, in fail
    raise self.failureException(msg)
AssertionError: '余额必须大于0并且小于或者等于500000' != '金额必须大于0并且小于或者等于500000'
- 余额必须大于0并且小于或者等于500000
? ^
+ 金额必须大于0并且小于或者等于500000
? ^

2020-10-18 12:07:53,948 - [test_03recharge.py-->line:106] - DEBUG: 预期结果:{'code': 2, 'msg': '金额必须大于0并且小于或者等于500000'}
2020-10-18 12:07:53,948 - [test_03recharge.py-->line:107] - DEBUG: 实际结果:{'code': 2, 'msg': '余额必须大于0并且小于或者等于500000', 'data': None, 'copyright': 'Copyright 柠檬班 © 2017-2020 湖南省零檬信息技术有限公司 All Rights Reserved'}
2020-10-18 12:07:54,922 - [test_03recharge.py-->line:104] - ERROR: 用例--反_充值金额3位小数--执行未通过
2020-10-18 12:07:54,925 - [test_03recharge.py-->line:105] - ERROR: '余额小数超过两位' != '金额小数超过两位'
- 余额小数超过两位
? ^
+ 金额小数超过两位
? ^
Traceback (most recent call last):
  File "F:\python37test\20200917APITEST\testcases\test_03recharge.py", line 97, in test_recharge
    self.assertEqual(res['msg'],expected['msg'])
  File "C:\Users\兔子\AppData\Local\Programs\Python\Python37\lib\unittest\case.py", line 839, in assertEqual
    assertion_func(first, second, msg=msg)
  File "C:\Users\兔子\AppData\Local\Programs\Python\Python37\lib\unittest\case.py", line 1220, in assertMultiLineEqual
    self.fail(self._formatMessage(msg, standardMsg))
  File "C:\Users\兔子\AppData\Local\Programs\Python\Python37\lib\unittest\case.py", line 680, in fail
    raise self.failureException(msg)
AssertionError: '余额小数超过两位' != '金额小数超过两位'
- 余额小数超过两位
? ^
+ 金额小数超过两位
? ^

2020-10-18 12:07:54,929 - [test_03recharge.py-->line:106] - DEBUG: 预期结果:{'code': 2, 'msg': '金额小数超过两位'}
2020-10-18 12:07:54,929 - [test_03recharge.py-->line:107] - DEBUG: 实际结果:{'code': 2, 'msg': '余额小数超过两位', 'data': None, 'copyright': 'Copyright 柠檬班 © 2017-2020 湖南省零檬信息技术有限公司 All Rights Reserved'}
2020-10-18 12:07:55,774 - [test_03recharge.py-->line:104] - ERROR: 用例--充值金额为字符串--执行未通过
2020-10-18 12:07:55,775 - [test_03recharge.py-->line:105] - ERROR: 0 != 2
Traceback (most recent call last):
  File "F:\python37test\20200917APITEST\testcases\test_03recharge.py", line 96, in test_recharge
    self.assertEqual(res['code'],expected['code'])
  File "C:\Users\兔子\AppData\Local\Programs\Python\Python37\lib\unittest\case.py", line 839, in assertEqual
    assertion_func(first, second, msg=msg)
  File "C:\Users\兔子\AppData\Local\Programs\Python\Python37\lib\unittest\case.py", line 832, in _baseAssertEqual
    raise self.failureException(msg)
AssertionError: 0 != 2
2020-10-18 12:07:55,777 - [test_03recharge.py-->line:106] - DEBUG: 预期结果:{'code': 2, 'msg': '数字格式化异常'}
2020-10-18 12:07:55,777 - [test_03recharge.py-->line:107] - DEBUG: 实际结果:{'code': 0, 'msg': 'OK', 'data': {'id': 18400, 'leave_amount': 5009236.13, 'mobile_phone': '13799746591', 'reg_name': 'Z', 'reg_time': '2020-09-13 22:21:49.0', 'type': 0}, 'copyright': 'Copyright 柠檬班 © 2017-2020 湖南省零檬信息技术有限公司 All Rights Reserved'}
2020-10-18 12:07:56,709 - [test_03recharge.py-->line:111] - INFO: 用例--反_会员id为空--执行通过
2020-10-18 12:07:57,532 - [test_03recharge.py-->line:104] - ERROR: 用例--反_充值金额为空--执行未通过
2020-10-18 12:07:57,533 - [test_03recharge.py-->line:105] - ERROR: 2 != 1
Traceback (most recent call last):
  File "F:\python37test\20200917APITEST\testcases\test_03recharge.py", line 96, in test_recharge
    self.assertEqual(res['code'],expected['code'])
  File "C:\Users\兔子\AppData\Local\Programs\Python\Python37\lib\unittest\case.py", line 839, in assertEqual
    assertion_func(first, second, msg=msg)
  File "C:\Users\兔子\AppData\Local\Programs\Python\Python37\lib\unittest\case.py", line 832, in _baseAssertEqual
    raise self.failureException(msg)
AssertionError: 2 != 1
2020-10-18 12:07:57,535 - [test_03recharge.py-->line:106] - DEBUG: 预期结果:{'code': 1, 'msg': '金额为空'}
2020-10-18 12:07:57,535 - [test_03recharge.py-->line:107] - DEBUG: 实际结果:{'code': 2, 'msg': '余额必须为数值型', 'data': None, 'copyright': 'Copyright 柠檬班 © 2017-2020 湖南省零檬信息技术有限公司 All Rights Reserved'}
2020-10-18 12:07:58,415 - [test_03recharge.py-->line:111] - INFO: 用例--反_所有参数为空--执行通过
2020-10-18 12:07:59,512 - [test_03recharge.py-->line:104] - ERROR: 用例--反_会员id为字符串--执行未通过
2020-10-18 12:07:59,515 - [test_03recharge.py-->line:105] - ERROR: 0 != 2
Traceback (most recent call last):
  File "F:\python37test\20200917APITEST\testcases\test_03recharge.py", line 96, in test_recharge
    self.assertEqual(res['code'],expected['code'])
  File "C:\Users\兔子\AppData\Local\Programs\Python\Python37\lib\unittest\case.py", line 839, in assertEqual
    assertion_func(first, second, msg=msg)
  File "C:\Users\兔子\AppData\Local\Programs\Python\Python37\lib\unittest\case.py", line 832, in _baseAssertEqual
    raise self.failureException(msg)
AssertionError: 0 != 2
2020-10-18 12:07:59,518 - [test_03recharge.py-->line:106] - DEBUG: 预期结果:{'code': 2, 'msg': '数字格式化异常'}
2020-10-18 12:07:59,519 - [test_03recharge.py-->line:107] - DEBUG: 实际结果:{'code': 0, 'msg': 'OK', 'data': {'id': 18400, 'leave_amount': 5009336.13, 'mobile_phone': '13799746591', 'reg_name': 'Z', 'reg_time': '2020-09-13 22:21:49.0', 'type': 0}, 'copyright': 'Copyright 柠檬班 © 2017-2020 湖南省零檬信息技术有限公司 All Rights Reserved'}
2020-10-18 12:08:00,771 - [test_04withdraw.py-->line:90] - INFO: 测试———正常提现0.01元—————执行通过
2020-10-18 12:08:01,790 - [test_04withdraw.py-->line:90] - INFO: 测试———正常提现50万—————执行通过
2020-10-18 12:08:02,928 - [test_04withdraw.py-->line:90] - INFO: 测试———正_提现1位小数—————执行通过
2020-10-18 12:08:04,208 - [test_04withdraw.py-->line:90] - INFO: 测试———正_取现正整数—————执行通过
2020-10-18 12:08:04,276 - [test_04withdraw.py-->line:82] - ERROR: 测试———会员id不是已登陆的Id—————执行未通过
2020-10-18 12:08:04,276 - [test_04withdraw.py-->line:83] - DEBUG: 预期结果：{'code': 2, 'msg': '会员不存在'}
2020-10-18 12:08:04,277 - [test_04withdraw.py-->line:84] - DEBUG: 实际结果：
2020-10-18 12:08:04,277 - [test_04withdraw.py-->line:85] - ERROR: 1007 != 2
Traceback (most recent call last):
  File "F:\python37test\20200917APITEST\testcases\test_04withdraw.py", line 75, in test_withdraw
    self.assertEqual(res['code'],expected['code'])
  File "C:\Users\兔子\AppData\Local\Programs\Python\Python37\lib\unittest\case.py", line 839, in assertEqual
    assertion_func(first, second, msg=msg)
  File "C:\Users\兔子\AppData\Local\Programs\Python\Python37\lib\unittest\case.py", line 832, in _baseAssertEqual
    raise self.failureException(msg)
AssertionError: 1007 != 2
2020-10-18 12:08:05,155 - [test_04withdraw.py-->line:82] - ERROR: 测试———提现0元—————执行未通过
2020-10-18 12:08:05,157 - [test_04withdraw.py-->line:83] - DEBUG: 预期结果：{'code': 2, 'msg': '金额必须大于0并且小于或者等于500000'}
2020-10-18 12:08:05,159 - [test_04withdraw.py-->line:84] - DEBUG: 实际结果：
2020-10-18 12:08:05,160 - [test_04withdraw.py-->line:85] - ERROR: 0 != 2
Traceback (most recent call last):
  File "F:\python37test\20200917APITEST\testcases\test_04withdraw.py", line 75, in test_withdraw
    self.assertEqual(res['code'],expected['code'])
  File "C:\Users\兔子\AppData\Local\Programs\Python\Python37\lib\unittest\case.py", line 839, in assertEqual
    assertion_func(first, second, msg=msg)
  File "C:\Users\兔子\AppData\Local\Programs\Python\Python37\lib\unittest\case.py", line 832, in _baseAssertEqual
    raise self.failureException(msg)
AssertionError: 0 != 2
2020-10-18 12:08:06,903 - [test_04withdraw.py-->line:90] - INFO: 测试———提现负数—————执行通过
2020-10-18 12:08:06,963 - [test_04withdraw.py-->line:82] - ERROR: 测试———提现超过2位小数—————执行未通过
2020-10-18 12:08:06,964 - [test_04withdraw.py-->line:83] - DEBUG: 预期结果：{'code': 2, 'msg': '金额小数超过两位'}
2020-10-18 12:08:06,964 - [test_04withdraw.py-->line:84] - DEBUG: 实际结果：
2020-10-18 12:08:06,965 - [test_04withdraw.py-->line:85] - ERROR: '余额小数超过两位' != '金额小数超过两位'
- 余额小数超过两位
? ^
+ 金额小数超过两位
? ^
Traceback (most recent call last):
  File "F:\python37test\20200917APITEST\testcases\test_04withdraw.py", line 76, in test_withdraw
    self.assertEqual(res['msg'],expected['msg'])
  File "C:\Users\兔子\AppData\Local\Programs\Python\Python37\lib\unittest\case.py", line 839, in assertEqual
    assertion_func(first, second, msg=msg)
  File "C:\Users\兔子\AppData\Local\Programs\Python\Python37\lib\unittest\case.py", line 1220, in assertMultiLineEqual
    self.fail(self._formatMessage(msg, standardMsg))
  File "C:\Users\兔子\AppData\Local\Programs\Python\Python37\lib\unittest\case.py", line 680, in fail
    raise self.failureException(msg)
AssertionError: '余额小数超过两位' != '金额小数超过两位'
- 余额小数超过两位
? ^
+ 金额小数超过两位
? ^

2020-10-18 12:08:08,769 - [test_04withdraw.py-->line:90] - INFO: 测试———会员Id为空—————执行通过
2020-10-18 12:08:08,837 - [test_04withdraw.py-->line:82] - ERROR: 测试———提现金额为空—————执行未通过
2020-10-18 12:08:08,837 - [test_04withdraw.py-->line:83] - DEBUG: 预期结果：{'code': 1, 'msg': '金额为空'}
2020-10-18 12:08:08,838 - [test_04withdraw.py-->line:84] - DEBUG: 实际结果：
2020-10-18 12:08:08,838 - [test_04withdraw.py-->line:85] - ERROR: '余额为空' != '金额为空'
- 余额为空
? ^
+ 金额为空
? ^
Traceback (most recent call last):
  File "F:\python37test\20200917APITEST\testcases\test_04withdraw.py", line 76, in test_withdraw
    self.assertEqual(res['msg'],expected['msg'])
  File "C:\Users\兔子\AppData\Local\Programs\Python\Python37\lib\unittest\case.py", line 839, in assertEqual
    assertion_func(first, second, msg=msg)
  File "C:\Users\兔子\AppData\Local\Programs\Python\Python37\lib\unittest\case.py", line 1220, in assertMultiLineEqual
    self.fail(self._formatMessage(msg, standardMsg))
  File "C:\Users\兔子\AppData\Local\Programs\Python\Python37\lib\unittest\case.py", line 680, in fail
    raise self.failureException(msg)
AssertionError: '余额为空' != '金额为空'
- 余额为空
? ^
+ 金额为空
? ^

2020-10-18 12:08:10,756 - [test_04withdraw.py-->line:90] - INFO: 测试———所有参数为空—————执行通过
2020-10-18 12:08:11,575 - [test_04withdraw.py-->line:90] - INFO: 测试———提现50.01万—————执行通过
2020-10-18 12:08:11,645 - [test_04withdraw.py-->line:82] - ERROR: 测试———提现金额非数字—————执行未通过
2020-10-18 12:08:11,646 - [test_04withdraw.py-->line:83] - DEBUG: 预期结果：{'code': 2, 'msg': '数字格式化异常'}
2020-10-18 12:08:11,646 - [test_04withdraw.py-->line:84] - DEBUG: 实际结果：
2020-10-18 12:08:11,646 - [test_04withdraw.py-->line:85] - ERROR: 0 != 2
Traceback (most recent call last):
  File "F:\python37test\20200917APITEST\testcases\test_04withdraw.py", line 75, in test_withdraw
    self.assertEqual(res['code'],expected['code'])
  File "C:\Users\兔子\AppData\Local\Programs\Python\Python37\lib\unittest\case.py", line 839, in assertEqual
    assertion_func(first, second, msg=msg)
  File "C:\Users\兔子\AppData\Local\Programs\Python\Python37\lib\unittest\case.py", line 832, in _baseAssertEqual
    raise self.failureException(msg)
AssertionError: 0 != 2
2020-10-18 12:08:12,627 - [test_04withdraw.py-->line:82] - ERROR: 测试———提现金额大于余额—————执行未通过
2020-10-18 12:08:12,627 - [test_04withdraw.py-->line:83] - DEBUG: 预期结果：{'code': 1002, 'msg': '余额不足'}
2020-10-18 12:08:12,628 - [test_04withdraw.py-->line:84] - DEBUG: 实际结果：
2020-10-18 12:08:12,628 - [test_04withdraw.py-->line:85] - ERROR: 0 != 1002
Traceback (most recent call last):
  File "F:\python37test\20200917APITEST\testcases\test_04withdraw.py", line 75, in test_withdraw
    self.assertEqual(res['code'],expected['code'])
  File "C:\Users\兔子\AppData\Local\Programs\Python\Python37\lib\unittest\case.py", line 839, in assertEqual
    assertion_func(first, second, msg=msg)
  File "C:\Users\兔子\AppData\Local\Programs\Python\Python37\lib\unittest\case.py", line 832, in _baseAssertEqual
    raise self.failureException(msg)
AssertionError: 0 != 1002
2020-10-18 12:08:14,119 - [test_05add.py-->line:92] - DEBUG: 预期结果：
2020-10-18 12:08:14,119 - [test_05add.py-->line:93] - DEBUG: 实际结果：
2020-10-18 12:08:14,120 - [test_05add.py-->line:94] - ERROR: 测试用例--正常调用验证1--测试不通过
2020-10-18 12:08:14,120 - [test_05add.py-->line:95] - ERROR: 1 != 0
Traceback (most recent call last):
  File "F:\python37test\20200917APITEST\testcases\test_05add.py", line 88, in test_add
    self.assertEquals(1,end_count-start_count)
  File "C:\Users\兔子\AppData\Local\Programs\Python\Python37\lib\unittest\case.py", line 1338, in deprecated_func
    return original_func(*args, **kwargs)
  File "C:\Users\兔子\AppData\Local\Programs\Python\Python37\lib\unittest\case.py", line 839, in assertEqual
    assertion_func(first, second, msg=msg)
  File "C:\Users\兔子\AppData\Local\Programs\Python\Python37\lib\unittest\case.py", line 832, in _baseAssertEqual
    raise self.failureException(msg)
AssertionError: 1 != 0
2020-10-18 12:08:16,637 - [test_05add.py-->line:100] - ERROR: 测试用例--正常调用验证2--测试通过
2020-10-18 12:08:17,820 - [test_05add.py-->line:100] - ERROR: 测试用例--正常调用验证3--测试通过
2020-10-18 12:08:18,841 - [test_05add.py-->line:100] - ERROR: 测试用例--正常调用验证4--测试通过
2020-10-18 12:08:20,004 - [test_05add.py-->line:100] - ERROR: 测试用例--借款人id为空--测试通过
2020-10-18 12:08:21,042 - [test_05add.py-->line:100] - ERROR: 测试用例--借款人id不存在--测试通过
2020-10-18 12:08:21,956 - [test_05add.py-->line:100] - ERROR: 测试用例--借款人id输入小数--测试通过
2020-10-18 12:08:23,249 - [test_05add.py-->line:100] - ERROR: 测试用例--标题为空--测试通过
2020-10-18 12:08:24,617 - [test_05add.py-->line:100] - ERROR: 测试用例--借款金额为空--测试通过
2020-10-18 12:08:25,709 - [test_05add.py-->line:100] - ERROR: 测试用例--借款金额为0--测试通过
2020-10-18 12:08:26,958 - [test_05add.py-->line:100] - ERROR: 测试用例--借款金额为负数--测试通过
2020-10-18 12:08:27,039 - [test_05add.py-->line:92] - DEBUG: 预期结果：
2020-10-18 12:08:27,039 - [test_05add.py-->line:93] - DEBUG: 实际结果：
2020-10-18 12:08:27,040 - [test_05add.py-->line:94] - ERROR: 测试用例--借款金额含特殊字符--测试不通过
2020-10-18 12:08:27,040 - [test_05add.py-->line:95] - ERROR: 0 != 2
Traceback (most recent call last):
  File "F:\python37test\20200917APITEST\testcases\test_05add.py", line 80, in test_add
    self.assertEqual(res['code'],expected['code'])
  File "C:\Users\兔子\AppData\Local\Programs\Python\Python37\lib\unittest\case.py", line 839, in assertEqual
    assertion_func(first, second, msg=msg)
  File "C:\Users\兔子\AppData\Local\Programs\Python\Python37\lib\unittest\case.py", line 832, in _baseAssertEqual
    raise self.failureException(msg)
AssertionError: 0 != 2
2020-10-18 12:08:29,652 - [test_05add.py-->line:100] - ERROR: 测试用例--年利率为空--测试通过
2020-10-18 12:08:30,547 - [test_05add.py-->line:100] - ERROR: 测试用例--年利率为0--测试通过
2020-10-18 12:08:31,636 - [test_05add.py-->line:100] - ERROR: 测试用例--年利率为负数--测试通过
2020-10-18 12:08:32,663 - [test_05add.py-->line:100] - ERROR: 测试用例--年利率超过24--测试通过
2020-10-18 12:08:33,676 - [test_05add.py-->line:100] - ERROR: 测试用例--借款天数9天--测试通过
2020-10-18 12:08:34,693 - [test_05add.py-->line:100] - ERROR: 测试用例--借款天数46天--测试通过
2020-10-18 12:08:35,609 - [test_05add.py-->line:100] - ERROR: 测试用例--借款天数37月--测试通过
2020-10-18 12:08:37,098 - [test_05add.py-->line:100] - ERROR: 测试用例--借款天数负数--测试通过
2020-10-18 12:08:38,433 - [test_05add.py-->line:100] - ERROR: 测试用例--借款天数小数--测试通过
2020-10-18 12:08:39,942 - [test_05add.py-->line:100] - ERROR: 测试用例--借款期限为空--测试通过
2020-10-18 12:08:41,168 - [test_05add.py-->line:100] - ERROR: 测试用例--借款类型为空--测试通过
2020-10-18 12:08:42,481 - [test_05add.py-->line:100] - ERROR: 测试用例--借款类型非1、2--测试通过
2020-10-18 12:08:43,739 - [test_05add.py-->line:100] - ERROR: 测试用例--竞标天数为空--测试通过
2020-10-18 12:08:45,264 - [test_05add.py-->line:100] - ERROR: 测试用例--竞标天数大于10天--测试通过
2020-10-18 12:08:46,428 - [test_05add.py-->line:100] - ERROR: 测试用例--竞标天数为负数--测试通过
2020-10-18 12:08:47,680 - [test_05add.py-->line:100] - ERROR: 测试用例--竞标天数为小数--测试通过
2020-10-18 12:08:50,048 - [test_06audit.py-->line:139] - ERROR: 测试用例--审核通过--测试通过
2020-10-18 12:08:51,107 - [test_06audit.py-->line:139] - ERROR: 测试用例--审核不通过--测试通过
2020-10-18 12:08:52,414 - [test_06audit.py-->line:139] - ERROR: 测试用例--项目不在审核状态--测试通过
2020-10-18 12:08:54,888 - [test_06audit.py-->line:139] - ERROR: 测试用例--标id为空--测试通过
2020-10-18 12:08:56,162 - [test_06audit.py-->line:139] - ERROR: 测试用例--审核状态为空--测试通过
2020-10-18 12:08:57,300 - [test_06audit.py-->line:139] - ERROR: 测试用例--标id不存在--测试通过
2020-10-18 12:08:58,215 - [test_06audit.py-->line:139] - ERROR: 测试用例--审核状态不存在--测试通过
2020-10-18 12:08:58,353 - [test_06audit.py-->line:131] - DEBUG: 预期结果：
2020-10-18 12:08:58,354 - [test_06audit.py-->line:132] - DEBUG: 实际结果：
2020-10-18 12:08:58,354 - [test_06audit.py-->line:133] - ERROR: 测试用例--普通用户审核--测试不通过
2020-10-18 12:08:58,355 - [test_06audit.py-->line:134] - ERROR: 0 != 2
Traceback (most recent call last):
  File "F:\python37test\20200917APITEST\testcases\test_06audit.py", line 119, in test_audit
    self.assertEqual(res4['code'], expected['code'])
  File "C:\Users\兔子\AppData\Local\Programs\Python\Python37\lib\unittest\case.py", line 839, in assertEqual
    assertion_func(first, second, msg=msg)
  File "C:\Users\兔子\AppData\Local\Programs\Python\Python37\lib\unittest\case.py", line 832, in _baseAssertEqual
    raise self.failureException(msg)
AssertionError: 0 != 2
2020-10-18 12:09:00,902 - [test_07update.py-->line:78] - ERROR: 测试用例---正常更新-1位昵称---测试通过
2020-10-18 12:09:02,121 - [test_07update.py-->line:78] - ERROR: 测试用例---正常更新-10位昵称---测试通过
2020-10-18 12:09:02,920 - [test_07update.py-->line:78] - ERROR: 测试用例---昵称为空---测试通过
2020-10-18 12:09:04,063 - [test_07update.py-->line:78] - ERROR: 测试用例---昵称为空格---测试通过
2020-10-18 12:09:05,102 - [test_07update.py-->line:78] - ERROR: 测试用例---会员id为空---测试通过
2020-10-18 12:09:05,859 - [test_07update.py-->line:78] - ERROR: 测试用例---昵称11位---测试通过
2020-10-18 12:09:06,688 - [test_08invest.py-->line:127] - INFO: 用例--借款人登录--执行通过
2020-10-18 12:09:07,419 - [test_08invest.py-->line:127] - INFO: 用例--借款人加标--执行通过
2020-10-18 12:09:08,306 - [test_08invest.py-->line:127] - INFO: 用例--管理员登录--执行通过
2020-10-18 12:09:09,115 - [test_08invest.py-->line:127] - INFO: 用例--审核通过--执行通过
2020-10-18 12:09:10,146 - [test_08invest.py-->line:127] - INFO: 用例--投资人登录--执行通过
2020-10-18 12:09:11,132 - [test_08invest.py-->line:127] - INFO: 用例--投资人充值500000元--执行通过
2020-10-18 12:09:12,617 - [test_08invest.py-->line:127] - INFO: 用例--投资人投资100--执行通过
2020-10-18 12:09:13,532 - [test_08invest.py-->line:127] - INFO: 用例--不输入用户Id--执行通过
2020-10-18 12:09:14,422 - [test_08invest.py-->line:127] - INFO: 用例--不输入标id--执行通过
2020-10-18 12:09:15,075 - [test_08invest.py-->line:119] - ERROR: 用例--不输入投资金额--执行未通过
2020-10-18 12:09:15,075 - [test_08invest.py-->line:120] - ERROR: '余额为空' != '金额为空'
- 余额为空
? ^
+ 金额为空
? ^
Traceback (most recent call last):
  File "F:\python37test\20200917APITEST\testcases\test_08invest.py", line 98, in test_invest
    self.assertEqual(res['msg'],expected['msg'])
  File "C:\Users\兔子\AppData\Local\Programs\Python\Python37\lib\unittest\case.py", line 839, in assertEqual
    assertion_func(first, second, msg=msg)
  File "C:\Users\兔子\AppData\Local\Programs\Python\Python37\lib\unittest\case.py", line 1220, in assertMultiLineEqual
    self.fail(self._formatMessage(msg, standardMsg))
  File "C:\Users\兔子\AppData\Local\Programs\Python\Python37\lib\unittest\case.py", line 680, in fail
    raise self.failureException(msg)
AssertionError: '余额为空' != '金额为空'
- 余额为空
? ^
+ 金额为空
? ^

2020-10-18 12:09:15,078 - [test_08invest.py-->line:121] - DEBUG: 预期结果:{'code': 1, 'msg': '金额为空'}
2020-10-18 12:09:15,079 - [test_08invest.py-->line:122] - DEBUG: 实际结果:{'code': 1, 'msg': '余额为空', 'data': None, 'copyright': 'Copyright 柠檬班 © 2017-2020 湖南省零檬信息技术有限公司 All Rights Reserved'}
2020-10-18 12:09:15,881 - [test_08invest.py-->line:127] - INFO: 用例--投资金额为0--执行通过
2020-10-18 12:09:16,551 - [test_08invest.py-->line:127] - INFO: 用例--投资金额负数--执行通过
2020-10-18 12:09:17,305 - [test_08invest.py-->line:127] - INFO: 用例--投资金额非100整除--执行通过
2020-10-18 12:09:18,084 - [test_08invest.py-->line:127] - INFO: 用例--投资金额大于可投金额--执行通过
2020-10-18 12:09:19,672 - [test_08invest.py-->line:127] - INFO: 用例--满标--执行通过
2020-10-18 12:09:27,024 - [test_10loans.py-->line:47] - ERROR: __测试案例每页索引输入0__测试不通过_
2020-10-18 12:09:27,024 - [test_10loans.py-->line:48] - ERROR: 0 != 2
Traceback (most recent call last):
  File "F:\python37test\20200917APITEST\testcases\test_10loans.py", line 42, in test_loans
    self.assertEqual(res['code'], expected['code'])
  File "C:\Users\兔子\AppData\Local\Programs\Python\Python37\lib\unittest\case.py", line 839, in assertEqual
    assertion_func(first, second, msg=msg)
  File "C:\Users\兔子\AppData\Local\Programs\Python\Python37\lib\unittest\case.py", line 832, in _baseAssertEqual
    raise self.failureException(msg)
AssertionError: 0 != 2
2020-10-18 12:09:29,149 - [test_10loans.py-->line:50] - DEBUG: 实际结果：
2020-10-18 12:09:29,158 - [test_10loans.py-->line:51] - DEBUG: 预期结果：
2020-10-18 12:09:29,229 - [test_10loans.py-->line:47] - ERROR: __测试案例每页索引输入负数__测试不通过_
2020-10-18 12:09:29,230 - [test_10loans.py-->line:48] - ERROR: 0 != 2
Traceback (most recent call last):
  File "F:\python37test\20200917APITEST\testcases\test_10loans.py", line 42, in test_loans
    self.assertEqual(res['code'], expected['code'])
  File "C:\Users\兔子\AppData\Local\Programs\Python\Python37\lib\unittest\case.py", line 839, in assertEqual
    assertion_func(first, second, msg=msg)
  File "C:\Users\兔子\AppData\Local\Programs\Python\Python37\lib\unittest\case.py", line 832, in _baseAssertEqual
    raise self.failureException(msg)
AssertionError: 0 != 2
2020-10-18 12:09:30,970 - [test_10loans.py-->line:50] - DEBUG: 实际结果：
2020-10-18 12:09:30,971 - [test_10loans.py-->line:51] - DEBUG: 预期结果：
2020-10-18 12:09:31,055 - [test_10loans.py-->line:47] - ERROR: __测试案例每页索引输入小数__测试不通过_
2020-10-18 12:09:31,055 - [test_10loans.py-->line:48] - ERROR: 'Fail[24 chars]ype \'java.lang.String\' to required type \'ja[91 chars]1.1"' != 'Fail[24 chars]ype \\"java.lang.String\\" to required type \\[95 chars]1.1"'
- Failed to convert value of type 'java.lang.String' to required type 'java.lang.Integer'; nested exception is java.lang.NumberFormatException: For input string: "1.1"
?                                 ^                ^                  ^                 ^
+ Failed to convert value of type \"java.lang.String\" to required type \"java.lang.Integer\"; nested exception is java.lang.NumberFormatException: For input string: "1.1"
?                                 ^^                ^^                  ^^                 ^^
Traceback (most recent call last):
  File "F:\python37test\20200917APITEST\testcases\test_10loans.py", line 43, in test_loans
    self.assertEqual(res['msg'], expected['msg'])
  File "C:\Users\兔子\AppData\Local\Programs\Python\Python37\lib\unittest\case.py", line 839, in assertEqual
    assertion_func(first, second, msg=msg)
  File "C:\Users\兔子\AppData\Local\Programs\Python\Python37\lib\unittest\case.py", line 1220, in assertMultiLineEqual
    self.fail(self._formatMessage(msg, standardMsg))
  File "C:\Users\兔子\AppData\Local\Programs\Python\Python37\lib\unittest\case.py", line 680, in fail
    raise self.failureException(msg)
AssertionError: 'Fail[24 chars]ype \'java.lang.String\' to required type \'ja[91 chars]1.1"' != 'Fail[24 chars]ype \\"java.lang.String\\" to required type \\[95 chars]1.1"'
- Failed to convert value of type 'java.lang.String' to required type 'java.lang.Integer'; nested exception is java.lang.NumberFormatException: For input string: "1.1"
?                                 ^                ^                  ^                 ^
+ Failed to convert value of type \"java.lang.String\" to required type \"java.lang.Integer\"; nested exception is java.lang.NumberFormatException: For input string: "1.1"
?                                 ^^                ^^                  ^^                 ^^

2020-10-18 12:09:32,245 - [test_10loans.py-->line:50] - DEBUG: 实际结果：
2020-10-18 12:09:32,246 - [test_10loans.py-->line:51] - DEBUG: 预期结果：
2020-10-18 12:09:32,331 - [test_10loans.py-->line:47] - ERROR: __测试案例每页大小输入小数__测试不通过_
2020-10-18 12:09:32,332 - [test_10loans.py-->line:48] - ERROR: 'Fail[23 chars]type \'java.lang.String\' to required type \'j[92 chars]1.0"' != 'Fail[23 chars]type "java.lang.String" to required type "java[88 chars]1.0"'
- Failed to convert value of type 'java.lang.String' to required type 'java.lang.Integer'; nested exception is java.lang.NumberFormatException: For input string: "1.0"
?                                 ^                ^                  ^                 ^
+ Failed to convert value of type "java.lang.String" to required type "java.lang.Integer"; nested exception is java.lang.NumberFormatException: For input string: "1.0"
?                                 ^                ^                  ^                 ^
Traceback (most recent call last):
  File "F:\python37test\20200917APITEST\testcases\test_10loans.py", line 43, in test_loans
    self.assertEqual(res['msg'], expected['msg'])
  File "C:\Users\兔子\AppData\Local\Programs\Python\Python37\lib\unittest\case.py", line 839, in assertEqual
    assertion_func(first, second, msg=msg)
  File "C:\Users\兔子\AppData\Local\Programs\Python\Python37\lib\unittest\case.py", line 1220, in assertMultiLineEqual
    self.fail(self._formatMessage(msg, standardMsg))
  File "C:\Users\兔子\AppData\Local\Programs\Python\Python37\lib\unittest\case.py", line 680, in fail
    raise self.failureException(msg)
AssertionError: 'Fail[23 chars]type \'java.lang.String\' to required type \'j[92 chars]1.0"' != 'Fail[23 chars]type "java.lang.String" to required type "java[88 chars]1.0"'
- Failed to convert value of type 'java.lang.String' to required type 'java.lang.Integer'; nested exception is java.lang.NumberFormatException: For input string: "1.0"
?                                 ^                ^                  ^                 ^
+ Failed to convert value of type "java.lang.String" to required type "java.lang.Integer"; nested exception is java.lang.NumberFormatException: For input string: "1.0"
?                                 ^                ^                  ^                 ^

2020-10-18 12:09:33,464 - [test_10loans.py-->line:50] - DEBUG: 实际结果：
2020-10-18 12:09:33,464 - [test_10loans.py-->line:51] - DEBUG: 预期结果：
2020-10-18 12:09:35,058 - [test_11main.py-->line:88] - ERROR: 测试用例--普通用户注册--测试通过
2020-10-18 12:09:36,038 - [test_11main.py-->line:88] - ERROR: 测试用例--普通用户登录--测试通过
2020-10-18 12:09:37,031 - [test_11main.py-->line:88] - ERROR: 测试用例--普通用户加标--测试通过
2020-10-18 12:09:38,400 - [test_11main.py-->line:88] - ERROR: 测试用例--管理员注册--测试通过
2020-10-18 12:09:39,651 - [test_11main.py-->line:88] - ERROR: 测试用例--管理员登录--测试通过
2020-10-18 12:09:40,484 - [test_11main.py-->line:88] - ERROR: 测试用例--管理员审核通过--测试通过
2020-10-18 12:09:41,656 - [test_11main.py-->line:88] - ERROR: 测试用例--投资人注册--测试通过
2020-10-18 12:09:42,696 - [test_11main.py-->line:88] - ERROR: 测试用例--投资人登录--测试通过
2020-10-18 12:09:43,907 - [test_11main.py-->line:88] - ERROR: 测试用例--获取投资人信息--测试通过
2020-10-18 12:09:45,606 - [test_11main.py-->line:88] - ERROR: 测试用例--更改昵称--测试通过
2020-10-18 12:09:47,401 - [test_11main.py-->line:88] - ERROR: 测试用例--充值--测试通过
2020-10-18 12:09:48,908 - [test_11main.py-->line:88] - ERROR: 测试用例--投资人投资100--测试通过
2020-10-18 12:09:50,299 - [test_11main.py-->line:88] - ERROR: 测试用例--提现--测试通过
2020-10-18 12:09:51,595 - [test_11main.py-->line:88] - ERROR: 测试用例--获取项目列表--测试通过
2020-10-18 12:09:51,700 - [run_test.py-->line:29] - INFO: -------测试执行结束--------
2020-10-18 12:22:27,762 - [test_03recharge.py-->line:111] - INFO: 用例--正_充值0.01元--执行通过
2020-10-18 12:22:29,529 - [test_03recharge.py-->line:111] - INFO: 用例--正_充值500000元--执行通过
2020-10-18 12:22:30,917 - [test_03recharge.py-->line:111] - INFO: 用例--正_充值金额1位小数--执行通过
2020-10-18 12:22:32,159 - [test_03recharge.py-->line:111] - INFO: 用例--正_充值正整数--执行通过
2020-10-18 12:22:33,377 - [test_03recharge.py-->line:111] - INFO: 用例--反_输入错误的会员id--执行通过
2020-10-18 12:22:34,381 - [test_03recharge.py-->line:111] - INFO: 用例--会员Id小数--执行通过
2020-10-18 12:22:35,308 - [test_03recharge.py-->line:104] - ERROR: 用例--反_充值金额0元--执行未通过
2020-10-18 12:22:35,309 - [test_03recharge.py-->line:105] - ERROR:  :: 0 != 2
Traceback (most recent call last):
  File "X:\软件安装包\pycharm\PyCharm Community Edition 2018.3.5\helpers\pycharm\teamcity\diff_tools.py", line 32, in _patched_equals
    old(self, first, second, msg)
  File "C:\Users\兔子\AppData\Local\Programs\Python\Python37\lib\unittest\case.py", line 839, in assertEqual
    assertion_func(first, second, msg=msg)
  File "C:\Users\兔子\AppData\Local\Programs\Python\Python37\lib\unittest\case.py", line 832, in _baseAssertEqual
    raise self.failureException(msg)
AssertionError: 0 != 2

During handling of the above exception, another exception occurred:

Traceback (most recent call last):
  File "F:\python37test\20200917APITEST\testcases\test_03recharge.py", line 96, in test_recharge
    self.assertEqual(res['code'],expected['code'])
  File "X:\软件安装包\pycharm\PyCharm Community Edition 2018.3.5\helpers\pycharm\teamcity\diff_tools.py", line 38, in _patched_equals
    raise error
teamcity.diff_tools.EqualsAssertionError:  :: 0 != 2
2020-10-18 12:22:35,319 - [test_03recharge.py-->line:106] - DEBUG: 预期结果:{'code': 2, 'msg': '金额必须大于0并且小于或者等于500000'}
2020-10-18 12:22:35,319 - [test_03recharge.py-->line:107] - DEBUG: 实际结果:{'code': 0, 'msg': 'OK', 'data': {'id': 18400, 'leave_amount': 5008126.13, 'mobile_phone': '13799746591', 'reg_name': 'Z', 'reg_time': '2020-09-13 22:21:49.0', 'type': 0}, 'copyright': 'Copyright 柠檬班 © 2017-2020 湖南省零檬信息技术有限公司 All Rights Reserved'}
2020-10-18 12:22:37,064 - [test_03recharge.py-->line:104] - ERROR: 用例--反_充值金额负数--执行未通过
2020-10-18 12:22:37,065 - [test_03recharge.py-->line:105] - ERROR:  :: 余额必须大于0并且小于或者等于500000 != 金额必须大于0并且小于或者等于500000
Traceback (most recent call last):
  File "X:\软件安装包\pycharm\PyCharm Community Edition 2018.3.5\helpers\pycharm\teamcity\diff_tools.py", line 32, in _patched_equals
    old(self, first, second, msg)
  File "C:\Users\兔子\AppData\Local\Programs\Python\Python37\lib\unittest\case.py", line 839, in assertEqual
    assertion_func(first, second, msg=msg)
  File "C:\Users\兔子\AppData\Local\Programs\Python\Python37\lib\unittest\case.py", line 1220, in assertMultiLineEqual
    self.fail(self._formatMessage(msg, standardMsg))
  File "C:\Users\兔子\AppData\Local\Programs\Python\Python37\lib\unittest\case.py", line 680, in fail
    raise self.failureException(msg)
AssertionError: '余额必须大于0并且小于或者等于500000' != '金额必须大于0并且小于或者等于500000'
- 余额必须大于0并且小于或者等于500000
? ^
+ 金额必须大于0并且小于或者等于500000
? ^


During handling of the above exception, another exception occurred:

Traceback (most recent call last):
  File "F:\python37test\20200917APITEST\testcases\test_03recharge.py", line 97, in test_recharge
    self.assertEqual(res['msg'],expected['msg'])
  File "X:\软件安装包\pycharm\PyCharm Community Edition 2018.3.5\helpers\pycharm\teamcity\diff_tools.py", line 38, in _patched_equals
    raise error
teamcity.diff_tools.EqualsAssertionError:  :: 余额必须大于0并且小于或者等于500000 != 金额必须大于0并且小于或者等于500000
2020-10-18 12:22:37,067 - [test_03recharge.py-->line:106] - DEBUG: 预期结果:{'code': 2, 'msg': '金额必须大于0并且小于或者等于500000'}
2020-10-18 12:22:37,068 - [test_03recharge.py-->line:107] - DEBUG: 实际结果:{'code': 2, 'msg': '余额必须大于0并且小于或者等于500000', 'data': None, 'copyright': 'Copyright 柠檬班 © 2017-2020 湖南省零檬信息技术有限公司 All Rights Reserved'}
2020-10-18 12:22:38,243 - [test_03recharge.py-->line:104] - ERROR: 用例--反_充值金额大于50万--执行未通过
2020-10-18 12:22:38,244 - [test_03recharge.py-->line:105] - ERROR:  :: 余额必须大于0并且小于或者等于500000 != 金额必须大于0并且小于或者等于500000
Traceback (most recent call last):
  File "X:\软件安装包\pycharm\PyCharm Community Edition 2018.3.5\helpers\pycharm\teamcity\diff_tools.py", line 32, in _patched_equals
    old(self, first, second, msg)
  File "C:\Users\兔子\AppData\Local\Programs\Python\Python37\lib\unittest\case.py", line 839, in assertEqual
    assertion_func(first, second, msg=msg)
  File "C:\Users\兔子\AppData\Local\Programs\Python\Python37\lib\unittest\case.py", line 1220, in assertMultiLineEqual
    self.fail(self._formatMessage(msg, standardMsg))
  File "C:\Users\兔子\AppData\Local\Programs\Python\Python37\lib\unittest\case.py", line 680, in fail
    raise self.failureException(msg)
AssertionError: '余额必须大于0并且小于或者等于500000' != '金额必须大于0并且小于或者等于500000'
- 余额必须大于0并且小于或者等于500000
? ^
+ 金额必须大于0并且小于或者等于500000
? ^


During handling of the above exception, another exception occurred:

Traceback (most recent call last):
  File "F:\python37test\20200917APITEST\testcases\test_03recharge.py", line 97, in test_recharge
    self.assertEqual(res['msg'],expected['msg'])
  File "X:\软件安装包\pycharm\PyCharm Community Edition 2018.3.5\helpers\pycharm\teamcity\diff_tools.py", line 38, in _patched_equals
    raise error
teamcity.diff_tools.EqualsAssertionError:  :: 余额必须大于0并且小于或者等于500000 != 金额必须大于0并且小于或者等于500000
2020-10-18 12:22:38,247 - [test_03recharge.py-->line:106] - DEBUG: 预期结果:{'code': 2, 'msg': '金额必须大于0并且小于或者等于500000'}
2020-10-18 12:22:38,248 - [test_03recharge.py-->line:107] - DEBUG: 实际结果:{'code': 2, 'msg': '余额必须大于0并且小于或者等于500000', 'data': None, 'copyright': 'Copyright 柠檬班 © 2017-2020 湖南省零檬信息技术有限公司 All Rights Reserved'}
2020-10-18 12:22:39,474 - [test_03recharge.py-->line:104] - ERROR: 用例--反_充值金额3位小数--执行未通过
2020-10-18 12:22:39,475 - [test_03recharge.py-->line:105] - ERROR:  :: 余额小数超过两位 != 金额小数超过两位
Traceback (most recent call last):
  File "X:\软件安装包\pycharm\PyCharm Community Edition 2018.3.5\helpers\pycharm\teamcity\diff_tools.py", line 32, in _patched_equals
    old(self, first, second, msg)
  File "C:\Users\兔子\AppData\Local\Programs\Python\Python37\lib\unittest\case.py", line 839, in assertEqual
    assertion_func(first, second, msg=msg)
  File "C:\Users\兔子\AppData\Local\Programs\Python\Python37\lib\unittest\case.py", line 1220, in assertMultiLineEqual
    self.fail(self._formatMessage(msg, standardMsg))
  File "C:\Users\兔子\AppData\Local\Programs\Python\Python37\lib\unittest\case.py", line 680, in fail
    raise self.failureException(msg)
AssertionError: '余额小数超过两位' != '金额小数超过两位'
- 余额小数超过两位
? ^
+ 金额小数超过两位
? ^


During handling of the above exception, another exception occurred:

Traceback (most recent call last):
  File "F:\python37test\20200917APITEST\testcases\test_03recharge.py", line 97, in test_recharge
    self.assertEqual(res['msg'],expected['msg'])
  File "X:\软件安装包\pycharm\PyCharm Community Edition 2018.3.5\helpers\pycharm\teamcity\diff_tools.py", line 38, in _patched_equals
    raise error
teamcity.diff_tools.EqualsAssertionError:  :: 余额小数超过两位 != 金额小数超过两位
2020-10-18 12:22:39,480 - [test_03recharge.py-->line:106] - DEBUG: 预期结果:{'code': 2, 'msg': '金额小数超过两位'}
2020-10-18 12:22:39,481 - [test_03recharge.py-->line:107] - DEBUG: 实际结果:{'code': 2, 'msg': '余额小数超过两位', 'data': None, 'copyright': 'Copyright 柠檬班 © 2017-2020 湖南省零檬信息技术有限公司 All Rights Reserved'}
2020-10-18 12:22:40,956 - [test_03recharge.py-->line:104] - ERROR: 用例--充值金额为字符串--执行未通过
2020-10-18 12:22:40,957 - [test_03recharge.py-->line:105] - ERROR:  :: 0 != 2
Traceback (most recent call last):
  File "X:\软件安装包\pycharm\PyCharm Community Edition 2018.3.5\helpers\pycharm\teamcity\diff_tools.py", line 32, in _patched_equals
    old(self, first, second, msg)
  File "C:\Users\兔子\AppData\Local\Programs\Python\Python37\lib\unittest\case.py", line 839, in assertEqual
    assertion_func(first, second, msg=msg)
  File "C:\Users\兔子\AppData\Local\Programs\Python\Python37\lib\unittest\case.py", line 832, in _baseAssertEqual
    raise self.failureException(msg)
AssertionError: 0 != 2

During handling of the above exception, another exception occurred:

Traceback (most recent call last):
  File "F:\python37test\20200917APITEST\testcases\test_03recharge.py", line 96, in test_recharge
    self.assertEqual(res['code'],expected['code'])
  File "X:\软件安装包\pycharm\PyCharm Community Edition 2018.3.5\helpers\pycharm\teamcity\diff_tools.py", line 38, in _patched_equals
    raise error
teamcity.diff_tools.EqualsAssertionError:  :: 0 != 2
2020-10-18 12:22:40,960 - [test_03recharge.py-->line:106] - DEBUG: 预期结果:{'code': 2, 'msg': '数字格式化异常'}
2020-10-18 12:22:40,961 - [test_03recharge.py-->line:107] - DEBUG: 实际结果:{'code': 0, 'msg': 'OK', 'data': {'id': 18400, 'leave_amount': 5008226.13, 'mobile_phone': '13799746591', 'reg_name': 'Z', 'reg_time': '2020-09-13 22:21:49.0', 'type': 0}, 'copyright': 'Copyright 柠檬班 © 2017-2020 湖南省零檬信息技术有限公司 All Rights Reserved'}
2020-10-18 12:22:42,365 - [test_03recharge.py-->line:111] - INFO: 用例--反_会员id为空--执行通过
2020-10-18 12:22:43,644 - [test_03recharge.py-->line:104] - ERROR: 用例--反_充值金额为空--执行未通过
2020-10-18 12:22:43,645 - [test_03recharge.py-->line:105] - ERROR:  :: 2 != 1
Traceback (most recent call last):
  File "X:\软件安装包\pycharm\PyCharm Community Edition 2018.3.5\helpers\pycharm\teamcity\diff_tools.py", line 32, in _patched_equals
    old(self, first, second, msg)
  File "C:\Users\兔子\AppData\Local\Programs\Python\Python37\lib\unittest\case.py", line 839, in assertEqual
    assertion_func(first, second, msg=msg)
  File "C:\Users\兔子\AppData\Local\Programs\Python\Python37\lib\unittest\case.py", line 832, in _baseAssertEqual
    raise self.failureException(msg)
AssertionError: 2 != 1

During handling of the above exception, another exception occurred:

Traceback (most recent call last):
  File "F:\python37test\20200917APITEST\testcases\test_03recharge.py", line 96, in test_recharge
    self.assertEqual(res['code'],expected['code'])
  File "X:\软件安装包\pycharm\PyCharm Community Edition 2018.3.5\helpers\pycharm\teamcity\diff_tools.py", line 38, in _patched_equals
    raise error
teamcity.diff_tools.EqualsAssertionError:  :: 2 != 1
2020-10-18 12:22:43,648 - [test_03recharge.py-->line:106] - DEBUG: 预期结果:{'code': 1, 'msg': '金额为空'}
2020-10-18 12:22:43,649 - [test_03recharge.py-->line:107] - DEBUG: 实际结果:{'code': 2, 'msg': '余额必须为数值型', 'data': None, 'copyright': 'Copyright 柠檬班 © 2017-2020 湖南省零檬信息技术有限公司 All Rights Reserved'}
2020-10-18 12:22:45,162 - [test_03recharge.py-->line:111] - INFO: 用例--反_所有参数为空--执行通过
2020-10-18 12:22:46,250 - [test_03recharge.py-->line:104] - ERROR: 用例--反_会员id为字符串--执行未通过
2020-10-18 12:22:46,251 - [test_03recharge.py-->line:105] - ERROR:  :: 0 != 2
Traceback (most recent call last):
  File "X:\软件安装包\pycharm\PyCharm Community Edition 2018.3.5\helpers\pycharm\teamcity\diff_tools.py", line 32, in _patched_equals
    old(self, first, second, msg)
  File "C:\Users\兔子\AppData\Local\Programs\Python\Python37\lib\unittest\case.py", line 839, in assertEqual
    assertion_func(first, second, msg=msg)
  File "C:\Users\兔子\AppData\Local\Programs\Python\Python37\lib\unittest\case.py", line 832, in _baseAssertEqual
    raise self.failureException(msg)
AssertionError: 0 != 2

During handling of the above exception, another exception occurred:

Traceback (most recent call last):
  File "F:\python37test\20200917APITEST\testcases\test_03recharge.py", line 96, in test_recharge
    self.assertEqual(res['code'],expected['code'])
  File "X:\软件安装包\pycharm\PyCharm Community Edition 2018.3.5\helpers\pycharm\teamcity\diff_tools.py", line 38, in _patched_equals
    raise error
teamcity.diff_tools.EqualsAssertionError:  :: 0 != 2
2020-10-18 12:22:46,255 - [test_03recharge.py-->line:106] - DEBUG: 预期结果:{'code': 2, 'msg': '数字格式化异常'}
2020-10-18 12:22:46,255 - [test_03recharge.py-->line:107] - DEBUG: 实际结果:{'code': 0, 'msg': 'OK', 'data': {'id': 18400, 'leave_amount': 5008326.13, 'mobile_phone': '13799746591', 'reg_name': 'Z', 'reg_time': '2020-09-13 22:21:49.0', 'type': 0}, 'copyright': 'Copyright 柠檬班 © 2017-2020 湖南省零檬信息技术有限公司 All Rights Reserved'}
2020-10-18 12:28:31,158 - [test_05add.py-->line:91] - DEBUG: 预期结果：
2020-10-18 12:28:31,159 - [test_05add.py-->line:92] - DEBUG: 实际结果：
2020-10-18 12:28:31,160 - [test_05add.py-->line:93] - ERROR: 测试用例--正常调用验证1--测试不通过
2020-10-18 12:28:31,161 - [test_05add.py-->line:94] - ERROR: 1 != 0
Traceback (most recent call last):
  File "F:\python37test\20200917APITEST\testcases\test_05add.py", line 87, in test_add
    self.assertEquals(1,end_count-start_count)
  File "C:\Users\兔子\AppData\Local\Programs\Python\Python37\lib\unittest\case.py", line 1338, in deprecated_func
    return original_func(*args, **kwargs)
  File "C:\Users\兔子\AppData\Local\Programs\Python\Python37\lib\unittest\case.py", line 839, in assertEqual
    assertion_func(first, second, msg=msg)
  File "C:\Users\兔子\AppData\Local\Programs\Python\Python37\lib\unittest\case.py", line 832, in _baseAssertEqual
    raise self.failureException(msg)
AssertionError: 1 != 0
2020-10-18 12:28:34,124 - [test_05add.py-->line:99] - ERROR: 测试用例--正常调用验证2--测试通过
2020-10-18 12:28:35,534 - [test_05add.py-->line:99] - ERROR: 测试用例--正常调用验证3--测试通过
2020-10-18 12:28:36,574 - [test_05add.py-->line:99] - ERROR: 测试用例--正常调用验证4--测试通过
2020-10-18 12:28:37,334 - [test_05add.py-->line:99] - ERROR: 测试用例--借款人id为空--测试通过
2020-10-18 12:28:38,149 - [test_05add.py-->line:99] - ERROR: 测试用例--借款人id不存在--测试通过
2020-10-18 12:28:38,853 - [test_05add.py-->line:99] - ERROR: 测试用例--借款人id输入小数--测试通过
2020-10-18 12:28:39,843 - [test_05add.py-->line:99] - ERROR: 测试用例--标题为空--测试通过
2020-10-18 12:28:40,544 - [test_05add.py-->line:99] - ERROR: 测试用例--借款金额为空--测试通过
2020-10-18 12:28:41,364 - [test_05add.py-->line:99] - ERROR: 测试用例--借款金额为0--测试通过
2020-10-18 12:28:42,067 - [test_05add.py-->line:99] - ERROR: 测试用例--借款金额为负数--测试通过
2020-10-18 12:28:42,140 - [test_05add.py-->line:91] - DEBUG: 预期结果：
2020-10-18 12:28:42,141 - [test_05add.py-->line:92] - DEBUG: 实际结果：
2020-10-18 12:28:42,142 - [test_05add.py-->line:93] - ERROR: 测试用例--借款金额含特殊字符--测试不通过
2020-10-18 12:28:42,142 - [test_05add.py-->line:94] - ERROR:  :: 0 != 2
Traceback (most recent call last):
  File "X:\软件安装包\pycharm\PyCharm Community Edition 2018.3.5\helpers\pycharm\teamcity\diff_tools.py", line 32, in _patched_equals
    old(self, first, second, msg)
  File "C:\Users\兔子\AppData\Local\Programs\Python\Python37\lib\unittest\case.py", line 839, in assertEqual
    assertion_func(first, second, msg=msg)
  File "C:\Users\兔子\AppData\Local\Programs\Python\Python37\lib\unittest\case.py", line 832, in _baseAssertEqual
    raise self.failureException(msg)
AssertionError: 0 != 2

During handling of the above exception, another exception occurred:

Traceback (most recent call last):
  File "F:\python37test\20200917APITEST\testcases\test_05add.py", line 79, in test_add
    self.assertEqual(res['code'],expected['code'])
  File "X:\软件安装包\pycharm\PyCharm Community Edition 2018.3.5\helpers\pycharm\teamcity\diff_tools.py", line 38, in _patched_equals
    raise error
teamcity.diff_tools.EqualsAssertionError:  :: 0 != 2
2020-10-18 12:28:43,832 - [test_05add.py-->line:99] - ERROR: 测试用例--年利率为空--测试通过
2020-10-18 12:28:44,648 - [test_05add.py-->line:99] - ERROR: 测试用例--年利率为0--测试通过
2020-10-18 12:28:45,724 - [test_05add.py-->line:99] - ERROR: 测试用例--年利率为负数--测试通过
2020-10-18 12:28:46,555 - [test_05add.py-->line:99] - ERROR: 测试用例--年利率超过24--测试通过
2020-10-18 12:28:46,629 - [test_05add.py-->line:91] - DEBUG: 预期结果：
2020-10-18 12:28:46,630 - [test_05add.py-->line:92] - DEBUG: 实际结果：
2020-10-18 12:28:46,631 - [test_05add.py-->line:93] - ERROR: 测试用例--年利率含空格--测试不通过
2020-10-18 12:28:46,632 - [test_05add.py-->line:94] - ERROR:  :: 1004 != 2
Traceback (most recent call last):
  File "X:\软件安装包\pycharm\PyCharm Community Edition 2018.3.5\helpers\pycharm\teamcity\diff_tools.py", line 32, in _patched_equals
    old(self, first, second, msg)
  File "C:\Users\兔子\AppData\Local\Programs\Python\Python37\lib\unittest\case.py", line 839, in assertEqual
    assertion_func(first, second, msg=msg)
  File "C:\Users\兔子\AppData\Local\Programs\Python\Python37\lib\unittest\case.py", line 832, in _baseAssertEqual
    raise self.failureException(msg)
AssertionError: 1004 != 2

During handling of the above exception, another exception occurred:

Traceback (most recent call last):
  File "F:\python37test\20200917APITEST\testcases\test_05add.py", line 79, in test_add
    self.assertEqual(res['code'],expected['code'])
  File "X:\软件安装包\pycharm\PyCharm Community Edition 2018.3.5\helpers\pycharm\teamcity\diff_tools.py", line 38, in _patched_equals
    raise error
teamcity.diff_tools.EqualsAssertionError:  :: 1004 != 2
2020-10-18 12:28:48,373 - [test_05add.py-->line:99] - ERROR: 测试用例--借款天数9天--测试通过
2020-10-18 12:28:49,311 - [test_05add.py-->line:99] - ERROR: 测试用例--借款天数46天--测试通过
2020-10-18 12:28:50,808 - [test_05add.py-->line:99] - ERROR: 测试用例--借款天数37月--测试通过
2020-10-18 12:28:51,975 - [test_05add.py-->line:99] - ERROR: 测试用例--借款天数负数--测试通过
2020-10-18 12:28:52,888 - [test_05add.py-->line:99] - ERROR: 测试用例--借款天数小数--测试通过
2020-10-18 12:28:53,672 - [test_05add.py-->line:99] - ERROR: 测试用例--借款期限为空--测试通过
2020-10-18 12:28:53,759 - [test_05add.py-->line:91] - DEBUG: 预期结果：
2020-10-18 12:28:53,760 - [test_05add.py-->line:92] - DEBUG: 实际结果：
2020-10-18 12:28:53,760 - [test_05add.py-->line:93] - ERROR: 测试用例--借款期限含空格--测试不通过
2020-10-18 12:28:53,761 - [test_05add.py-->line:94] - ERROR:  :: 1004 != 0
Traceback (most recent call last):
  File "X:\软件安装包\pycharm\PyCharm Community Edition 2018.3.5\helpers\pycharm\teamcity\diff_tools.py", line 32, in _patched_equals
    old(self, first, second, msg)
  File "C:\Users\兔子\AppData\Local\Programs\Python\Python37\lib\unittest\case.py", line 839, in assertEqual
    assertion_func(first, second, msg=msg)
  File "C:\Users\兔子\AppData\Local\Programs\Python\Python37\lib\unittest\case.py", line 832, in _baseAssertEqual
    raise self.failureException(msg)
AssertionError: 1004 != 0

During handling of the above exception, another exception occurred:

Traceback (most recent call last):
  File "F:\python37test\20200917APITEST\testcases\test_05add.py", line 79, in test_add
    self.assertEqual(res['code'],expected['code'])
  File "X:\软件安装包\pycharm\PyCharm Community Edition 2018.3.5\helpers\pycharm\teamcity\diff_tools.py", line 38, in _patched_equals
    raise error
teamcity.diff_tools.EqualsAssertionError:  :: 1004 != 0
2020-10-18 12:28:55,816 - [test_05add.py-->line:99] - ERROR: 测试用例--借款类型为空--测试通过
2020-10-18 12:28:56,678 - [test_05add.py-->line:99] - ERROR: 测试用例--借款类型非1、2--测试通过
2020-10-18 12:28:57,775 - [test_05add.py-->line:99] - ERROR: 测试用例--竞标天数为空--测试通过
2020-10-18 12:28:59,125 - [test_05add.py-->line:99] - ERROR: 测试用例--竞标天数大于10天--测试通过
2020-10-18 12:29:00,559 - [test_05add.py-->line:99] - ERROR: 测试用例--竞标天数为负数--测试通过
2020-10-18 12:29:02,176 - [test_05add.py-->line:99] - ERROR: 测试用例--竞标天数为小数--测试通过
2020-10-18 12:56:33,931 - [test_10loans.py-->line:47] - ERROR: __测试案例每页索引输入0__测试不通过_
2020-10-18 12:56:33,932 - [test_10loans.py-->line:48] - ERROR:  :: 0 != 2
Traceback (most recent call last):
  File "X:\软件安装包\pycharm\PyCharm Community Edition 2018.3.5\helpers\pycharm\teamcity\diff_tools.py", line 32, in _patched_equals
    old(self, first, second, msg)
  File "C:\Users\兔子\AppData\Local\Programs\Python\Python37\lib\unittest\case.py", line 839, in assertEqual
    assertion_func(first, second, msg=msg)
  File "C:\Users\兔子\AppData\Local\Programs\Python\Python37\lib\unittest\case.py", line 832, in _baseAssertEqual
    raise self.failureException(msg)
AssertionError: 0 != 2

During handling of the above exception, another exception occurred:

Traceback (most recent call last):
  File "F:\python37test\20200917APITEST\testcases\test_10loans.py", line 42, in test_loans
    self.assertEqual(res['code'], expected['code'])
  File "X:\软件安装包\pycharm\PyCharm Community Edition 2018.3.5\helpers\pycharm\teamcity\diff_tools.py", line 38, in _patched_equals
    raise error
teamcity.diff_tools.EqualsAssertionError:  :: 0 != 2
2020-10-18 12:56:34,892 - [test_10loans.py-->line:47] - ERROR: __测试案例每页索引输入负数__测试不通过_
2020-10-18 12:56:34,893 - [test_10loans.py-->line:48] - ERROR:  :: 0 != 2
Traceback (most recent call last):
  File "X:\软件安装包\pycharm\PyCharm Community Edition 2018.3.5\helpers\pycharm\teamcity\diff_tools.py", line 32, in _patched_equals
    old(self, first, second, msg)
  File "C:\Users\兔子\AppData\Local\Programs\Python\Python37\lib\unittest\case.py", line 839, in assertEqual
    assertion_func(first, second, msg=msg)
  File "C:\Users\兔子\AppData\Local\Programs\Python\Python37\lib\unittest\case.py", line 832, in _baseAssertEqual
    raise self.failureException(msg)
AssertionError: 0 != 2

During handling of the above exception, another exception occurred:

Traceback (most recent call last):
  File "F:\python37test\20200917APITEST\testcases\test_10loans.py", line 42, in test_loans
    self.assertEqual(res['code'], expected['code'])
  File "X:\软件安装包\pycharm\PyCharm Community Edition 2018.3.5\helpers\pycharm\teamcity\diff_tools.py", line 38, in _patched_equals
    raise error
teamcity.diff_tools.EqualsAssertionError:  :: 0 != 2
2020-10-18 12:56:36,060 - [test_10loans.py-->line:47] - ERROR: __测试案例每页索引输入小数__测试不通过_
2020-10-18 12:56:36,061 - [test_10loans.py-->line:48] - ERROR:  :: Failed to convert value of type 'java.lang.String' to required type 'java.lang.Integer'; nested exception is java.lang.NumberFormatException: For input string: "1.1" != Failed to convert value of type \"java.lang.String\" to required type \"java.lang.Integer\"; nested exception is java.lang.NumberFormatException: For input string: "1.1"
Traceback (most recent call last):
  File "X:\软件安装包\pycharm\PyCharm Community Edition 2018.3.5\helpers\pycharm\teamcity\diff_tools.py", line 32, in _patched_equals
    old(self, first, second, msg)
  File "C:\Users\兔子\AppData\Local\Programs\Python\Python37\lib\unittest\case.py", line 839, in assertEqual
    assertion_func(first, second, msg=msg)
  File "C:\Users\兔子\AppData\Local\Programs\Python\Python37\lib\unittest\case.py", line 1220, in assertMultiLineEqual
    self.fail(self._formatMessage(msg, standardMsg))
  File "C:\Users\兔子\AppData\Local\Programs\Python\Python37\lib\unittest\case.py", line 680, in fail
    raise self.failureException(msg)
AssertionError: 'Fail[24 chars]ype \'java.lang.String\' to required type \'ja[91 chars]1.1"' != 'Fail[24 chars]ype \\"java.lang.String\\" to required type \\[95 chars]1.1"'
- Failed to convert value of type 'java.lang.String' to required type 'java.lang.Integer'; nested exception is java.lang.NumberFormatException: For input string: "1.1"
?                                 ^                ^                  ^                 ^
+ Failed to convert value of type \"java.lang.String\" to required type \"java.lang.Integer\"; nested exception is java.lang.NumberFormatException: For input string: "1.1"
?                                 ^^                ^^                  ^^                 ^^


During handling of the above exception, another exception occurred:

Traceback (most recent call last):
  File "F:\python37test\20200917APITEST\testcases\test_10loans.py", line 43, in test_loans
    self.assertEqual(res['msg'], expected['msg'])
  File "X:\软件安装包\pycharm\PyCharm Community Edition 2018.3.5\helpers\pycharm\teamcity\diff_tools.py", line 38, in _patched_equals
    raise error
teamcity.diff_tools.EqualsAssertionError:  :: Failed to convert value of type 'java.lang.String' to required type 'java.lang.Integer'; nested exception is java.lang.NumberFormatException: For input string: "1.1" != Failed to convert value of type \"java.lang.String\" to required type \"java.lang.Integer\"; nested exception is java.lang.NumberFormatException: For input string: "1.1"
2020-10-18 12:56:37,355 - [test_10loans.py-->line:47] - ERROR: __测试案例每页大小输入小数__测试不通过_
2020-10-18 12:56:37,356 - [test_10loans.py-->line:48] - ERROR:  :: Failed to convert value of type 'java.lang.String' to required type 'java.lang.Integer'; nested exception is java.lang.NumberFormatException: For input string: "1.0" != Failed to convert value of type "java.lang.String" to required type "java.lang.Integer"; nested exception is java.lang.NumberFormatException: For input string: "1.0"
Traceback (most recent call last):
  File "X:\软件安装包\pycharm\PyCharm Community Edition 2018.3.5\helpers\pycharm\teamcity\diff_tools.py", line 32, in _patched_equals
    old(self, first, second, msg)
  File "C:\Users\兔子\AppData\Local\Programs\Python\Python37\lib\unittest\case.py", line 839, in assertEqual
    assertion_func(first, second, msg=msg)
  File "C:\Users\兔子\AppData\Local\Programs\Python\Python37\lib\unittest\case.py", line 1220, in assertMultiLineEqual
    self.fail(self._formatMessage(msg, standardMsg))
  File "C:\Users\兔子\AppData\Local\Programs\Python\Python37\lib\unittest\case.py", line 680, in fail
    raise self.failureException(msg)
AssertionError: 'Fail[23 chars]type \'java.lang.String\' to required type \'j[92 chars]1.0"' != 'Fail[23 chars]type "java.lang.String" to required type "java[88 chars]1.0"'
- Failed to convert value of type 'java.lang.String' to required type 'java.lang.Integer'; nested exception is java.lang.NumberFormatException: For input string: "1.0"
?                                 ^                ^                  ^                 ^
+ Failed to convert value of type "java.lang.String" to required type "java.lang.Integer"; nested exception is java.lang.NumberFormatException: For input string: "1.0"
?                                 ^                ^                  ^                 ^


During handling of the above exception, another exception occurred:

Traceback (most recent call last):
  File "F:\python37test\20200917APITEST\testcases\test_10loans.py", line 43, in test_loans
    self.assertEqual(res['msg'], expected['msg'])
  File "X:\软件安装包\pycharm\PyCharm Community Edition 2018.3.5\helpers\pycharm\teamcity\diff_tools.py", line 38, in _patched_equals
    raise error
teamcity.diff_tools.EqualsAssertionError:  :: Failed to convert value of type 'java.lang.String' to required type 'java.lang.Integer'; nested exception is java.lang.NumberFormatException: For input string: "1.0" != Failed to convert value of type "java.lang.String" to required type "java.lang.Integer"; nested exception is java.lang.NumberFormatException: For input string: "1.0"
2020-10-18 12:57:42,958 - [test_10loans.py-->line:47] - ERROR: __测试案例每页索引输入0__测试不通过_
2020-10-18 12:57:42,960 - [test_10loans.py-->line:48] - ERROR:  :: 0 != 2
Traceback (most recent call last):
  File "X:\软件安装包\pycharm\PyCharm Community Edition 2018.3.5\helpers\pycharm\teamcity\diff_tools.py", line 32, in _patched_equals
    old(self, first, second, msg)
  File "C:\Users\兔子\AppData\Local\Programs\Python\Python37\lib\unittest\case.py", line 839, in assertEqual
    assertion_func(first, second, msg=msg)
  File "C:\Users\兔子\AppData\Local\Programs\Python\Python37\lib\unittest\case.py", line 832, in _baseAssertEqual
    raise self.failureException(msg)
AssertionError: 0 != 2

During handling of the above exception, another exception occurred:

Traceback (most recent call last):
  File "F:\python37test\20200917APITEST\testcases\test_10loans.py", line 42, in test_loans
    self.assertEqual(res['code'], expected['code'])
  File "X:\软件安装包\pycharm\PyCharm Community Edition 2018.3.5\helpers\pycharm\teamcity\diff_tools.py", line 38, in _patched_equals
    raise error
teamcity.diff_tools.EqualsAssertionError:  :: 0 != 2
2020-10-18 12:57:44,025 - [test_10loans.py-->line:50] - DEBUG: 实际结果：
2020-10-18 12:57:44,026 - [test_10loans.py-->line:51] - DEBUG: 预期结果：
2020-10-18 12:57:44,883 - [test_10loans.py-->line:47] - ERROR: __测试案例每页索引输入负数__测试不通过_
2020-10-18 12:57:44,884 - [test_10loans.py-->line:48] - ERROR:  :: 0 != 2
Traceback (most recent call last):
  File "X:\软件安装包\pycharm\PyCharm Community Edition 2018.3.5\helpers\pycharm\teamcity\diff_tools.py", line 32, in _patched_equals
    old(self, first, second, msg)
  File "C:\Users\兔子\AppData\Local\Programs\Python\Python37\lib\unittest\case.py", line 839, in assertEqual
    assertion_func(first, second, msg=msg)
  File "C:\Users\兔子\AppData\Local\Programs\Python\Python37\lib\unittest\case.py", line 832, in _baseAssertEqual
    raise self.failureException(msg)
AssertionError: 0 != 2

During handling of the above exception, another exception occurred:

Traceback (most recent call last):
  File "F:\python37test\20200917APITEST\testcases\test_10loans.py", line 42, in test_loans
    self.assertEqual(res['code'], expected['code'])
  File "X:\软件安装包\pycharm\PyCharm Community Edition 2018.3.5\helpers\pycharm\teamcity\diff_tools.py", line 38, in _patched_equals
    raise error
teamcity.diff_tools.EqualsAssertionError:  :: 0 != 2
2020-10-18 12:57:45,815 - [test_10loans.py-->line:50] - DEBUG: 实际结果：
2020-10-18 12:57:45,816 - [test_10loans.py-->line:51] - DEBUG: 预期结果：
2020-10-18 12:57:46,234 - [test_10loans.py-->line:47] - ERROR: __测试案例每页索引输入小数__测试不通过_
2020-10-18 12:57:46,235 - [test_10loans.py-->line:48] - ERROR:  :: Failed to convert value of type 'java.lang.String' to required type 'java.lang.Integer'; nested exception is java.lang.NumberFormatException: For input string: "1.1" != Failed to convert value of type \"java.lang.String\" to required type \"java.lang.Integer\"; nested exception is java.lang.NumberFormatException: For input string: "1.1"
Traceback (most recent call last):
  File "X:\软件安装包\pycharm\PyCharm Community Edition 2018.3.5\helpers\pycharm\teamcity\diff_tools.py", line 32, in _patched_equals
    old(self, first, second, msg)
  File "C:\Users\兔子\AppData\Local\Programs\Python\Python37\lib\unittest\case.py", line 839, in assertEqual
    assertion_func(first, second, msg=msg)
  File "C:\Users\兔子\AppData\Local\Programs\Python\Python37\lib\unittest\case.py", line 1220, in assertMultiLineEqual
    self.fail(self._formatMessage(msg, standardMsg))
  File "C:\Users\兔子\AppData\Local\Programs\Python\Python37\lib\unittest\case.py", line 680, in fail
    raise self.failureException(msg)
AssertionError: 'Fail[24 chars]ype \'java.lang.String\' to required type \'ja[91 chars]1.1"' != 'Fail[24 chars]ype \\"java.lang.String\\" to required type \\[95 chars]1.1"'
- Failed to convert value of type 'java.lang.String' to required type 'java.lang.Integer'; nested exception is java.lang.NumberFormatException: For input string: "1.1"
?                                 ^                ^                  ^                 ^
+ Failed to convert value of type \"java.lang.String\" to required type \"java.lang.Integer\"; nested exception is java.lang.NumberFormatException: For input string: "1.1"
?                                 ^^                ^^                  ^^                 ^^


During handling of the above exception, another exception occurred:

Traceback (most recent call last):
  File "F:\python37test\20200917APITEST\testcases\test_10loans.py", line 43, in test_loans
    self.assertEqual(res['msg'], expected['msg'])
  File "X:\软件安装包\pycharm\PyCharm Community Edition 2018.3.5\helpers\pycharm\teamcity\diff_tools.py", line 38, in _patched_equals
    raise error
teamcity.diff_tools.EqualsAssertionError:  :: Failed to convert value of type 'java.lang.String' to required type 'java.lang.Integer'; nested exception is java.lang.NumberFormatException: For input string: "1.1" != Failed to convert value of type \"java.lang.String\" to required type \"java.lang.Integer\"; nested exception is java.lang.NumberFormatException: For input string: "1.1"
2020-10-18 12:57:47,545 - [test_10loans.py-->line:50] - DEBUG: 实际结果：
2020-10-18 12:57:47,546 - [test_10loans.py-->line:51] - DEBUG: 预期结果：
2020-10-18 12:57:48,236 - [test_10loans.py-->line:47] - ERROR: __测试案例每页大小输入小数__测试不通过_
2020-10-18 12:57:48,237 - [test_10loans.py-->line:48] - ERROR:  :: Failed to convert value of type 'java.lang.String' to required type 'java.lang.Integer'; nested exception is java.lang.NumberFormatException: For input string: "1.0" != Failed to convert value of type "java.lang.String" to required type "java.lang.Integer"; nested exception is java.lang.NumberFormatException: For input string: "1.0"
Traceback (most recent call last):
  File "X:\软件安装包\pycharm\PyCharm Community Edition 2018.3.5\helpers\pycharm\teamcity\diff_tools.py", line 32, in _patched_equals
    old(self, first, second, msg)
  File "C:\Users\兔子\AppData\Local\Programs\Python\Python37\lib\unittest\case.py", line 839, in assertEqual
    assertion_func(first, second, msg=msg)
  File "C:\Users\兔子\AppData\Local\Programs\Python\Python37\lib\unittest\case.py", line 1220, in assertMultiLineEqual
    self.fail(self._formatMessage(msg, standardMsg))
  File "C:\Users\兔子\AppData\Local\Programs\Python\Python37\lib\unittest\case.py", line 680, in fail
    raise self.failureException(msg)
AssertionError: 'Fail[23 chars]type \'java.lang.String\' to required type \'j[92 chars]1.0"' != 'Fail[23 chars]type "java.lang.String" to required type "java[88 chars]1.0"'
- Failed to convert value of type 'java.lang.String' to required type 'java.lang.Integer'; nested exception is java.lang.NumberFormatException: For input string: "1.0"
?                                 ^                ^                  ^                 ^
+ Failed to convert value of type "java.lang.String" to required type "java.lang.Integer"; nested exception is java.lang.NumberFormatException: For input string: "1.0"
?                                 ^                ^                  ^                 ^


During handling of the above exception, another exception occurred:

Traceback (most recent call last):
  File "F:\python37test\20200917APITEST\testcases\test_10loans.py", line 43, in test_loans
    self.assertEqual(res['msg'], expected['msg'])
  File "X:\软件安装包\pycharm\PyCharm Community Edition 2018.3.5\helpers\pycharm\teamcity\diff_tools.py", line 38, in _patched_equals
    raise error
teamcity.diff_tools.EqualsAssertionError:  :: Failed to convert value of type 'java.lang.String' to required type 'java.lang.Integer'; nested exception is java.lang.NumberFormatException: For input string: "1.0" != Failed to convert value of type "java.lang.String" to required type "java.lang.Integer"; nested exception is java.lang.NumberFormatException: For input string: "1.0"
2020-10-18 12:57:49,273 - [test_10loans.py-->line:50] - DEBUG: 实际结果：
2020-10-18 12:57:49,274 - [test_10loans.py-->line:51] - DEBUG: 预期结果：
2020-10-18 18:35:21,936 - [run_test.py-->line:20] - INFO: -------测试开始执行--------
2020-10-18 18:35:45,344 - [test_01register.py-->line:73] - INFO: 用例--正常注册-无注册名，用户类型--执行通过
2020-10-18 18:35:47,543 - [test_01register.py-->line:73] - INFO: 用例--普通会员正常注册--执行通过
2020-10-18 18:35:49,557 - [test_01register.py-->line:73] - INFO: 用例--管理员正常注册--执行通过
2020-10-18 18:35:52,209 - [test_01register.py-->line:73] - INFO: 用例--重复注册--执行通过
2020-10-18 18:35:53,949 - [test_01register.py-->line:73] - INFO: 用例--手机号10位--执行通过
2020-10-18 18:35:55,667 - [test_01register.py-->line:73] - INFO: 用例--手机号12位--执行通过
2020-10-18 18:35:57,910 - [test_01register.py-->line:73] - INFO: 用例--输入不存在的号段--执行通过
2020-10-18 18:35:59,325 - [test_01register.py-->line:73] - INFO: 用例--手机号为空--执行通过
2020-10-18 18:36:00,662 - [test_01register.py-->line:73] - INFO: 用例--密码为空--执行通过
2020-10-18 18:36:02,116 - [test_01register.py-->line:73] - INFO: 用例--所有参数为空--执行通过
2020-10-18 18:36:03,396 - [test_01register.py-->line:73] - INFO: 用例--密码7位--执行通过
2020-10-18 18:36:04,545 - [test_01register.py-->line:73] - INFO: 用例--密码17位--执行通过
2020-10-18 18:36:06,434 - [test_01register.py-->line:66] - ERROR: 用例--类型输入小数--执行未通过
2020-10-18 18:36:06,435 - [test_01register.py-->line:67] - ERROR: 2 != 1004
Traceback (most recent call last):
  File "C:\Users\兔子\.jenkins\workspace\py27_test20201018\testcases\test_01register.py", line 50, in test_register
    self.assertEqual(res['code'],expected['code'])
  File "C:\Users\兔子\AppData\Local\Programs\Python\Python37\lib\unittest\case.py", line 839, in assertEqual
    assertion_func(first, second, msg=msg)
  File "C:\Users\兔子\AppData\Local\Programs\Python\Python37\lib\unittest\case.py", line 832, in _baseAssertEqual
    raise self.failureException(msg)
AssertionError: 2 != 1004
2020-10-18 18:36:06,446 - [test_01register.py-->line:68] - DEBUG: 预期结果:{'code': 1004, 'msg': 'JSON parse error: Cannot deserialize value of type `java.lang.Integer` from String "0.1": not a valid Integer value; nested exception is com.fasterxml.jackson.databind.exc.InvalidFormatException: Cannot deserialize value of type `java.lang.Integer` from String "0.1": not a valid Integer value\n at [Source: (PushbackInputStream); line: 1, column: 68] (through reference chain: com.lemon.pojo.Member["type"])'}
2020-10-18 18:36:06,448 - [test_01register.py-->line:69] - DEBUG: 实际结果:{'code': 2, 'msg': '账号已存在', 'data': None, 'copyright': 'Copyright 柠檬班 © 2017-2020 湖南省零檬信息技术有限公司 All Rights Reserved'}
2020-10-18 18:36:07,725 - [test_01register.py-->line:73] - INFO: 用例--类型输入负数--执行通过
2020-10-18 18:36:09,093 - [test_01register.py-->line:73] - INFO: 用例--类型输入非0、非1--执行通过
2020-10-18 18:36:10,667 - [test_01register.py-->line:66] - ERROR: 用例--类型输入字符类型--执行未通过
2020-10-18 18:36:10,667 - [test_01register.py-->line:67] - ERROR: 0 != 1004
Traceback (most recent call last):
  File "C:\Users\兔子\.jenkins\workspace\py27_test20201018\testcases\test_01register.py", line 50, in test_register
    self.assertEqual(res['code'],expected['code'])
  File "C:\Users\兔子\AppData\Local\Programs\Python\Python37\lib\unittest\case.py", line 839, in assertEqual
    assertion_func(first, second, msg=msg)
  File "C:\Users\兔子\AppData\Local\Programs\Python\Python37\lib\unittest\case.py", line 832, in _baseAssertEqual
    raise self.failureException(msg)
AssertionError: 0 != 1004
2020-10-18 18:36:10,670 - [test_01register.py-->line:68] - DEBUG: 预期结果:{'code': 1004, 'msg': 'JSON parse error: Cannot deserialize value of type `java.lang.Integer` from String "2a": not a valid Integer value; nested exception is com.fasterxml.jackson.databind.exc.InvalidFormatException: Cannot deserialize value of type `java.lang.Integer` from String "2a": not a valid Integer value\n at [Source: (PushbackInputStream); line: 1, column: 68] (through reference chain: com.lemon.pojo.Member["type"])'}
2020-10-18 18:36:10,670 - [test_01register.py-->line:69] - DEBUG: 实际结果:{'code': 0, 'msg': 'OK', 'data': {'id': 185006, 'reg_name': '小柠檬', 'mobile_phone': '15593385554'}, 'copyright': 'Copyright 柠檬班 © 2017-2020 湖南省零檬信息技术有限公司 All Rights Reserved'}
2020-10-18 18:36:12,258 - [test_01register.py-->line:73] - INFO: 用例--注册名11位--执行通过
2020-10-18 18:36:13,587 - [test_02login.py-->line:51] - INFO: 用例--正常登录--执行通过
2020-10-18 18:36:14,896 - [test_02login.py-->line:51] - INFO: 用例--输入错误的手机号--执行通过
2020-10-18 18:36:16,651 - [test_02login.py-->line:51] - INFO: 用例--输入错误的密码--执行通过
2020-10-18 18:36:17,988 - [test_02login.py-->line:44] - ERROR: 用例--不输入手机号--执行未通过
2020-10-18 18:36:17,989 - [test_02login.py-->line:45] - ERROR: 2 != 1
Traceback (most recent call last):
  File "C:\Users\兔子\.jenkins\workspace\py27_test20201018\testcases\test_02login.py", line 41, in test_login
    self.assertEqual(expected['code'],res['code'])
  File "C:\Users\兔子\AppData\Local\Programs\Python\Python37\lib\unittest\case.py", line 839, in assertEqual
    assertion_func(first, second, msg=msg)
  File "C:\Users\兔子\AppData\Local\Programs\Python\Python37\lib\unittest\case.py", line 832, in _baseAssertEqual
    raise self.failureException(msg)
AssertionError: 2 != 1
2020-10-18 18:36:17,996 - [test_02login.py-->line:46] - DEBUG: 预期结果:{'code': 2, 'msg': '手机号码为空'}
2020-10-18 18:36:17,997 - [test_02login.py-->line:47] - DEBUG: 实际结果:{'code': 1, 'msg': '手机号码为空', 'data': None, 'copyright': 'Copyright 柠檬班 © 2017-2020 湖南省零檬信息技术有限公司 All Rights Reserved'}
2020-10-18 18:36:19,480 - [test_02login.py-->line:44] - ERROR: 用例--不输入密码--执行未通过
2020-10-18 18:36:19,480 - [test_02login.py-->line:45] - ERROR: 2 != 1
Traceback (most recent call last):
  File "C:\Users\兔子\.jenkins\workspace\py27_test20201018\testcases\test_02login.py", line 41, in test_login
    self.assertEqual(expected['code'],res['code'])
  File "C:\Users\兔子\AppData\Local\Programs\Python\Python37\lib\unittest\case.py", line 839, in assertEqual
    assertion_func(first, second, msg=msg)
  File "C:\Users\兔子\AppData\Local\Programs\Python\Python37\lib\unittest\case.py", line 832, in _baseAssertEqual
    raise self.failureException(msg)
AssertionError: 2 != 1
2020-10-18 18:36:19,483 - [test_02login.py-->line:46] - DEBUG: 预期结果:{'code': 2, 'msg': '密码为空'}
2020-10-18 18:36:19,483 - [test_02login.py-->line:47] - DEBUG: 实际结果:{'code': 1, 'msg': '密码为空', 'data': None, 'copyright': 'Copyright 柠檬班 © 2017-2020 湖南省零檬信息技术有限公司 All Rights Reserved'}
2020-10-18 18:36:20,804 - [test_02login.py-->line:44] - ERROR: 用例--不输入参数--执行未通过
2020-10-18 18:36:20,805 - [test_02login.py-->line:45] - ERROR: 2 != 1
Traceback (most recent call last):
  File "C:\Users\兔子\.jenkins\workspace\py27_test20201018\testcases\test_02login.py", line 41, in test_login
    self.assertEqual(expected['code'],res['code'])
  File "C:\Users\兔子\AppData\Local\Programs\Python\Python37\lib\unittest\case.py", line 839, in assertEqual
    assertion_func(first, second, msg=msg)
  File "C:\Users\兔子\AppData\Local\Programs\Python\Python37\lib\unittest\case.py", line 832, in _baseAssertEqual
    raise self.failureException(msg)
AssertionError: 2 != 1
2020-10-18 18:36:20,808 - [test_02login.py-->line:46] - DEBUG: 预期结果:{'code': 2, 'msg': '手机号码为空'}
2020-10-18 18:36:20,809 - [test_02login.py-->line:47] - DEBUG: 实际结果:{'code': 1, 'msg': '手机号码为空', 'data': None, 'copyright': 'Copyright 柠檬班 © 2017-2020 湖南省零檬信息技术有限公司 All Rights Reserved'}
2020-10-18 18:36:22,505 - [test_02login.py-->line:51] - INFO: 用例--输入未注册的手机号--执行通过
2020-10-18 18:36:34,653 - [test_08invest.py-->line:127] - INFO: 用例--借款人登录--执行通过
2020-10-18 18:36:37,116 - [test_08invest.py-->line:127] - INFO: 用例--借款人加标--执行通过
2020-10-18 18:36:39,207 - [test_08invest.py-->line:127] - INFO: 用例--管理员登录--执行通过
2020-10-18 18:36:41,024 - [test_08invest.py-->line:127] - INFO: 用例--审核通过--执行通过
2020-10-18 18:36:43,167 - [test_08invest.py-->line:127] - INFO: 用例--投资人登录--执行通过
2020-10-18 18:36:44,779 - [test_08invest.py-->line:127] - INFO: 用例--投资人充值500000元--执行通过
2020-10-18 18:36:47,105 - [test_08invest.py-->line:127] - INFO: 用例--投资人投资100--执行通过
2020-10-18 18:36:48,947 - [test_08invest.py-->line:127] - INFO: 用例--不输入用户Id--执行通过
2020-10-18 18:36:50,181 - [test_08invest.py-->line:127] - INFO: 用例--不输入标id--执行通过
2020-10-18 18:36:51,778 - [test_08invest.py-->line:119] - ERROR: 用例--不输入投资金额--执行未通过
2020-10-18 18:36:51,780 - [test_08invest.py-->line:120] - ERROR: '余额为空' != '金额为空'
- 余额为空
? ^
+ 金额为空
? ^
Traceback (most recent call last):
  File "C:\Users\兔子\.jenkins\workspace\py27_test20201018\testcases\test_08invest.py", line 98, in test_invest
    self.assertEqual(res['msg'],expected['msg'])
  File "C:\Users\兔子\AppData\Local\Programs\Python\Python37\lib\unittest\case.py", line 839, in assertEqual
    assertion_func(first, second, msg=msg)
  File "C:\Users\兔子\AppData\Local\Programs\Python\Python37\lib\unittest\case.py", line 1220, in assertMultiLineEqual
    self.fail(self._formatMessage(msg, standardMsg))
  File "C:\Users\兔子\AppData\Local\Programs\Python\Python37\lib\unittest\case.py", line 680, in fail
    raise self.failureException(msg)
AssertionError: '余额为空' != '金额为空'
- 余额为空
? ^
+ 金额为空
? ^

2020-10-18 18:36:51,788 - [test_08invest.py-->line:121] - DEBUG: 预期结果:{'code': 1, 'msg': '金额为空'}
2020-10-18 18:36:51,788 - [test_08invest.py-->line:122] - DEBUG: 实际结果:{'code': 1, 'msg': '余额为空', 'data': None, 'copyright': 'Copyright 柠檬班 © 2017-2020 湖南省零檬信息技术有限公司 All Rights Reserved'}
2020-10-18 18:36:53,265 - [test_08invest.py-->line:127] - INFO: 用例--投资金额为0--执行通过
2020-10-18 18:36:54,639 - [test_08invest.py-->line:127] - INFO: 用例--投资金额负数--执行通过
2020-10-18 18:36:56,384 - [test_08invest.py-->line:127] - INFO: 用例--投资金额非100整除--执行通过
2020-10-18 18:36:57,927 - [test_08invest.py-->line:127] - INFO: 用例--投资金额大于可投金额--执行通过
2020-10-18 18:36:59,705 - [test_08invest.py-->line:127] - INFO: 用例--满标--执行通过
2020-10-18 18:37:03,053 - [run_test.py-->line:29] - INFO: -------测试执行结束--------
2020-10-18 18:45:13,831 - [run_test.py-->line:21] - INFO: -------测试开始执行--------
2020-10-18 18:45:37,231 - [test_01register.py-->line:73] - INFO: 用例--正常注册-无注册名，用户类型--执行通过
2020-10-18 18:45:39,119 - [test_01register.py-->line:73] - INFO: 用例--普通会员正常注册--执行通过
2020-10-18 18:45:41,392 - [test_01register.py-->line:73] - INFO: 用例--管理员正常注册--执行通过
2020-10-18 18:45:42,938 - [test_01register.py-->line:73] - INFO: 用例--重复注册--执行通过
2020-10-18 18:45:44,363 - [test_01register.py-->line:73] - INFO: 用例--手机号10位--执行通过
2020-10-18 18:45:45,784 - [test_01register.py-->line:73] - INFO: 用例--手机号12位--执行通过
2020-10-18 18:45:47,273 - [test_01register.py-->line:73] - INFO: 用例--输入不存在的号段--执行通过
2020-10-18 18:45:48,762 - [test_01register.py-->line:73] - INFO: 用例--手机号为空--执行通过
2020-10-18 18:45:50,448 - [test_01register.py-->line:73] - INFO: 用例--密码为空--执行通过
2020-10-18 18:45:51,904 - [test_01register.py-->line:73] - INFO: 用例--所有参数为空--执行通过
2020-10-18 18:45:53,304 - [test_01register.py-->line:73] - INFO: 用例--密码7位--执行通过
2020-10-18 18:45:54,541 - [test_01register.py-->line:73] - INFO: 用例--密码17位--执行通过
2020-10-18 18:45:55,904 - [test_01register.py-->line:66] - ERROR: 用例--类型输入小数--执行未通过
2020-10-18 18:45:55,905 - [test_01register.py-->line:67] - ERROR: 2 != 1004
Traceback (most recent call last):
  File "C:\Users\兔子\.jenkins\workspace\py27_test20201018\testcases\test_01register.py", line 50, in test_register
    self.assertEqual(res['code'],expected['code'])
  File "C:\Users\兔子\AppData\Local\Programs\Python\Python37\lib\unittest\case.py", line 839, in assertEqual
    assertion_func(first, second, msg=msg)
  File "C:\Users\兔子\AppData\Local\Programs\Python\Python37\lib\unittest\case.py", line 832, in _baseAssertEqual
    raise self.failureException(msg)
AssertionError: 2 != 1004
2020-10-18 18:45:55,917 - [test_01register.py-->line:68] - DEBUG: 预期结果:{'code': 1004, 'msg': 'JSON parse error: Cannot deserialize value of type `java.lang.Integer` from String "0.1": not a valid Integer value; nested exception is com.fasterxml.jackson.databind.exc.InvalidFormatException: Cannot deserialize value of type `java.lang.Integer` from String "0.1": not a valid Integer value\n at [Source: (PushbackInputStream); line: 1, column: 68] (through reference chain: com.lemon.pojo.Member["type"])'}
2020-10-18 18:45:55,919 - [test_01register.py-->line:69] - DEBUG: 实际结果:{'code': 2, 'msg': '账号已存在', 'data': None, 'copyright': 'Copyright 柠檬班 © 2017-2020 湖南省零檬信息技术有限公司 All Rights Reserved'}
2020-10-18 18:45:57,528 - [test_01register.py-->line:73] - INFO: 用例--类型输入负数--执行通过
2020-10-18 18:45:58,808 - [test_01register.py-->line:73] - INFO: 用例--类型输入非0、非1--执行通过
2020-10-18 18:46:00,566 - [test_01register.py-->line:66] - ERROR: 用例--类型输入字符类型--执行未通过
2020-10-18 18:46:00,568 - [test_01register.py-->line:67] - ERROR: 0 != 1004
Traceback (most recent call last):
  File "C:\Users\兔子\.jenkins\workspace\py27_test20201018\testcases\test_01register.py", line 50, in test_register
    self.assertEqual(res['code'],expected['code'])
  File "C:\Users\兔子\AppData\Local\Programs\Python\Python37\lib\unittest\case.py", line 839, in assertEqual
    assertion_func(first, second, msg=msg)
  File "C:\Users\兔子\AppData\Local\Programs\Python\Python37\lib\unittest\case.py", line 832, in _baseAssertEqual
    raise self.failureException(msg)
AssertionError: 0 != 1004
2020-10-18 18:46:00,571 - [test_01register.py-->line:68] - DEBUG: 预期结果:{'code': 1004, 'msg': 'JSON parse error: Cannot deserialize value of type `java.lang.Integer` from String "2a": not a valid Integer value; nested exception is com.fasterxml.jackson.databind.exc.InvalidFormatException: Cannot deserialize value of type `java.lang.Integer` from String "2a": not a valid Integer value\n at [Source: (PushbackInputStream); line: 1, column: 68] (through reference chain: com.lemon.pojo.Member["type"])'}
2020-10-18 18:46:00,572 - [test_01register.py-->line:69] - DEBUG: 实际结果:{'code': 0, 'msg': 'OK', 'data': {'id': 185013, 'reg_name': '小柠檬', 'mobile_phone': '15519662949'}, 'copyright': 'Copyright 柠檬班 © 2017-2020 湖南省零檬信息技术有限公司 All Rights Reserved'}
2020-10-18 18:46:02,012 - [test_01register.py-->line:73] - INFO: 用例--注册名11位--执行通过
2020-10-18 18:46:03,371 - [test_02login.py-->line:51] - INFO: 用例--正常登录--执行通过
2020-10-18 18:46:05,019 - [test_02login.py-->line:51] - INFO: 用例--输入错误的手机号--执行通过
2020-10-18 18:46:06,808 - [test_02login.py-->line:51] - INFO: 用例--输入错误的密码--执行通过
2020-10-18 18:46:08,344 - [test_02login.py-->line:44] - ERROR: 用例--不输入手机号--执行未通过
2020-10-18 18:46:08,345 - [test_02login.py-->line:45] - ERROR: 2 != 1
Traceback (most recent call last):
  File "C:\Users\兔子\.jenkins\workspace\py27_test20201018\testcases\test_02login.py", line 41, in test_login
    self.assertEqual(expected['code'],res['code'])
  File "C:\Users\兔子\AppData\Local\Programs\Python\Python37\lib\unittest\case.py", line 839, in assertEqual
    assertion_func(first, second, msg=msg)
  File "C:\Users\兔子\AppData\Local\Programs\Python\Python37\lib\unittest\case.py", line 832, in _baseAssertEqual
    raise self.failureException(msg)
AssertionError: 2 != 1
2020-10-18 18:46:08,364 - [test_02login.py-->line:46] - DEBUG: 预期结果:{'code': 2, 'msg': '手机号码为空'}
2020-10-18 18:46:08,365 - [test_02login.py-->line:47] - DEBUG: 实际结果:{'code': 1, 'msg': '手机号码为空', 'data': None, 'copyright': 'Copyright 柠檬班 © 2017-2020 湖南省零檬信息技术有限公司 All Rights Reserved'}
2020-10-18 18:46:09,783 - [test_02login.py-->line:44] - ERROR: 用例--不输入密码--执行未通过
2020-10-18 18:46:09,784 - [test_02login.py-->line:45] - ERROR: 2 != 1
Traceback (most recent call last):
  File "C:\Users\兔子\.jenkins\workspace\py27_test20201018\testcases\test_02login.py", line 41, in test_login
    self.assertEqual(expected['code'],res['code'])
  File "C:\Users\兔子\AppData\Local\Programs\Python\Python37\lib\unittest\case.py", line 839, in assertEqual
    assertion_func(first, second, msg=msg)
  File "C:\Users\兔子\AppData\Local\Programs\Python\Python37\lib\unittest\case.py", line 832, in _baseAssertEqual
    raise self.failureException(msg)
AssertionError: 2 != 1
2020-10-18 18:46:09,786 - [test_02login.py-->line:46] - DEBUG: 预期结果:{'code': 2, 'msg': '密码为空'}
2020-10-18 18:46:09,787 - [test_02login.py-->line:47] - DEBUG: 实际结果:{'code': 1, 'msg': '密码为空', 'data': None, 'copyright': 'Copyright 柠檬班 © 2017-2020 湖南省零檬信息技术有限公司 All Rights Reserved'}
2020-10-18 18:46:11,530 - [test_02login.py-->line:44] - ERROR: 用例--不输入参数--执行未通过
2020-10-18 18:46:11,531 - [test_02login.py-->line:45] - ERROR: 2 != 1
Traceback (most recent call last):
  File "C:\Users\兔子\.jenkins\workspace\py27_test20201018\testcases\test_02login.py", line 41, in test_login
    self.assertEqual(expected['code'],res['code'])
  File "C:\Users\兔子\AppData\Local\Programs\Python\Python37\lib\unittest\case.py", line 839, in assertEqual
    assertion_func(first, second, msg=msg)
  File "C:\Users\兔子\AppData\Local\Programs\Python\Python37\lib\unittest\case.py", line 832, in _baseAssertEqual
    raise self.failureException(msg)
AssertionError: 2 != 1
2020-10-18 18:46:11,545 - [test_02login.py-->line:46] - DEBUG: 预期结果:{'code': 2, 'msg': '手机号码为空'}
2020-10-18 18:46:11,547 - [test_02login.py-->line:47] - DEBUG: 实际结果:{'code': 1, 'msg': '手机号码为空', 'data': None, 'copyright': 'Copyright 柠檬班 © 2017-2020 湖南省零檬信息技术有限公司 All Rights Reserved'}
2020-10-18 18:46:12,854 - [test_02login.py-->line:51] - INFO: 用例--输入未注册的手机号--执行通过
2020-10-18 18:46:14,478 - [test_03recharge.py-->line:110] - INFO: 用例--正_充值0.01元--执行通过
2020-10-18 18:46:15,881 - [test_03recharge.py-->line:110] - INFO: 用例--正_充值500000元--执行通过
2020-10-18 18:46:17,367 - [test_03recharge.py-->line:110] - INFO: 用例--正_充值金额1位小数--执行通过
2020-10-18 18:46:18,920 - [test_03recharge.py-->line:110] - INFO: 用例--正_充值正整数--执行通过
2020-10-18 18:46:20,285 - [test_03recharge.py-->line:110] - INFO: 用例--反_输入错误的会员id--执行通过
2020-10-18 18:46:21,426 - [test_03recharge.py-->line:110] - INFO: 用例--会员Id小数--执行通过
2020-10-18 18:46:22,727 - [test_03recharge.py-->line:103] - ERROR: 用例--反_充值金额0元--执行未通过
2020-10-18 18:46:22,727 - [test_03recharge.py-->line:104] - ERROR: 0 != 2
Traceback (most recent call last):
  File "C:\Users\兔子\.jenkins\workspace\py27_test20201018\testcases\test_03recharge.py", line 95, in test_recharge
    self.assertEqual(res['code'],expected['code'])
  File "C:\Users\兔子\AppData\Local\Programs\Python\Python37\lib\unittest\case.py", line 839, in assertEqual
    assertion_func(first, second, msg=msg)
  File "C:\Users\兔子\AppData\Local\Programs\Python\Python37\lib\unittest\case.py", line 832, in _baseAssertEqual
    raise self.failureException(msg)
AssertionError: 0 != 2
2020-10-18 18:46:22,734 - [test_03recharge.py-->line:105] - DEBUG: 预期结果:{'code': 2, 'msg': '金额必须大于0并且小于或者等于500000'}
2020-10-18 18:46:22,735 - [test_03recharge.py-->line:106] - DEBUG: 实际结果:{'code': 0, 'msg': 'OK', 'data': {'id': 18400, 'leave_amount': 5506597.15, 'mobile_phone': '13799746591', 'reg_name': '我是小柠檬', 'reg_time': '2020-09-13 22:21:49.0', 'type': 0}, 'copyright': 'Copyright 柠檬班 © 2017-2020 湖南省零檬信息技术有限公司 All Rights Reserved'}
2020-10-18 18:46:24,063 - [test_03recharge.py-->line:103] - ERROR: 用例--反_充值金额负数--执行未通过
2020-10-18 18:46:24,064 - [test_03recharge.py-->line:104] - ERROR: '余额必须大于0并且小于或者等于500000' != '金额必须大于0并且小于或者等于500000'
- 余额必须大于0并且小于或者等于500000
? ^
+ 金额必须大于0并且小于或者等于500000
? ^
Traceback (most recent call last):
  File "C:\Users\兔子\.jenkins\workspace\py27_test20201018\testcases\test_03recharge.py", line 96, in test_recharge
    self.assertEqual(res['msg'],expected['msg'])
  File "C:\Users\兔子\AppData\Local\Programs\Python\Python37\lib\unittest\case.py", line 839, in assertEqual
    assertion_func(first, second, msg=msg)
  File "C:\Users\兔子\AppData\Local\Programs\Python\Python37\lib\unittest\case.py", line 1220, in assertMultiLineEqual
    self.fail(self._formatMessage(msg, standardMsg))
  File "C:\Users\兔子\AppData\Local\Programs\Python\Python37\lib\unittest\case.py", line 680, in fail
    raise self.failureException(msg)
AssertionError: '余额必须大于0并且小于或者等于500000' != '金额必须大于0并且小于或者等于500000'
- 余额必须大于0并且小于或者等于500000
? ^
+ 金额必须大于0并且小于或者等于500000
? ^

2020-10-18 18:46:24,066 - [test_03recharge.py-->line:105] - DEBUG: 预期结果:{'code': 2, 'msg': '金额必须大于0并且小于或者等于500000'}
2020-10-18 18:46:24,067 - [test_03recharge.py-->line:106] - DEBUG: 实际结果:{'code': 2, 'msg': '余额必须大于0并且小于或者等于500000', 'data': None, 'copyright': 'Copyright 柠檬班 © 2017-2020 湖南省零檬信息技术有限公司 All Rights Reserved'}
2020-10-18 18:46:26,237 - [test_03recharge.py-->line:103] - ERROR: 用例--反_充值金额大于50万--执行未通过
2020-10-18 18:46:26,238 - [test_03recharge.py-->line:104] - ERROR: '余额必须大于0并且小于或者等于500000' != '金额必须大于0并且小于或者等于500000'
- 余额必须大于0并且小于或者等于500000
? ^
+ 金额必须大于0并且小于或者等于500000
? ^
Traceback (most recent call last):
  File "C:\Users\兔子\.jenkins\workspace\py27_test20201018\testcases\test_03recharge.py", line 96, in test_recharge
    self.assertEqual(res['msg'],expected['msg'])
  File "C:\Users\兔子\AppData\Local\Programs\Python\Python37\lib\unittest\case.py", line 839, in assertEqual
    assertion_func(first, second, msg=msg)
  File "C:\Users\兔子\AppData\Local\Programs\Python\Python37\lib\unittest\case.py", line 1220, in assertMultiLineEqual
    self.fail(self._formatMessage(msg, standardMsg))
  File "C:\Users\兔子\AppData\Local\Programs\Python\Python37\lib\unittest\case.py", line 680, in fail
    raise self.failureException(msg)
AssertionError: '余额必须大于0并且小于或者等于500000' != '金额必须大于0并且小于或者等于500000'
- 余额必须大于0并且小于或者等于500000
? ^
+ 金额必须大于0并且小于或者等于500000
? ^

2020-10-18 18:46:26,241 - [test_03recharge.py-->line:105] - DEBUG: 预期结果:{'code': 2, 'msg': '金额必须大于0并且小于或者等于500000'}
2020-10-18 18:46:26,242 - [test_03recharge.py-->line:106] - DEBUG: 实际结果:{'code': 2, 'msg': '余额必须大于0并且小于或者等于500000', 'data': None, 'copyright': 'Copyright 柠檬班 © 2017-2020 湖南省零檬信息技术有限公司 All Rights Reserved'}
2020-10-18 18:46:27,776 - [test_03recharge.py-->line:103] - ERROR: 用例--反_充值金额3位小数--执行未通过
2020-10-18 18:46:27,778 - [test_03recharge.py-->line:104] - ERROR: '余额小数超过两位' != '金额小数超过两位'
- 余额小数超过两位
? ^
+ 金额小数超过两位
? ^
Traceback (most recent call last):
  File "C:\Users\兔子\.jenkins\workspace\py27_test20201018\testcases\test_03recharge.py", line 96, in test_recharge
    self.assertEqual(res['msg'],expected['msg'])
  File "C:\Users\兔子\AppData\Local\Programs\Python\Python37\lib\unittest\case.py", line 839, in assertEqual
    assertion_func(first, second, msg=msg)
  File "C:\Users\兔子\AppData\Local\Programs\Python\Python37\lib\unittest\case.py", line 1220, in assertMultiLineEqual
    self.fail(self._formatMessage(msg, standardMsg))
  File "C:\Users\兔子\AppData\Local\Programs\Python\Python37\lib\unittest\case.py", line 680, in fail
    raise self.failureException(msg)
AssertionError: '余额小数超过两位' != '金额小数超过两位'
- 余额小数超过两位
? ^
+ 金额小数超过两位
? ^

2020-10-18 18:46:27,782 - [test_03recharge.py-->line:105] - DEBUG: 预期结果:{'code': 2, 'msg': '金额小数超过两位'}
2020-10-18 18:46:27,783 - [test_03recharge.py-->line:106] - DEBUG: 实际结果:{'code': 2, 'msg': '余额小数超过两位', 'data': None, 'copyright': 'Copyright 柠檬班 © 2017-2020 湖南省零檬信息技术有限公司 All Rights Reserved'}
2020-10-18 18:46:29,167 - [test_03recharge.py-->line:103] - ERROR: 用例--充值金额为字符串--执行未通过
2020-10-18 18:46:29,168 - [test_03recharge.py-->line:104] - ERROR: 0 != 2
Traceback (most recent call last):
  File "C:\Users\兔子\.jenkins\workspace\py27_test20201018\testcases\test_03recharge.py", line 95, in test_recharge
    self.assertEqual(res['code'],expected['code'])
  File "C:\Users\兔子\AppData\Local\Programs\Python\Python37\lib\unittest\case.py", line 839, in assertEqual
    assertion_func(first, second, msg=msg)
  File "C:\Users\兔子\AppData\Local\Programs\Python\Python37\lib\unittest\case.py", line 832, in _baseAssertEqual
    raise self.failureException(msg)
AssertionError: 0 != 2
2020-10-18 18:46:29,172 - [test_03recharge.py-->line:105] - DEBUG: 预期结果:{'code': 2, 'msg': '数字格式化异常'}
2020-10-18 18:46:29,173 - [test_03recharge.py-->line:106] - DEBUG: 实际结果:{'code': 0, 'msg': 'OK', 'data': {'id': 18400, 'leave_amount': 5506697.15, 'mobile_phone': '13799746591', 'reg_name': '我是小柠檬', 'reg_time': '2020-09-13 22:21:49.0', 'type': 0}, 'copyright': 'Copyright 柠檬班 © 2017-2020 湖南省零檬信息技术有限公司 All Rights Reserved'}
2020-10-18 18:46:31,176 - [test_03recharge.py-->line:110] - INFO: 用例--反_会员id为空--执行通过
2020-10-18 18:46:32,595 - [test_03recharge.py-->line:103] - ERROR: 用例--反_充值金额为空--执行未通过
2020-10-18 18:46:32,596 - [test_03recharge.py-->line:104] - ERROR: 2 != 1
Traceback (most recent call last):
  File "C:\Users\兔子\.jenkins\workspace\py27_test20201018\testcases\test_03recharge.py", line 95, in test_recharge
    self.assertEqual(res['code'],expected['code'])
  File "C:\Users\兔子\AppData\Local\Programs\Python\Python37\lib\unittest\case.py", line 839, in assertEqual
    assertion_func(first, second, msg=msg)
  File "C:\Users\兔子\AppData\Local\Programs\Python\Python37\lib\unittest\case.py", line 832, in _baseAssertEqual
    raise self.failureException(msg)
AssertionError: 2 != 1
2020-10-18 18:46:32,598 - [test_03recharge.py-->line:105] - DEBUG: 预期结果:{'code': 1, 'msg': '金额为空'}
2020-10-18 18:46:32,599 - [test_03recharge.py-->line:106] - DEBUG: 实际结果:{'code': 2, 'msg': '余额必须为数值型', 'data': None, 'copyright': 'Copyright 柠檬班 © 2017-2020 湖南省零檬信息技术有限公司 All Rights Reserved'}
2020-10-18 18:46:34,096 - [test_03recharge.py-->line:110] - INFO: 用例--反_所有参数为空--执行通过
2020-10-18 18:46:36,133 - [test_03recharge.py-->line:103] - ERROR: 用例--反_会员id为字符串--执行未通过
2020-10-18 18:46:36,134 - [test_03recharge.py-->line:104] - ERROR: 0 != 2
Traceback (most recent call last):
  File "C:\Users\兔子\.jenkins\workspace\py27_test20201018\testcases\test_03recharge.py", line 95, in test_recharge
    self.assertEqual(res['code'],expected['code'])
  File "C:\Users\兔子\AppData\Local\Programs\Python\Python37\lib\unittest\case.py", line 839, in assertEqual
    assertion_func(first, second, msg=msg)
  File "C:\Users\兔子\AppData\Local\Programs\Python\Python37\lib\unittest\case.py", line 832, in _baseAssertEqual
    raise self.failureException(msg)
AssertionError: 0 != 2
2020-10-18 18:46:36,137 - [test_03recharge.py-->line:105] - DEBUG: 预期结果:{'code': 2, 'msg': '数字格式化异常'}
2020-10-18 18:46:36,137 - [test_03recharge.py-->line:106] - DEBUG: 实际结果:{'code': 0, 'msg': 'OK', 'data': {'id': 18400, 'leave_amount': 5506797.15, 'mobile_phone': '13799746591', 'reg_name': '我是小柠檬', 'reg_time': '2020-09-13 22:21:49.0', 'type': 0}, 'copyright': 'Copyright 柠檬班 © 2017-2020 湖南省零檬信息技术有限公司 All Rights Reserved'}
2020-10-18 18:46:38,274 - [test_04withdraw.py-->line:90] - INFO: 测试———正常提现0.01元—————执行通过
2020-10-18 18:46:40,020 - [test_04withdraw.py-->line:90] - INFO: 测试———正常提现50万—————执行通过
2020-10-18 18:46:41,950 - [test_04withdraw.py-->line:90] - INFO: 测试———正_提现1位小数—————执行通过
2020-10-18 18:46:43,861 - [test_04withdraw.py-->line:90] - INFO: 测试———正_取现正整数—————执行通过
2020-10-18 18:46:43,928 - [test_04withdraw.py-->line:82] - ERROR: 测试———会员id不是已登陆的Id—————执行未通过
2020-10-18 18:46:43,929 - [test_04withdraw.py-->line:83] - DEBUG: 预期结果：{'code': 2, 'msg': '会员不存在'}
2020-10-18 18:46:43,929 - [test_04withdraw.py-->line:84] - DEBUG: 实际结果：
2020-10-18 18:46:43,929 - [test_04withdraw.py-->line:85] - ERROR: 1007 != 2
Traceback (most recent call last):
  File "C:\Users\兔子\.jenkins\workspace\py27_test20201018\testcases\test_04withdraw.py", line 75, in test_withdraw
    self.assertEqual(res['code'],expected['code'])
  File "C:\Users\兔子\AppData\Local\Programs\Python\Python37\lib\unittest\case.py", line 839, in assertEqual
    assertion_func(first, second, msg=msg)
  File "C:\Users\兔子\AppData\Local\Programs\Python\Python37\lib\unittest\case.py", line 832, in _baseAssertEqual
    raise self.failureException(msg)
AssertionError: 1007 != 2
2020-10-18 18:46:45,677 - [test_04withdraw.py-->line:82] - ERROR: 测试———提现0元—————执行未通过
2020-10-18 18:46:45,678 - [test_04withdraw.py-->line:83] - DEBUG: 预期结果：{'code': 2, 'msg': '金额必须大于0并且小于或者等于500000'}
2020-10-18 18:46:45,678 - [test_04withdraw.py-->line:84] - DEBUG: 实际结果：
2020-10-18 18:46:45,679 - [test_04withdraw.py-->line:85] - ERROR: 0 != 2
Traceback (most recent call last):
  File "C:\Users\兔子\.jenkins\workspace\py27_test20201018\testcases\test_04withdraw.py", line 75, in test_withdraw
    self.assertEqual(res['code'],expected['code'])
  File "C:\Users\兔子\AppData\Local\Programs\Python\Python37\lib\unittest\case.py", line 839, in assertEqual
    assertion_func(first, second, msg=msg)
  File "C:\Users\兔子\AppData\Local\Programs\Python\Python37\lib\unittest\case.py", line 832, in _baseAssertEqual
    raise self.failureException(msg)
AssertionError: 0 != 2
2020-10-18 18:46:49,465 - [test_04withdraw.py-->line:90] - INFO: 测试———提现负数—————执行通过
2020-10-18 18:46:49,532 - [test_04withdraw.py-->line:82] - ERROR: 测试———提现超过2位小数—————执行未通过
2020-10-18 18:46:49,533 - [test_04withdraw.py-->line:83] - DEBUG: 预期结果：{'code': 2, 'msg': '金额小数超过两位'}
2020-10-18 18:46:49,533 - [test_04withdraw.py-->line:84] - DEBUG: 实际结果：
2020-10-18 18:46:49,534 - [test_04withdraw.py-->line:85] - ERROR: '余额小数超过两位' != '金额小数超过两位'
- 余额小数超过两位
? ^
+ 金额小数超过两位
? ^
Traceback (most recent call last):
  File "C:\Users\兔子\.jenkins\workspace\py27_test20201018\testcases\test_04withdraw.py", line 76, in test_withdraw
    self.assertEqual(res['msg'],expected['msg'])
  File "C:\Users\兔子\AppData\Local\Programs\Python\Python37\lib\unittest\case.py", line 839, in assertEqual
    assertion_func(first, second, msg=msg)
  File "C:\Users\兔子\AppData\Local\Programs\Python\Python37\lib\unittest\case.py", line 1220, in assertMultiLineEqual
    self.fail(self._formatMessage(msg, standardMsg))
  File "C:\Users\兔子\AppData\Local\Programs\Python\Python37\lib\unittest\case.py", line 680, in fail
    raise self.failureException(msg)
AssertionError: '余额小数超过两位' != '金额小数超过两位'
- 余额小数超过两位
? ^
+ 金额小数超过两位
? ^

2020-10-18 18:46:52,152 - [test_04withdraw.py-->line:90] - INFO: 测试———会员Id为空—————执行通过
2020-10-18 18:46:52,213 - [test_04withdraw.py-->line:82] - ERROR: 测试———提现金额为空—————执行未通过
2020-10-18 18:46:52,214 - [test_04withdraw.py-->line:83] - DEBUG: 预期结果：{'code': 1, 'msg': '金额为空'}
2020-10-18 18:46:52,214 - [test_04withdraw.py-->line:84] - DEBUG: 实际结果：
2020-10-18 18:46:52,215 - [test_04withdraw.py-->line:85] - ERROR: '余额为空' != '金额为空'
- 余额为空
? ^
+ 金额为空
? ^
Traceback (most recent call last):
  File "C:\Users\兔子\.jenkins\workspace\py27_test20201018\testcases\test_04withdraw.py", line 76, in test_withdraw
    self.assertEqual(res['msg'],expected['msg'])
  File "C:\Users\兔子\AppData\Local\Programs\Python\Python37\lib\unittest\case.py", line 839, in assertEqual
    assertion_func(first, second, msg=msg)
  File "C:\Users\兔子\AppData\Local\Programs\Python\Python37\lib\unittest\case.py", line 1220, in assertMultiLineEqual
    self.fail(self._formatMessage(msg, standardMsg))
  File "C:\Users\兔子\AppData\Local\Programs\Python\Python37\lib\unittest\case.py", line 680, in fail
    raise self.failureException(msg)
AssertionError: '余额为空' != '金额为空'
- 余额为空
? ^
+ 金额为空
? ^

2020-10-18 18:46:54,622 - [test_04withdraw.py-->line:90] - INFO: 测试———所有参数为空—————执行通过
2020-10-18 18:46:55,967 - [test_04withdraw.py-->line:90] - INFO: 测试———提现50.01万—————执行通过
2020-10-18 18:46:56,038 - [test_04withdraw.py-->line:82] - ERROR: 测试———提现金额非数字—————执行未通过
2020-10-18 18:46:56,039 - [test_04withdraw.py-->line:83] - DEBUG: 预期结果：{'code': 2, 'msg': '数字格式化异常'}
2020-10-18 18:46:56,039 - [test_04withdraw.py-->line:84] - DEBUG: 实际结果：
2020-10-18 18:46:56,040 - [test_04withdraw.py-->line:85] - ERROR: 0 != 2
Traceback (most recent call last):
  File "C:\Users\兔子\.jenkins\workspace\py27_test20201018\testcases\test_04withdraw.py", line 75, in test_withdraw
    self.assertEqual(res['code'],expected['code'])
  File "C:\Users\兔子\AppData\Local\Programs\Python\Python37\lib\unittest\case.py", line 839, in assertEqual
    assertion_func(first, second, msg=msg)
  File "C:\Users\兔子\AppData\Local\Programs\Python\Python37\lib\unittest\case.py", line 832, in _baseAssertEqual
    raise self.failureException(msg)
AssertionError: 0 != 2
2020-10-18 18:46:57,241 - [test_04withdraw.py-->line:82] - ERROR: 测试———提现金额大于余额—————执行未通过
2020-10-18 18:46:57,242 - [test_04withdraw.py-->line:83] - DEBUG: 预期结果：{'code': 1002, 'msg': '余额不足'}
2020-10-18 18:46:57,242 - [test_04withdraw.py-->line:84] - DEBUG: 实际结果：
2020-10-18 18:46:57,243 - [test_04withdraw.py-->line:85] - ERROR: 0 != 1002
Traceback (most recent call last):
  File "C:\Users\兔子\.jenkins\workspace\py27_test20201018\testcases\test_04withdraw.py", line 75, in test_withdraw
    self.assertEqual(res['code'],expected['code'])
  File "C:\Users\兔子\AppData\Local\Programs\Python\Python37\lib\unittest\case.py", line 839, in assertEqual
    assertion_func(first, second, msg=msg)
  File "C:\Users\兔子\AppData\Local\Programs\Python\Python37\lib\unittest\case.py", line 832, in _baseAssertEqual
    raise self.failureException(msg)
AssertionError: 0 != 1002
2020-10-18 18:46:58,835 - [test_05add.py-->line:91] - DEBUG: 预期结果：
2020-10-18 18:46:58,836 - [test_05add.py-->line:92] - DEBUG: 实际结果：
2020-10-18 18:46:58,836 - [test_05add.py-->line:93] - ERROR: 测试用例--正常调用验证1--测试不通过
2020-10-18 18:46:58,837 - [test_05add.py-->line:94] - ERROR: 1 != 0
Traceback (most recent call last):
  File "C:\Users\兔子\.jenkins\workspace\py27_test20201018\testcases\test_05add.py", line 87, in test_add
    self.assertEquals(1,end_count-start_count)
  File "C:\Users\兔子\AppData\Local\Programs\Python\Python37\lib\unittest\case.py", line 1338, in deprecated_func
    return original_func(*args, **kwargs)
  File "C:\Users\兔子\AppData\Local\Programs\Python\Python37\lib\unittest\case.py", line 839, in assertEqual
    assertion_func(first, second, msg=msg)
  File "C:\Users\兔子\AppData\Local\Programs\Python\Python37\lib\unittest\case.py", line 832, in _baseAssertEqual
    raise self.failureException(msg)
AssertionError: 1 != 0
2020-10-18 18:47:01,816 - [test_05add.py-->line:99] - ERROR: 测试用例--正常调用验证2--测试通过
2020-10-18 18:47:03,150 - [test_05add.py-->line:99] - ERROR: 测试用例--正常调用验证3--测试通过
2020-10-18 18:47:04,796 - [test_05add.py-->line:99] - ERROR: 测试用例--正常调用验证4--测试通过
2020-10-18 18:47:06,083 - [test_05add.py-->line:99] - ERROR: 测试用例--借款人id为空--测试通过
2020-10-18 18:47:07,484 - [test_05add.py-->line:99] - ERROR: 测试用例--借款人id不存在--测试通过
2020-10-18 18:47:08,605 - [test_05add.py-->line:99] - ERROR: 测试用例--借款人id输入小数--测试通过
2020-10-18 18:47:09,843 - [test_05add.py-->line:99] - ERROR: 测试用例--标题为空--测试通过
2020-10-18 18:47:11,000 - [test_05add.py-->line:99] - ERROR: 测试用例--借款金额为空--测试通过
2020-10-18 18:47:12,445 - [test_05add.py-->line:99] - ERROR: 测试用例--借款金额为0--测试通过
2020-10-18 18:47:14,347 - [test_05add.py-->line:99] - ERROR: 测试用例--借款金额为负数--测试通过
2020-10-18 18:47:14,415 - [test_05add.py-->line:91] - DEBUG: 预期结果：
2020-10-18 18:47:14,416 - [test_05add.py-->line:92] - DEBUG: 实际结果：
2020-10-18 18:47:14,416 - [test_05add.py-->line:93] - ERROR: 测试用例--借款金额含特殊字符--测试不通过
2020-10-18 18:47:14,417 - [test_05add.py-->line:94] - ERROR: 0 != 2
Traceback (most recent call last):
  File "C:\Users\兔子\.jenkins\workspace\py27_test20201018\testcases\test_05add.py", line 79, in test_add
    self.assertEqual(res['code'],expected['code'])
  File "C:\Users\兔子\AppData\Local\Programs\Python\Python37\lib\unittest\case.py", line 839, in assertEqual
    assertion_func(first, second, msg=msg)
  File "C:\Users\兔子\AppData\Local\Programs\Python\Python37\lib\unittest\case.py", line 832, in _baseAssertEqual
    raise self.failureException(msg)
AssertionError: 0 != 2
2020-10-18 18:47:17,546 - [test_05add.py-->line:99] - ERROR: 测试用例--年利率为空--测试通过
2020-10-18 18:47:18,966 - [test_05add.py-->line:99] - ERROR: 测试用例--年利率为0--测试通过
2020-10-18 18:47:20,182 - [test_05add.py-->line:99] - ERROR: 测试用例--年利率为负数--测试通过
2020-10-18 18:47:21,638 - [test_05add.py-->line:99] - ERROR: 测试用例--年利率超过24--测试通过
2020-10-18 18:47:21,704 - [test_05add.py-->line:91] - DEBUG: 预期结果：
2020-10-18 18:47:21,704 - [test_05add.py-->line:92] - DEBUG: 实际结果：
2020-10-18 18:47:21,705 - [test_05add.py-->line:93] - ERROR: 测试用例--年利率含空格--测试不通过
2020-10-18 18:47:21,705 - [test_05add.py-->line:94] - ERROR: 1004 != 2
Traceback (most recent call last):
  File "C:\Users\兔子\.jenkins\workspace\py27_test20201018\testcases\test_05add.py", line 79, in test_add
    self.assertEqual(res['code'],expected['code'])
  File "C:\Users\兔子\AppData\Local\Programs\Python\Python37\lib\unittest\case.py", line 839, in assertEqual
    assertion_func(first, second, msg=msg)
  File "C:\Users\兔子\AppData\Local\Programs\Python\Python37\lib\unittest\case.py", line 832, in _baseAssertEqual
    raise self.failureException(msg)
AssertionError: 1004 != 2
2020-10-18 18:47:23,926 - [test_05add.py-->line:99] - ERROR: 测试用例--借款天数9天--测试通过
2020-10-18 18:47:25,030 - [test_05add.py-->line:99] - ERROR: 测试用例--借款天数46天--测试通过
2020-10-18 18:47:26,299 - [test_05add.py-->line:99] - ERROR: 测试用例--借款天数37月--测试通过
2020-10-18 18:47:27,901 - [test_05add.py-->line:99] - ERROR: 测试用例--借款天数负数--测试通过
2020-10-18 18:47:28,879 - [test_05add.py-->line:99] - ERROR: 测试用例--借款天数小数--测试通过
2020-10-18 18:47:30,056 - [test_05add.py-->line:99] - ERROR: 测试用例--借款期限为空--测试通过
2020-10-18 18:47:30,124 - [test_05add.py-->line:91] - DEBUG: 预期结果：
2020-10-18 18:47:30,125 - [test_05add.py-->line:92] - DEBUG: 实际结果：
2020-10-18 18:47:30,126 - [test_05add.py-->line:93] - ERROR: 测试用例--借款期限含空格--测试不通过
2020-10-18 18:47:30,126 - [test_05add.py-->line:94] - ERROR: 1004 != 0
Traceback (most recent call last):
  File "C:\Users\兔子\.jenkins\workspace\py27_test20201018\testcases\test_05add.py", line 79, in test_add
    self.assertEqual(res['code'],expected['code'])
  File "C:\Users\兔子\AppData\Local\Programs\Python\Python37\lib\unittest\case.py", line 839, in assertEqual
    assertion_func(first, second, msg=msg)
  File "C:\Users\兔子\AppData\Local\Programs\Python\Python37\lib\unittest\case.py", line 832, in _baseAssertEqual
    raise self.failureException(msg)
AssertionError: 1004 != 0
2020-10-18 18:47:32,523 - [test_05add.py-->line:99] - ERROR: 测试用例--借款类型为空--测试通过
2020-10-18 18:47:33,634 - [test_05add.py-->line:99] - ERROR: 测试用例--借款类型非1、2--测试通过
2020-10-18 18:47:34,947 - [test_05add.py-->line:99] - ERROR: 测试用例--竞标天数为空--测试通过
2020-10-18 18:47:36,221 - [test_05add.py-->line:99] - ERROR: 测试用例--竞标天数大于10天--测试通过
2020-10-18 18:47:37,575 - [test_05add.py-->line:99] - ERROR: 测试用例--竞标天数为负数--测试通过
2020-10-18 18:47:38,574 - [test_05add.py-->line:99] - ERROR: 测试用例--竞标天数为小数--测试通过
2020-10-18 18:47:40,087 - [test_06audit.py-->line:139] - ERROR: 测试用例--审核通过--测试通过
2020-10-18 18:47:41,528 - [test_06audit.py-->line:139] - ERROR: 测试用例--审核不通过--测试通过
2020-10-18 18:47:43,055 - [test_06audit.py-->line:139] - ERROR: 测试用例--项目不在审核状态--测试通过
2020-10-18 18:47:44,691 - [test_06audit.py-->line:139] - ERROR: 测试用例--标id为空--测试通过
2020-10-18 18:47:46,058 - [test_06audit.py-->line:139] - ERROR: 测试用例--审核状态为空--测试通过
2020-10-18 18:47:47,651 - [test_06audit.py-->line:139] - ERROR: 测试用例--标id不存在--测试通过
2020-10-18 18:47:49,252 - [test_06audit.py-->line:139] - ERROR: 测试用例--审核状态不存在--测试通过
2020-10-18 18:47:49,394 - [test_06audit.py-->line:131] - DEBUG: 预期结果：
2020-10-18 18:47:49,395 - [test_06audit.py-->line:132] - DEBUG: 实际结果：
2020-10-18 18:47:49,395 - [test_06audit.py-->line:133] - ERROR: 测试用例--普通用户审核--测试不通过
2020-10-18 18:47:49,396 - [test_06audit.py-->line:134] - ERROR: 0 != 2
Traceback (most recent call last):
  File "C:\Users\兔子\.jenkins\workspace\py27_test20201018\testcases\test_06audit.py", line 119, in test_audit
    self.assertEqual(res4['code'], expected['code'])
  File "C:\Users\兔子\AppData\Local\Programs\Python\Python37\lib\unittest\case.py", line 839, in assertEqual
    assertion_func(first, second, msg=msg)
  File "C:\Users\兔子\AppData\Local\Programs\Python\Python37\lib\unittest\case.py", line 832, in _baseAssertEqual
    raise self.failureException(msg)
AssertionError: 0 != 2
2020-10-18 18:47:52,698 - [test_07update.py-->line:78] - ERROR: 测试用例---正常更新-1位昵称---测试通过
2020-10-18 18:47:54,100 - [test_07update.py-->line:78] - ERROR: 测试用例---正常更新-10位昵称---测试通过
2020-10-18 18:47:55,306 - [test_07update.py-->line:78] - ERROR: 测试用例---昵称为空---测试通过
2020-10-18 18:47:56,615 - [test_07update.py-->line:78] - ERROR: 测试用例---昵称为空格---测试通过
2020-10-18 18:47:58,047 - [test_07update.py-->line:78] - ERROR: 测试用例---会员id为空---测试通过
2020-10-18 18:47:59,492 - [test_07update.py-->line:78] - ERROR: 测试用例---昵称11位---测试通过
2020-10-18 18:48:01,573 - [test_08invest.py-->line:127] - INFO: 用例--借款人登录--执行通过
2020-10-18 18:48:03,452 - [test_08invest.py-->line:127] - INFO: 用例--借款人加标--执行通过
2020-10-18 18:48:04,964 - [test_08invest.py-->line:127] - INFO: 用例--管理员登录--执行通过
2020-10-18 18:48:06,454 - [test_08invest.py-->line:127] - INFO: 用例--审核通过--执行通过
2020-10-18 18:48:08,450 - [test_08invest.py-->line:127] - INFO: 用例--投资人登录--执行通过
2020-10-18 18:48:09,775 - [test_08invest.py-->line:127] - INFO: 用例--投资人充值500000元--执行通过
2020-10-18 18:48:11,594 - [test_08invest.py-->line:127] - INFO: 用例--投资人投资100--执行通过
2020-10-18 18:48:12,702 - [test_08invest.py-->line:127] - INFO: 用例--不输入用户Id--执行通过
2020-10-18 18:48:13,800 - [test_08invest.py-->line:127] - INFO: 用例--不输入标id--执行通过
2020-10-18 18:48:15,081 - [test_08invest.py-->line:119] - ERROR: 用例--不输入投资金额--执行未通过
2020-10-18 18:48:15,085 - [test_08invest.py-->line:120] - ERROR: '余额为空' != '金额为空'
- 余额为空
? ^
+ 金额为空
? ^
Traceback (most recent call last):
  File "C:\Users\兔子\.jenkins\workspace\py27_test20201018\testcases\test_08invest.py", line 98, in test_invest
    self.assertEqual(res['msg'],expected['msg'])
  File "C:\Users\兔子\AppData\Local\Programs\Python\Python37\lib\unittest\case.py", line 839, in assertEqual
    assertion_func(first, second, msg=msg)
  File "C:\Users\兔子\AppData\Local\Programs\Python\Python37\lib\unittest\case.py", line 1220, in assertMultiLineEqual
    self.fail(self._formatMessage(msg, standardMsg))
  File "C:\Users\兔子\AppData\Local\Programs\Python\Python37\lib\unittest\case.py", line 680, in fail
    raise self.failureException(msg)
AssertionError: '余额为空' != '金额为空'
- 余额为空
? ^
+ 金额为空
? ^

2020-10-18 18:48:15,094 - [test_08invest.py-->line:121] - DEBUG: 预期结果:{'code': 1, 'msg': '金额为空'}
2020-10-18 18:48:15,095 - [test_08invest.py-->line:122] - DEBUG: 实际结果:{'code': 1, 'msg': '余额为空', 'data': None, 'copyright': 'Copyright 柠檬班 © 2017-2020 湖南省零檬信息技术有限公司 All Rights Reserved'}
2020-10-18 18:48:16,681 - [test_08invest.py-->line:127] - INFO: 用例--投资金额为0--执行通过
2020-10-18 18:48:18,303 - [test_08invest.py-->line:127] - INFO: 用例--投资金额负数--执行通过
2020-10-18 18:48:19,494 - [test_08invest.py-->line:127] - INFO: 用例--投资金额非100整除--执行通过
2020-10-18 18:48:20,821 - [test_08invest.py-->line:127] - INFO: 用例--投资金额大于可投金额--执行通过
2020-10-18 18:48:22,726 - [test_08invest.py-->line:127] - INFO: 用例--满标--执行通过
2020-10-18 18:48:31,083 - [test_10loans.py-->line:47] - ERROR: __测试案例每页索引输入0__测试不通过_
2020-10-18 18:48:31,084 - [test_10loans.py-->line:48] - ERROR: 0 != 2
Traceback (most recent call last):
  File "C:\Users\兔子\.jenkins\workspace\py27_test20201018\testcases\test_10loans.py", line 42, in test_loans
    self.assertEqual(res['code'], expected['code'])
  File "C:\Users\兔子\AppData\Local\Programs\Python\Python37\lib\unittest\case.py", line 839, in assertEqual
    assertion_func(first, second, msg=msg)
  File "C:\Users\兔子\AppData\Local\Programs\Python\Python37\lib\unittest\case.py", line 832, in _baseAssertEqual
    raise self.failureException(msg)
AssertionError: 0 != 2
2020-10-18 18:48:32,526 - [test_10loans.py-->line:50] - DEBUG: 实际结果：
2020-10-18 18:48:32,527 - [test_10loans.py-->line:51] - DEBUG: 预期结果：
2020-10-18 18:48:32,596 - [test_10loans.py-->line:47] - ERROR: __测试案例每页索引输入负数__测试不通过_
2020-10-18 18:48:32,596 - [test_10loans.py-->line:48] - ERROR: 0 != 2
Traceback (most recent call last):
  File "C:\Users\兔子\.jenkins\workspace\py27_test20201018\testcases\test_10loans.py", line 42, in test_loans
    self.assertEqual(res['code'], expected['code'])
  File "C:\Users\兔子\AppData\Local\Programs\Python\Python37\lib\unittest\case.py", line 839, in assertEqual
    assertion_func(first, second, msg=msg)
  File "C:\Users\兔子\AppData\Local\Programs\Python\Python37\lib\unittest\case.py", line 832, in _baseAssertEqual
    raise self.failureException(msg)
AssertionError: 0 != 2
2020-10-18 18:48:33,967 - [test_10loans.py-->line:50] - DEBUG: 实际结果：
2020-10-18 18:48:33,968 - [test_10loans.py-->line:51] - DEBUG: 预期结果：
2020-10-18 18:48:34,047 - [test_10loans.py-->line:47] - ERROR: __测试案例每页索引输入小数__测试不通过_
2020-10-18 18:48:34,047 - [test_10loans.py-->line:48] - ERROR: 'Fail[24 chars]ype \'java.lang.String\' to required type \'ja[91 chars]1.1"' != 'Fail[24 chars]ype \\"java.lang.String\\" to required type \\[95 chars]1.1"'
- Failed to convert value of type 'java.lang.String' to required type 'java.lang.Integer'; nested exception is java.lang.NumberFormatException: For input string: "1.1"
?                                 ^                ^                  ^                 ^
+ Failed to convert value of type \"java.lang.String\" to required type \"java.lang.Integer\"; nested exception is java.lang.NumberFormatException: For input string: "1.1"
?                                 ^^                ^^                  ^^                 ^^
Traceback (most recent call last):
  File "C:\Users\兔子\.jenkins\workspace\py27_test20201018\testcases\test_10loans.py", line 43, in test_loans
    self.assertEqual(res['msg'], expected['msg'])
  File "C:\Users\兔子\AppData\Local\Programs\Python\Python37\lib\unittest\case.py", line 839, in assertEqual
    assertion_func(first, second, msg=msg)
  File "C:\Users\兔子\AppData\Local\Programs\Python\Python37\lib\unittest\case.py", line 1220, in assertMultiLineEqual
    self.fail(self._formatMessage(msg, standardMsg))
  File "C:\Users\兔子\AppData\Local\Programs\Python\Python37\lib\unittest\case.py", line 680, in fail
    raise self.failureException(msg)
AssertionError: 'Fail[24 chars]ype \'java.lang.String\' to required type \'ja[91 chars]1.1"' != 'Fail[24 chars]ype \\"java.lang.String\\" to required type \\[95 chars]1.1"'
- Failed to convert value of type 'java.lang.String' to required type 'java.lang.Integer'; nested exception is java.lang.NumberFormatException: For input string: "1.1"
?                                 ^                ^                  ^                 ^
+ Failed to convert value of type \"java.lang.String\" to required type \"java.lang.Integer\"; nested exception is java.lang.NumberFormatException: For input string: "1.1"
?                                 ^^                ^^                  ^^                 ^^

2020-10-18 18:48:35,163 - [test_10loans.py-->line:50] - DEBUG: 实际结果：
2020-10-18 18:48:35,164 - [test_10loans.py-->line:51] - DEBUG: 预期结果：
2020-10-18 18:48:35,248 - [test_10loans.py-->line:47] - ERROR: __测试案例每页大小输入小数__测试不通过_
2020-10-18 18:48:35,249 - [test_10loans.py-->line:48] - ERROR: 'Fail[23 chars]type \'java.lang.String\' to required type \'j[92 chars]1.0"' != 'Fail[23 chars]type "java.lang.String" to required type "java[88 chars]1.0"'
- Failed to convert value of type 'java.lang.String' to required type 'java.lang.Integer'; nested exception is java.lang.NumberFormatException: For input string: "1.0"
?                                 ^                ^                  ^                 ^
+ Failed to convert value of type "java.lang.String" to required type "java.lang.Integer"; nested exception is java.lang.NumberFormatException: For input string: "1.0"
?                                 ^                ^                  ^                 ^
Traceback (most recent call last):
  File "C:\Users\兔子\.jenkins\workspace\py27_test20201018\testcases\test_10loans.py", line 43, in test_loans
    self.assertEqual(res['msg'], expected['msg'])
  File "C:\Users\兔子\AppData\Local\Programs\Python\Python37\lib\unittest\case.py", line 839, in assertEqual
    assertion_func(first, second, msg=msg)
  File "C:\Users\兔子\AppData\Local\Programs\Python\Python37\lib\unittest\case.py", line 1220, in assertMultiLineEqual
    self.fail(self._formatMessage(msg, standardMsg))
  File "C:\Users\兔子\AppData\Local\Programs\Python\Python37\lib\unittest\case.py", line 680, in fail
    raise self.failureException(msg)
AssertionError: 'Fail[23 chars]type \'java.lang.String\' to required type \'j[92 chars]1.0"' != 'Fail[23 chars]type "java.lang.String" to required type "java[88 chars]1.0"'
- Failed to convert value of type 'java.lang.String' to required type 'java.lang.Integer'; nested exception is java.lang.NumberFormatException: For input string: "1.0"
?                                 ^                ^                  ^                 ^
+ Failed to convert value of type "java.lang.String" to required type "java.lang.Integer"; nested exception is java.lang.NumberFormatException: For input string: "1.0"
?                                 ^                ^                  ^                 ^

2020-10-18 18:48:36,514 - [test_10loans.py-->line:50] - DEBUG: 实际结果：
2020-10-18 18:48:36,514 - [test_10loans.py-->line:51] - DEBUG: 预期结果：
2020-10-18 18:48:38,332 - [test_11main.py-->line:88] - ERROR: 测试用例--普通用户注册--测试通过
2020-10-18 18:48:40,125 - [test_11main.py-->line:88] - ERROR: 测试用例--普通用户登录--测试通过
2020-10-18 18:48:41,601 - [test_11main.py-->line:88] - ERROR: 测试用例--普通用户加标--测试通过
2020-10-18 18:48:43,369 - [test_11main.py-->line:88] - ERROR: 测试用例--管理员注册--测试通过
2020-10-18 18:48:44,910 - [test_11main.py-->line:88] - ERROR: 测试用例--管理员登录--测试通过
2020-10-18 18:48:46,932 - [test_11main.py-->line:88] - ERROR: 测试用例--管理员审核通过--测试通过
2020-10-18 18:48:50,857 - [test_11main.py-->line:88] - ERROR: 测试用例--投资人注册--测试通过
2020-10-18 18:48:53,736 - [test_11main.py-->line:88] - ERROR: 测试用例--投资人登录--测试通过
2020-10-18 18:48:56,452 - [test_11main.py-->line:88] - ERROR: 测试用例--获取投资人信息--测试通过
2020-10-18 18:48:58,298 - [test_11main.py-->line:88] - ERROR: 测试用例--更改昵称--测试通过
2020-10-18 18:48:59,904 - [test_11main.py-->line:88] - ERROR: 测试用例--充值--测试通过
2020-10-18 18:49:01,915 - [test_11main.py-->line:88] - ERROR: 测试用例--投资人投资100--测试通过
2020-10-18 18:49:03,491 - [test_11main.py-->line:88] - ERROR: 测试用例--提现--测试通过
2020-10-18 18:49:04,904 - [test_11main.py-->line:88] - ERROR: 测试用例--获取项目列表--测试通过
2020-10-18 18:49:04,926 - [run_test.py-->line:39] - INFO: -------测试执行结束--------
